        -:    0:Source:<REDACTED_LOCAL_PATH>/casos/aws-carddemo-cycle-v1/P3/official-campaign-large12k-run-v2/p2b-preparation/isolated-cycle/aws-carddemo-cycle-v1/P2b/build/CBTRN03C.c
        -:    0:Graph:<REDACTED_LOCAL_PATH>/casos/aws-carddemo-cycle-v1/P3/official-campaign-large12k-run-v2/p2b-preparation/isolated-cycle/aws-carddemo-cycle-v1/P2c-few-shot/runs/p2b-redirected/reporting-234d2eve/gcov/CBTRN03C.gcno
        -:    0:Data:<REDACTED_LOCAL_PATH>/casos/aws-carddemo-cycle-v1/P3/official-campaign-large12k-run-v2/p2b-preparation/isolated-cycle/aws-carddemo-cycle-v1/P2c-few-shot/runs/p2b-redirected/reporting-234d2eve/gcov/CBTRN03C.gcda
        -:    0:Runs:1
        -:    1:/* Generated by           cobc 3.2.0 */
        -:    2:/* Generated from         <REDACTED_LOCAL_PATH>/casos/aws-carddemo-cycle-v1/P3/official-campaign-large12k-run-v2/p2b-preparation/isolated-cycle/aws-carddemo-preparation/research-corpus/app/cbl/CBTRN03C.cbl */
        -:    3:/* Generated at           Sep 15 2026 17:01:13 */
        -:    4:/* GnuCOBOL build date    Jul 28 2023 18:42:18 */
        -:    5:/* GnuCOBOL package date  Jul 28 2023 17:02:56 UTC */
        -:    6:/* Compile command        cobc -std=ibm -fsign=ascii -I <REDACTED_LOCAL_PATH>/casos/aws-carddemo-cycle-v1/P3/official-campaign-large12k-run-v2/p2b-preparation/isolated-cycle/aws-carddemo-preparation/research-corpus/app/cpy -x -C -o <REDACTED_LOCAL_PATH>/casos/aws-carddemo-cycle-v1/P3/official-campaign-large12k-run-v2/p2b-preparation/isolated-cycle/aws-carddemo-cycle-v1/P2b/build/CBTRN03C.c <REDACTED_LOCAL_PATH>/casos/aws-carddemo-cycle-v1/P3/official-campaign-large12k-run-v2/p2b-preparation/isolated-cycle/aws-carddemo-preparation/research-corpus/app/cbl/CBTRN03C.cbl */
        -:    7:
        -:    8:#include <string.h> /* for memcpy, memcmp and friends */
        -:    9:#define  COB_KEYWORD_INLINE __inline
        -:   10:#include <gmp.h>
        -:   11:#include <libcob.h>
        -:   12:
        -:   13:#define  COB_SOURCE_FILE		"<REDACTED_LOCAL_PATH>/casos/aws-carddemo-cycle-v1/P3/official-campaign-large12k-run-v2/p2b-preparation/isolated-cycle/aws-carddemo-preparation/research-corpus/app/cbl/CBTRN03C.cbl"
        -:   14:#define  COB_PACKAGE_VERSION		"3.2"
        -:   15:#define  COB_PATCH_LEVEL		0
        -:   16:#define  COB_MODULE_FORMATTED_DATE	"Sep 15 2026 17:01:13"
        -:   17:#define  COB_MODULE_DATE		20260915
        -:   18:#define  COB_MODULE_TIME		170113
        -:   19:
        -:   20:/* Global variables */
        -:   21:#include "CBTRN03C.c.h"
        -:   22:
        -:   23:/* Function prototypes */
        -:   24:
        -:   25:static int		CBTRN03C ();
        -:   26:static int		CBTRN03C_ (const int);
        -:   27:static void		CBTRN03C_module_init (cob_module *module);
        -:   28:
        -:   29:/* Main function */
        -:   30:int
function main called 1 returned 0% blocks executed 100%
        1:   31:main (int argc, char **argv)
        -:   32:{
        1:   33:  cob_init (argc, argv);
call    0 returned 1
        1:   34:  cob_stop_run (CBTRN03C ());
call    0 returned 1
        -:   35:}
        -:   36:
        -:   37:/* Functions */
        -:   38:
        -:   39:static void gc_module_so_init () __attribute__ ((constructor));
function gc_module_so_init called 1 returned 100% blocks executed 100%
        1:   40:static void gc_module_so_init ()
        -:   41:{
        1:   42:  cob_check_version (COB_SOURCE_FILE, COB_PACKAGE_VERSION, COB_PATCH_LEVEL);
call    0 returned 1
        1:   43:}
        -:   44:
        -:   45:/* PROGRAM-ID 'CBTRN03C' */
        -:   46:
        -:   47:/* ENTRY 'CBTRN03C' */
        -:   48:
        -:   49:static int
function CBTRN03C called 1 returned 100% blocks executed 100%
        1:   50:CBTRN03C ()
        -:   51:{
        1:   52:  return CBTRN03C_ (0);
call    0 returned 1
        -:   53:}
        -:   54:
        -:   55:static int
function CBTRN03C_ called 17 returned 12% blocks executed 39%
        2:   56:CBTRN03C_ (const int entry)
branch  0 taken 1 (fallthrough)
branch  1 taken 1
        -:   57:{
        -:   58:  /* Program local variables */
        -:   59:  #include "CBTRN03C.c.l.h"
        -:   60:
        -:   61:  /* Start of function code */
        -:   62:
        -:   63:  /* CANCEL callback */
        2:   64:  if (unlikely(entry < 0)) {
branch  0 taken 1 (fallthrough)
branch  1 taken 1
        1:   65:  	if (entry == -10)
branch  0 taken 0 (fallthrough)
branch  1 taken 1
    #####:   66:  		goto P_dump;
        1:   67:  	if (entry == -20)
branch  0 taken 1 (fallthrough)
branch  1 taken 0
        1:   68:  		goto P_clear_decimal;
    #####:   69:  	goto P_cancel;
        -:   70:  }
        -:   71:
        -:   72:  /* Check initialized, check module allocated, */
        -:   73:  /* set global pointer, */
        -:   74:  /* push module stack, save call parameter count */
        1:   75:  if (cob_module_global_enter (&module, &cob_glob_ptr, 0, entry, 0))
call    0 returned 1
branch  1 taken 0 (fallthrough)
branch  2 taken 1
    #####:   76:  	return -1;
        -:   77:
        -:   78:  /* Set address of module parameter list */
        1:   79:  module->cob_procedure_params = cob_procedure_params;
        -:   80:
        -:   81:  /* Set frame stack pointer */
        1:   82:  frame_ptr = frame_stack;
        1:   83:  frame_ptr->perform_through = 0;
        1:   84:  frame_ptr->return_address_ptr = &&P_cgerror;
        -:   85:
        -:   86:  /* Initialize rest of program */
        1:   87:  if (unlikely(initialized == 0)) {
branch  0 taken 1 (fallthrough)
branch  1 taken 0
        1:   88:  	goto P_initialize;
        -:   89:  }
    #####:   90:  P_ret_initialize:
        -:   91:
        -:   92:  /* Allocate decimal numbers */
        1:   93:  cob_decimal_alloc (2, &d_0, &d_1);
call    0 returned 1
        -:   94:
        -:   95:  /* Increment module active */
        1:   96:  module->module_active++;
        -:   97:
        -:   98:  /* Entry dispatch */
        1:   99:  goto l_2;
        -:  100:
        -:  101:  /* PROCEDURE DIVISION */
        -:  102:
        -:  103:  /* Line: 160       : Entry     CBTRN03C                : <REDACTED_LOCAL_PATH>/casos/aws-carddemo-cycle-v1/P3/official-campaign-large12k-run-v2/p2b-preparation/isolated-cycle/aws-carddemo-preparation/research-corpus/app/cbl/CBTRN03C.cbl */
        1:  104:  l_2:;
        -:  105:
        -:  106:  /* Line: 160       : DISPLAY            : <REDACTED_LOCAL_PATH>/casos/aws-carddemo-cycle-v1/P3/official-campaign-large12k-run-v2/p2b-preparation/isolated-cycle/aws-carddemo-preparation/research-corpus/app/cbl/CBTRN03C.cbl */
        1:  107:  cob_display (0, 1, 1, &c_1);
call    0 returned 1
        -:  108:
        -:  109:  /* Line: 161       : PERFORM            : <REDACTED_LOCAL_PATH>/casos/aws-carddemo-cycle-v1/P3/official-campaign-large12k-run-v2/p2b-preparation/isolated-cycle/aws-carddemo-preparation/research-corpus/app/cbl/CBTRN03C.cbl */
        -:  110:  /* PERFORM 0000-TRANFILE-OPEN */
        1:  111:  frame_ptr++;
        1:  112:  frame_ptr->perform_through = 17;
        1:  113:  frame_ptr->return_address_ptr = &&l_34;
        1:  114:  goto l_17;
        1:  115:  l_34:
        1:  116:  frame_ptr--;
        -:  117:
        -:  118:  /* Line: 162       : PERFORM            : <REDACTED_LOCAL_PATH>/casos/aws-carddemo-cycle-v1/P3/official-campaign-large12k-run-v2/p2b-preparation/isolated-cycle/aws-carddemo-preparation/research-corpus/app/cbl/CBTRN03C.cbl */
        -:  119:  /* PERFORM 0100-REPTFILE-OPEN */
        1:  120:  frame_ptr++;
        1:  121:  frame_ptr->perform_through = 18;
        1:  122:  frame_ptr->return_address_ptr = &&l_35;
        1:  123:  goto l_18;
        1:  124:  l_35:
        1:  125:  frame_ptr--;
        -:  126:
        -:  127:  /* Line: 163       : PERFORM            : <REDACTED_LOCAL_PATH>/casos/aws-carddemo-cycle-v1/P3/official-campaign-large12k-run-v2/p2b-preparation/isolated-cycle/aws-carddemo-preparation/research-corpus/app/cbl/CBTRN03C.cbl */
        -:  128:  /* PERFORM 0200-CARDXREF-OPEN */
        1:  129:  frame_ptr++;
        1:  130:  frame_ptr->perform_through = 19;
        1:  131:  frame_ptr->return_address_ptr = &&l_36;
        1:  132:  goto l_19;
        1:  133:  l_36:
        1:  134:  frame_ptr--;
        -:  135:
        -:  136:  /* Line: 164       : PERFORM            : <REDACTED_LOCAL_PATH>/casos/aws-carddemo-cycle-v1/P3/official-campaign-large12k-run-v2/p2b-preparation/isolated-cycle/aws-carddemo-preparation/research-corpus/app/cbl/CBTRN03C.cbl */
        -:  137:  /* PERFORM 0300-TRANTYPE-OPEN */
        1:  138:  frame_ptr++;
        1:  139:  frame_ptr->perform_through = 20;
        1:  140:  frame_ptr->return_address_ptr = &&l_37;
        1:  141:  goto l_20;
        1:  142:  l_37:
        1:  143:  frame_ptr--;
        -:  144:
        -:  145:  /* Line: 165       : PERFORM            : <REDACTED_LOCAL_PATH>/casos/aws-carddemo-cycle-v1/P3/official-campaign-large12k-run-v2/p2b-preparation/isolated-cycle/aws-carddemo-preparation/research-corpus/app/cbl/CBTRN03C.cbl */
        -:  146:  /* PERFORM 0400-TRANCATG-OPEN */
        1:  147:  frame_ptr++;
        1:  148:  frame_ptr->perform_through = 21;
        1:  149:  frame_ptr->return_address_ptr = &&l_38;
        1:  150:  goto l_21;
        1:  151:  l_38:
        1:  152:  frame_ptr--;
        -:  153:
        -:  154:  /* Line: 166       : PERFORM            : <REDACTED_LOCAL_PATH>/casos/aws-carddemo-cycle-v1/P3/official-campaign-large12k-run-v2/p2b-preparation/isolated-cycle/aws-carddemo-preparation/research-corpus/app/cbl/CBTRN03C.cbl */
        -:  155:  /* PERFORM 0500-DATEPARM-OPEN */
        1:  156:  frame_ptr++;
        1:  157:  frame_ptr->perform_through = 22;
        1:  158:  frame_ptr->return_address_ptr = &&l_39;
        1:  159:  goto l_22;
        1:  160:  l_39:
        1:  161:  frame_ptr--;
        -:  162:
        -:  163:  /* Line: 168       : PERFORM            : <REDACTED_LOCAL_PATH>/casos/aws-carddemo-cycle-v1/P3/official-campaign-large12k-run-v2/p2b-preparation/isolated-cycle/aws-carddemo-preparation/research-corpus/app/cbl/CBTRN03C.cbl */
        -:  164:  /* PERFORM 0550-DATEPARM-READ */
        1:  165:  frame_ptr++;
        1:  166:  frame_ptr->perform_through = 6;
        1:  167:  frame_ptr->return_address_ptr = &&l_40;
        1:  168:  goto l_6;
        1:  169:  l_40:
        1:  170:  frame_ptr--;
        -:  171:
        -:  172:  /* Line: 170       : PERFORM            : <REDACTED_LOCAL_PATH>/casos/aws-carddemo-cycle-v1/P3/official-campaign-large12k-run-v2/p2b-preparation/isolated-cycle/aws-carddemo-preparation/research-corpus/app/cbl/CBTRN03C.cbl */
        -:  173:  for (;;)
        -:  174:  {
        -:  175:    /* Line: 170       : UNTIL              : <REDACTED_LOCAL_PATH>/casos/aws-carddemo-cycle-v1/P3/official-campaign-large12k-run-v2/p2b-preparation/isolated-cycle/aws-carddemo-preparation/research-corpus/app/cbl/CBTRN03C.cbl */
        1:  176:    if (((int)(int)(*(b_159) - (unsigned char)'Y') == 0))
branch  0 taken 0 (fallthrough)
branch  1 taken 1
    #####:  177:      break;
        -:  178:
        -:  179:    /* Line: 171       : IF                 : <REDACTED_LOCAL_PATH>/casos/aws-carddemo-cycle-v1/P3/official-campaign-large12k-run-v2/p2b-preparation/isolated-cycle/aws-carddemo-preparation/research-corpus/app/cbl/CBTRN03C.cbl */
        1:  180:    if (((int)(int)(*(b_159) - (unsigned char)'N') == 0))
branch  0 taken 1 (fallthrough)
branch  1 taken 0
        -:  181:    {
        -:  182:
        -:  183:      /* Line: 172       : PERFORM            : <REDACTED_LOCAL_PATH>/casos/aws-carddemo-cycle-v1/P3/official-campaign-large12k-run-v2/p2b-preparation/isolated-cycle/aws-carddemo-preparation/research-corpus/app/cbl/CBTRN03C.cbl */
        -:  184:      /* PERFORM 1000-TRANFILE-GET-NEXT */
        1:  185:      frame_ptr++;
        1:  186:      frame_ptr->perform_through = 8;
        1:  187:      frame_ptr->return_address_ptr = &&l_41;
        1:  188:      goto l_8;
        1:  189:      l_41:
        1:  190:      frame_ptr--;
        -:  191:
        -:  192:      /* Line: 173       : IF                 : <REDACTED_LOCAL_PATH>/casos/aws-carddemo-cycle-v1/P3/official-campaign-large12k-run-v2/p2b-preparation/isolated-cycle/aws-carddemo-preparation/research-corpus/app/cbl/CBTRN03C.cbl */
       1*:  193:      if ((((int)memcmp (b_40 + 304 + 0LL, b_133, 10) >= 0) && 
branch  0 taken 0 (fallthrough)
branch  1 taken 1
    #####:  194:          ((int)memcmp (b_40 + 304 + 0LL, b_133 + 11, 10) <= 0)))
branch  0 never executed
branch  1 never executed
        -:  195:      {
        -:  196:
        -:  197:        /* Line: 175       : CONTINUE           : <REDACTED_LOCAL_PATH>/casos/aws-carddemo-cycle-v1/P3/official-campaign-large12k-run-v2/p2b-preparation/isolated-cycle/aws-carddemo-preparation/research-corpus/app/cbl/CBTRN03C.cbl */
        -:  198:        ;
        -:  199:      }
        -:  200:      else
        -:  201:      {
        -:  202:        /* ELSE */
        -:  203:
        -:  204:        /* Line: 177       : NEXT SENTENCE      : <REDACTED_LOCAL_PATH>/casos/aws-carddemo-cycle-v1/P3/official-campaign-large12k-run-v2/p2b-preparation/isolated-cycle/aws-carddemo-preparation/research-corpus/app/cbl/CBTRN03C.cbl */
        1:  205:        goto l_5;
        -:  206:      }
        -:  207:
        -:  208:      /* Line: 179       : IF                 : <REDACTED_LOCAL_PATH>/casos/aws-carddemo-cycle-v1/P3/official-campaign-large12k-run-v2/p2b-preparation/isolated-cycle/aws-carddemo-preparation/research-corpus/app/cbl/CBTRN03C.cbl */
    #####:  209:      if (((int)(int)(*(b_159) - (unsigned char)'N') == 0))
branch  0 never executed
branch  1 never executed
        -:  210:      {
        -:  211:
        -:  212:        /* Line: 180       : DISPLAY            : <REDACTED_LOCAL_PATH>/casos/aws-carddemo-cycle-v1/P3/official-campaign-large12k-run-v2/p2b-preparation/isolated-cycle/aws-carddemo-preparation/research-corpus/app/cbl/CBTRN03C.cbl */
    #####:  213:        cob_display (0, 1, 1, &f_40);
call    0 never executed
        -:  214:
        -:  215:        /* Line: 181       : IF                 : <REDACTED_LOCAL_PATH>/casos/aws-carddemo-cycle-v1/P3/official-campaign-large12k-run-v2/p2b-preparation/isolated-cycle/aws-carddemo-preparation/research-corpus/app/cbl/CBTRN03C.cbl */
    #####:  216:        if (((int)memcmp (b_137 + 174, b_40 + 262, 16) != 0))
branch  0 never executed
branch  1 never executed
        -:  217:        {
        -:  218:
        -:  219:          /* Line: 182       : IF                 : <REDACTED_LOCAL_PATH>/casos/aws-carddemo-cycle-v1/P3/official-campaign-large12k-run-v2/p2b-preparation/isolated-cycle/aws-carddemo-preparation/research-corpus/app/cbl/CBTRN03C.cbl */
    #####:  220:          if (((int)(int)(*(b_137) - (unsigned char)'N') == 0))
branch  0 never executed
branch  1 never executed
        -:  221:          {
        -:  222:
        -:  223:            /* Line: 183       : PERFORM            : <REDACTED_LOCAL_PATH>/casos/aws-carddemo-cycle-v1/P3/official-campaign-large12k-run-v2/p2b-preparation/isolated-cycle/aws-carddemo-preparation/research-corpus/app/cbl/CBTRN03C.cbl */
        -:  224:            /* PERFORM 1120-WRITE-ACCOUNT-TOTALS */
    #####:  225:            frame_ptr++;
    #####:  226:            frame_ptr->perform_through = 12;
    #####:  227:            frame_ptr->return_address_ptr = &&l_42;
    #####:  228:            goto l_12;
    #####:  229:            l_42:
    #####:  230:            frame_ptr--;
        -:  231:          }
        -:  232:
        -:  233:          /* Line: 185       : MOVE               : <REDACTED_LOCAL_PATH>/casos/aws-carddemo-cycle-v1/P3/official-campaign-large12k-run-v2/p2b-preparation/isolated-cycle/aws-carddemo-preparation/research-corpus/app/cbl/CBTRN03C.cbl */
    #####:  234:          cob_move_ibm (b_137 + 174, b_40 + 262, 16);
call    0 never executed
        -:  235:
        -:  236:          /* Line: 186       : MOVE               : <REDACTED_LOCAL_PATH>/casos/aws-carddemo-cycle-v1/P3/official-campaign-large12k-run-v2/p2b-preparation/isolated-cycle/aws-carddemo-preparation/research-corpus/app/cbl/CBTRN03C.cbl */
    #####:  237:          cob_move_ibm (b_25, b_40 + 262, 16);
call    0 never executed
        -:  238:
        -:  239:          /* Line: 187       : PERFORM            : <REDACTED_LOCAL_PATH>/casos/aws-carddemo-cycle-v1/P3/official-campaign-large12k-run-v2/p2b-preparation/isolated-cycle/aws-carddemo-preparation/research-corpus/app/cbl/CBTRN03C.cbl */
        -:  240:          /* PERFORM 1500-A-LOOKUP-XREF */
    #####:  241:          frame_ptr++;
    #####:  242:          frame_ptr->perform_through = 23;
    #####:  243:          frame_ptr->return_address_ptr = &&l_43;
    #####:  244:          goto l_23;
    #####:  245:          l_43:
    #####:  246:          frame_ptr--;
        -:  247:        }
        -:  248:
        -:  249:        /* Line: 189       : MOVE               : <REDACTED_LOCAL_PATH>/casos/aws-carddemo-cycle-v1/P3/official-campaign-large12k-run-v2/p2b-preparation/isolated-cycle/aws-carddemo-preparation/research-corpus/app/cbl/CBTRN03C.cbl */
    #####:  250:        cob_move_ibm (b_29, b_40 + 16, 2);
call    0 never executed
        -:  251:
        -:  252:        /* Line: 190       : PERFORM            : <REDACTED_LOCAL_PATH>/casos/aws-carddemo-cycle-v1/P3/official-campaign-large12k-run-v2/p2b-preparation/isolated-cycle/aws-carddemo-preparation/research-corpus/app/cbl/CBTRN03C.cbl */
        -:  253:        /* PERFORM 1500-B-LOOKUP-TRANTYPE */
    #####:  254:        frame_ptr++;
    #####:  255:        frame_ptr->perform_through = 24;
    #####:  256:        frame_ptr->return_address_ptr = &&l_44;
    #####:  257:        goto l_24;
    #####:  258:        l_44:
    #####:  259:        frame_ptr--;
        -:  260:
        -:  261:        /* Line: 191       : MOVE               : <REDACTED_LOCAL_PATH>/casos/aws-carddemo-cycle-v1/P3/official-campaign-large12k-run-v2/p2b-preparation/isolated-cycle/aws-carddemo-preparation/research-corpus/app/cbl/CBTRN03C.cbl */
    #####:  262:        cob_move_ibm (b_35, b_40 + 16, 2);
call    0 never executed
        -:  263:
        -:  264:        /* Line: 193       : MOVE               : <REDACTED_LOCAL_PATH>/casos/aws-carddemo-cycle-v1/P3/official-campaign-large12k-run-v2/p2b-preparation/isolated-cycle/aws-carddemo-preparation/research-corpus/app/cbl/CBTRN03C.cbl */
    #####:  265:        cob_move_ibm (b_35 + 2, b_40 + 18, 4);
call    0 never executed
        -:  266:
        -:  267:        /* Line: 195       : PERFORM            : <REDACTED_LOCAL_PATH>/casos/aws-carddemo-cycle-v1/P3/official-campaign-large12k-run-v2/p2b-preparation/isolated-cycle/aws-carddemo-preparation/research-corpus/app/cbl/CBTRN03C.cbl */
        -:  268:        /* PERFORM 1500-C-LOOKUP-TRANCATG */
    #####:  269:        frame_ptr++;
    #####:  270:        frame_ptr->perform_through = 25;
    #####:  271:        frame_ptr->return_address_ptr = &&l_45;
    #####:  272:        goto l_25;
    #####:  273:        l_45:
    #####:  274:        frame_ptr--;
        -:  275:
        -:  276:        /* Line: 196       : PERFORM            : <REDACTED_LOCAL_PATH>/casos/aws-carddemo-cycle-v1/P3/official-campaign-large12k-run-v2/p2b-preparation/isolated-cycle/aws-carddemo-preparation/research-corpus/app/cbl/CBTRN03C.cbl */
        -:  277:        /* PERFORM 1100-WRITE-TRANSACTION-REPORT */
    #####:  278:        frame_ptr++;
    #####:  279:        frame_ptr->perform_through = 10;
    #####:  280:        frame_ptr->return_address_ptr = &&l_46;
    #####:  281:        goto l_10;
    #####:  282:        l_46:
    #####:  283:        frame_ptr--;
        -:  284:      }
        -:  285:      else
        -:  286:      {
        -:  287:        /* ELSE */
        -:  288:
        -:  289:        /* Line: 198       : DISPLAY            : <REDACTED_LOCAL_PATH>/casos/aws-carddemo-cycle-v1/P3/official-campaign-large12k-run-v2/p2b-preparation/isolated-cycle/aws-carddemo-preparation/research-corpus/app/cbl/CBTRN03C.cbl */
    #####:  290:        cob_display (0, 1, 2, &c_2, &f_46);
call    0 never executed
        -:  291:
        -:  292:        /* Line: 199       : DISPLAY            : <REDACTED_LOCAL_PATH>/casos/aws-carddemo-cycle-v1/P3/official-campaign-large12k-run-v2/p2b-preparation/isolated-cycle/aws-carddemo-preparation/research-corpus/app/cbl/CBTRN03C.cbl */
    #####:  293:        cob_display (0, 1, 2, &c_3, &f_142);
call    0 never executed
        -:  294:
        -:  295:        /* Line: 200       : ADD                : <REDACTED_LOCAL_PATH>/casos/aws-carddemo-cycle-v1/P3/official-campaign-large12k-run-v2/p2b-preparation/isolated-cycle/aws-carddemo-preparation/research-corpus/app/cbl/CBTRN03C.cbl */
    #####:  296:        cob_add (&f_142, &f_46, 0);
call    0 never executed
    #####:  297:        cob_add (&f_143, &f_46, 0);
call    0 never executed
        -:  298:
        -:  299:        /* Line: 202       : PERFORM            : <REDACTED_LOCAL_PATH>/casos/aws-carddemo-cycle-v1/P3/official-campaign-large12k-run-v2/p2b-preparation/isolated-cycle/aws-carddemo-preparation/research-corpus/app/cbl/CBTRN03C.cbl */
        -:  300:        /* PERFORM 1110-WRITE-PAGE-TOTALS */
    #####:  301:        frame_ptr++;
    #####:  302:        frame_ptr->perform_through = 11;
    #####:  303:        frame_ptr->return_address_ptr = &&l_47;
    #####:  304:        goto l_11;
    #####:  305:        l_47:
    #####:  306:        frame_ptr--;
        -:  307:
        -:  308:        /* Line: 203       : PERFORM            : <REDACTED_LOCAL_PATH>/casos/aws-carddemo-cycle-v1/P3/official-campaign-large12k-run-v2/p2b-preparation/isolated-cycle/aws-carddemo-preparation/research-corpus/app/cbl/CBTRN03C.cbl */
        -:  309:        /* PERFORM 1110-WRITE-GRAND-TOTALS */
    #####:  310:        frame_ptr++;
    #####:  311:        frame_ptr->perform_through = 13;
    #####:  312:        frame_ptr->return_address_ptr = &&l_48;
    #####:  313:        goto l_13;
    #####:  314:        l_48:
    #####:  315:        frame_ptr--;
        -:  316:      }
        -:  317:    }
        -:  318:  }
        -:  319:
        -:  320:  /* Implicit NEXT SENTENCE label */
        1:  321:  l_5:;
        -:  322:
        -:  323:  /* Line: 208       : PERFORM            : <REDACTED_LOCAL_PATH>/casos/aws-carddemo-cycle-v1/P3/official-campaign-large12k-run-v2/p2b-preparation/isolated-cycle/aws-carddemo-preparation/research-corpus/app/cbl/CBTRN03C.cbl */
        -:  324:  /* PERFORM 9000-TRANFILE-CLOSE */
        1:  325:  frame_ptr++;
        1:  326:  frame_ptr->perform_through = 26;
        1:  327:  frame_ptr->return_address_ptr = &&l_49;
        1:  328:  goto l_26;
        1:  329:  l_49:
        1:  330:  frame_ptr--;
        -:  331:
        -:  332:  /* Line: 209       : PERFORM            : <REDACTED_LOCAL_PATH>/casos/aws-carddemo-cycle-v1/P3/official-campaign-large12k-run-v2/p2b-preparation/isolated-cycle/aws-carddemo-preparation/research-corpus/app/cbl/CBTRN03C.cbl */
        -:  333:  /* PERFORM 9100-REPTFILE-CLOSE */
        1:  334:  frame_ptr++;
        1:  335:  frame_ptr->perform_through = 27;
        1:  336:  frame_ptr->return_address_ptr = &&l_50;
        1:  337:  goto l_27;
        1:  338:  l_50:
        1:  339:  frame_ptr--;
        -:  340:
        -:  341:  /* Line: 210       : PERFORM            : <REDACTED_LOCAL_PATH>/casos/aws-carddemo-cycle-v1/P3/official-campaign-large12k-run-v2/p2b-preparation/isolated-cycle/aws-carddemo-preparation/research-corpus/app/cbl/CBTRN03C.cbl */
        -:  342:  /* PERFORM 9200-CARDXREF-CLOSE */
        1:  343:  frame_ptr++;
        1:  344:  frame_ptr->perform_through = 28;
        1:  345:  frame_ptr->return_address_ptr = &&l_51;
        1:  346:  goto l_28;
        1:  347:  l_51:
        1:  348:  frame_ptr--;
        -:  349:
        -:  350:  /* Line: 211       : PERFORM            : <REDACTED_LOCAL_PATH>/casos/aws-carddemo-cycle-v1/P3/official-campaign-large12k-run-v2/p2b-preparation/isolated-cycle/aws-carddemo-preparation/research-corpus/app/cbl/CBTRN03C.cbl */
        -:  351:  /* PERFORM 9300-TRANTYPE-CLOSE */
        1:  352:  frame_ptr++;
        1:  353:  frame_ptr->perform_through = 29;
        1:  354:  frame_ptr->return_address_ptr = &&l_52;
        1:  355:  goto l_29;
        1:  356:  l_52:
        1:  357:  frame_ptr--;
        -:  358:
        -:  359:  /* Line: 212       : PERFORM            : <REDACTED_LOCAL_PATH>/casos/aws-carddemo-cycle-v1/P3/official-campaign-large12k-run-v2/p2b-preparation/isolated-cycle/aws-carddemo-preparation/research-corpus/app/cbl/CBTRN03C.cbl */
        -:  360:  /* PERFORM 9400-TRANCATG-CLOSE */
        1:  361:  frame_ptr++;
        1:  362:  frame_ptr->perform_through = 30;
        1:  363:  frame_ptr->return_address_ptr = &&l_53;
        1:  364:  goto l_30;
        1:  365:  l_53:
        1:  366:  frame_ptr--;
        -:  367:
        -:  368:  /* Line: 213       : PERFORM            : <REDACTED_LOCAL_PATH>/casos/aws-carddemo-cycle-v1/P3/official-campaign-large12k-run-v2/p2b-preparation/isolated-cycle/aws-carddemo-preparation/research-corpus/app/cbl/CBTRN03C.cbl */
        -:  369:  /* PERFORM 9500-DATEPARM-CLOSE */
        1:  370:  frame_ptr++;
        1:  371:  frame_ptr->perform_through = 31;
        1:  372:  frame_ptr->return_address_ptr = &&l_54;
        1:  373:  goto l_31;
        1:  374:  l_54:
        1:  375:  frame_ptr--;
        -:  376:
        -:  377:  /* Line: 215       : DISPLAY            : <REDACTED_LOCAL_PATH>/casos/aws-carddemo-cycle-v1/P3/official-campaign-large12k-run-v2/p2b-preparation/isolated-cycle/aws-carddemo-preparation/research-corpus/app/cbl/CBTRN03C.cbl */
        1:  378:  cob_display (0, 1, 1, &c_4);
call    0 returned 1
        -:  379:
        -:  380:  /* Line: 217       : GOBACK             : <REDACTED_LOCAL_PATH>/casos/aws-carddemo-cycle-v1/P3/official-campaign-large12k-run-v2/p2b-preparation/isolated-cycle/aws-carddemo-preparation/research-corpus/app/cbl/CBTRN03C.cbl */
        1:  381:  goto exit_program;
        -:  382:
        -:  383:  /* Line: 220       : Paragraph 0550-DATEPARM-READ      : <REDACTED_LOCAL_PATH>/casos/aws-carddemo-cycle-v1/P3/official-campaign-large12k-run-v2/p2b-preparation/isolated-cycle/aws-carddemo-preparation/research-corpus/app/cbl/CBTRN03C.cbl */
        1:  384:  l_6:;
        -:  385:
        -:  386:  /* Line: 221       : READ               : <REDACTED_LOCAL_PATH>/casos/aws-carddemo-cycle-v1/P3/official-campaign-large12k-run-v2/p2b-preparation/isolated-cycle/aws-carddemo-preparation/research-corpus/app/cbl/CBTRN03C.cbl */
        1:  387:  cob_read_next (h_DATE_PARMS_FILE, &f_130, 1);
call    0 returned 1
        1:  388:  if (unlikely(cob_glob_ptr->cob_exception_code != 0))
branch  0 taken 0 (fallthrough)
branch  1 taken 1
        -:  389:  {
        -:  390:    /* USE PROCEDURE Default Error Handler */
    #####:  391:    frame_ptr++;
    #####:  392:    frame_ptr->perform_through = 1;
    #####:  393:    frame_ptr->return_address_ptr = &&l_55;
    #####:  394:    goto l_1;
    #####:  395:    l_55:
    #####:  396:    frame_ptr--;
        -:  397:  }
        -:  398:  else
        -:  399:  {
        1:  400:    cob_move_ibm (b_133, b_39, 21);
call    0 returned 1
        -:  401:  }
        -:  402:
        -:  403:  /* Line: 222       : EVALUATE           : <REDACTED_LOCAL_PATH>/casos/aws-carddemo-cycle-v1/P3/official-campaign-large12k-run-v2/p2b-preparation/isolated-cycle/aws-carddemo-preparation/research-corpus/app/cbl/CBTRN03C.cbl */
        -:  404:
        -:  405:  /* Line: 223       : WHEN               : <REDACTED_LOCAL_PATH>/casos/aws-carddemo-cycle-v1/P3/official-campaign-large12k-run-v2/p2b-preparation/isolated-cycle/aws-carddemo-preparation/research-corpus/app/cbl/CBTRN03C.cbl */
        -:  406:
        1:  407:  if (((int)memcmp (b_130, (cob_u8_ptr)"00", 2) == 0))
branch  0 taken 1 (fallthrough)
branch  1 taken 0
        -:  408:  {
        -:  409:
        -:  410:    /* Line: 224       : MOVE               : <REDACTED_LOCAL_PATH>/casos/aws-carddemo-cycle-v1/P3/official-campaign-large12k-run-v2/p2b-preparation/isolated-cycle/aws-carddemo-preparation/research-corpus/app/cbl/CBTRN03C.cbl */
        1:  411:    memset (b_156, 0, 4);
        1:  412:    goto l_7;
        -:  413:  }
        -:  414:
        -:  415:  /* Line: 225       : WHEN               : <REDACTED_LOCAL_PATH>/casos/aws-carddemo-cycle-v1/P3/official-campaign-large12k-run-v2/p2b-preparation/isolated-cycle/aws-carddemo-preparation/research-corpus/app/cbl/CBTRN03C.cbl */
        -:  416:
    #####:  417:  if (((int)memcmp (b_130, (cob_u8_ptr)"10", 2) == 0))
branch  0 never executed
branch  1 never executed
        -:  418:  {
        -:  419:
        -:  420:    /* Line: 226       : MOVE               : <REDACTED_LOCAL_PATH>/casos/aws-carddemo-cycle-v1/P3/official-campaign-large12k-run-v2/p2b-preparation/isolated-cycle/aws-carddemo-preparation/research-corpus/app/cbl/CBTRN03C.cbl */
        -:  421:    cob_setswp_s32 (b_156, 16);
    #####:  422:    goto l_7;
        -:  423:  }
        -:  424:
        -:  425:  /* WHEN OTHER */
        -:  426:
        -:  427:  /* Line: 228       : MOVE               : <REDACTED_LOCAL_PATH>/casos/aws-carddemo-cycle-v1/P3/official-campaign-large12k-run-v2/p2b-preparation/isolated-cycle/aws-carddemo-preparation/research-corpus/app/cbl/CBTRN03C.cbl */
        -:  428:  cob_setswp_s32 (b_156, 12);
        -:  429:
        -:  430:  /* End EVALUATE */
        1:  431:  l_7:;
branch  0 taken 1 (fallthrough)
branch  1 taken 0
        -:  432:
        -:  433:  /* Line: 231       : IF                 : <REDACTED_LOCAL_PATH>/casos/aws-carddemo-cycle-v1/P3/official-campaign-large12k-run-v2/p2b-preparation/isolated-cycle/aws-carddemo-preparation/research-corpus/app/cbl/CBTRN03C.cbl */
        1:  434:  if (((int)cob_cmpswp_s32 (b_156, 0LL) == 0))
branch  0 taken 1 (fallthrough)
branch  1 taken 0
        -:  435:  {
        -:  436:
        -:  437:    /* Line: 232       : DISPLAY            : <REDACTED_LOCAL_PATH>/casos/aws-carddemo-cycle-v1/P3/official-campaign-large12k-run-v2/p2b-preparation/isolated-cycle/aws-carddemo-preparation/research-corpus/app/cbl/CBTRN03C.cbl */
        1:  438:    cob_display (0, 1, 4, &c_5, &f_134, &c_6, &f_136);
call    0 returned 1
        -:  439:  }
        -:  440:  else
        -:  441:  {
        -:  442:    /* ELSE */
        -:  443:
        -:  444:    /* Line: 235       : IF                 : <REDACTED_LOCAL_PATH>/casos/aws-carddemo-cycle-v1/P3/official-campaign-large12k-run-v2/p2b-preparation/isolated-cycle/aws-carddemo-preparation/research-corpus/app/cbl/CBTRN03C.cbl */
    #####:  445:    if (((int)cob_cmpswp_s32 (b_156, 16LL) == 0))
branch  0 never executed
branch  1 never executed
        -:  446:    {
        -:  447:
        -:  448:      /* Line: 236       : MOVE               : <REDACTED_LOCAL_PATH>/casos/aws-carddemo-cycle-v1/P3/official-campaign-large12k-run-v2/p2b-preparation/isolated-cycle/aws-carddemo-preparation/research-corpus/app/cbl/CBTRN03C.cbl */
    #####:  449:      *(b_159) = 89;
        -:  450:    }
        -:  451:    else
        -:  452:    {
        -:  453:      /* ELSE */
        -:  454:
        -:  455:      /* Line: 238       : DISPLAY            : <REDACTED_LOCAL_PATH>/casos/aws-carddemo-cycle-v1/P3/official-campaign-large12k-run-v2/p2b-preparation/isolated-cycle/aws-carddemo-preparation/research-corpus/app/cbl/CBTRN03C.cbl */
    #####:  456:      cob_display (0, 1, 1, &c_7);
call    0 never executed
        -:  457:
        -:  458:      /* Line: 239       : MOVE               : <REDACTED_LOCAL_PATH>/casos/aws-carddemo-cycle-v1/P3/official-campaign-large12k-run-v2/p2b-preparation/isolated-cycle/aws-carddemo-preparation/research-corpus/app/cbl/CBTRN03C.cbl */
    #####:  459:      cob_move_ibm (b_146, b_130, 2);
call    0 never executed
        -:  460:
        -:  461:      /* Line: 240       : PERFORM            : <REDACTED_LOCAL_PATH>/casos/aws-carddemo-cycle-v1/P3/official-campaign-large12k-run-v2/p2b-preparation/isolated-cycle/aws-carddemo-preparation/research-corpus/app/cbl/CBTRN03C.cbl */
        -:  462:      /* PERFORM 9910-DISPLAY-IO-STATUS */
    #####:  463:      frame_ptr++;
    #####:  464:      frame_ptr->perform_through = 33;
    #####:  465:      frame_ptr->return_address_ptr = &&l_56;
    #####:  466:      goto l_33;
    #####:  467:      l_56:
    #####:  468:      frame_ptr--;
        -:  469:
        -:  470:      /* Line: 241       : PERFORM            : <REDACTED_LOCAL_PATH>/casos/aws-carddemo-cycle-v1/P3/official-campaign-large12k-run-v2/p2b-preparation/isolated-cycle/aws-carddemo-preparation/research-corpus/app/cbl/CBTRN03C.cbl */
        -:  471:      /* PERFORM 9999-ABEND-PROGRAM */
    #####:  472:      frame_ptr++;
    #####:  473:      frame_ptr->perform_through = 32;
    #####:  474:      frame_ptr->return_address_ptr = &&l_57;
    #####:  475:      goto l_32;
    #####:  476:      l_57:
    #####:  477:      frame_ptr--;
        -:  478:    }
        -:  479:  }
        -:  480:
        -:  481:  /* Implicit PERFORM return */
       1*:  482:  for (temp_index = frame_ptr; temp_index->perform_through; temp_index--) {
branch  0 taken 1
branch  1 taken 0 (fallthrough)
        1:  483:    if (temp_index->perform_through == 6) {
branch  0 taken 1 (fallthrough)
branch  1 taken 0
        1:  484:      frame_ptr = temp_index;
        1:  485:      goto *frame_ptr->return_address_ptr;
        -:  486:    }
        -:  487:  }
        -:  488:
        -:  489:  /* Line: 248       : Paragraph 1000-TRANFILE-GET-NEXT  : <REDACTED_LOCAL_PATH>/casos/aws-carddemo-cycle-v1/P3/official-campaign-large12k-run-v2/p2b-preparation/isolated-cycle/aws-carddemo-preparation/research-corpus/app/cbl/CBTRN03C.cbl */
    #####:  490:  l_8:;
        -:  491:
        -:  492:  /* Line: 249       : READ               : <REDACTED_LOCAL_PATH>/casos/aws-carddemo-cycle-v1/P3/official-campaign-large12k-run-v2/p2b-preparation/isolated-cycle/aws-carddemo-preparation/research-corpus/app/cbl/CBTRN03C.cbl */
        1:  493:  cob_read_next (h_TRANSACT_FILE, &f_55, 1);
call    0 returned 1
        1:  494:  if (unlikely(cob_glob_ptr->cob_exception_code != 0))
branch  0 taken 1 (fallthrough)
branch  1 taken 0
        -:  495:  {
        -:  496:    /* USE PROCEDURE Default Error Handler */
        1:  497:    frame_ptr++;
        1:  498:    frame_ptr->perform_through = 1;
        1:  499:    frame_ptr->return_address_ptr = &&l_58;
        1:  500:    goto l_1;
        1:  501:    l_58:
        1:  502:    frame_ptr--;
        -:  503:  }
        -:  504:  else
        -:  505:  {
    #####:  506:    cob_move_ibm (b_40, b_21, 350);
call    0 never executed
        -:  507:  }
        -:  508:
        -:  509:  /* Line: 251       : EVALUATE           : <REDACTED_LOCAL_PATH>/casos/aws-carddemo-cycle-v1/P3/official-campaign-large12k-run-v2/p2b-preparation/isolated-cycle/aws-carddemo-preparation/research-corpus/app/cbl/CBTRN03C.cbl */
        -:  510:
        -:  511:  /* Line: 252       : WHEN               : <REDACTED_LOCAL_PATH>/casos/aws-carddemo-cycle-v1/P3/official-campaign-large12k-run-v2/p2b-preparation/isolated-cycle/aws-carddemo-preparation/research-corpus/app/cbl/CBTRN03C.cbl */
        -:  512:
        1:  513:  if (((int)memcmp (b_55, (cob_u8_ptr)"00", 2) == 0))
branch  0 taken 0 (fallthrough)
branch  1 taken 1
        -:  514:  {
        -:  515:
        -:  516:    /* Line: 253       : MOVE               : <REDACTED_LOCAL_PATH>/casos/aws-carddemo-cycle-v1/P3/official-campaign-large12k-run-v2/p2b-preparation/isolated-cycle/aws-carddemo-preparation/research-corpus/app/cbl/CBTRN03C.cbl */
    #####:  517:    memset (b_156, 0, 4);
    #####:  518:    goto l_9;
        -:  519:  }
        -:  520:
        -:  521:  /* Line: 254       : WHEN               : <REDACTED_LOCAL_PATH>/casos/aws-carddemo-cycle-v1/P3/official-campaign-large12k-run-v2/p2b-preparation/isolated-cycle/aws-carddemo-preparation/research-corpus/app/cbl/CBTRN03C.cbl */
        -:  522:
        1:  523:  if (((int)memcmp (b_55, (cob_u8_ptr)"10", 2) == 0))
branch  0 taken 1 (fallthrough)
branch  1 taken 0
        -:  524:  {
        -:  525:
        -:  526:    /* Line: 255       : MOVE               : <REDACTED_LOCAL_PATH>/casos/aws-carddemo-cycle-v1/P3/official-campaign-large12k-run-v2/p2b-preparation/isolated-cycle/aws-carddemo-preparation/research-corpus/app/cbl/CBTRN03C.cbl */
        -:  527:    cob_setswp_s32 (b_156, 16);
        1:  528:    goto l_9;
        -:  529:  }
        -:  530:
        -:  531:  /* WHEN OTHER */
        -:  532:
        -:  533:  /* Line: 257       : MOVE               : <REDACTED_LOCAL_PATH>/casos/aws-carddemo-cycle-v1/P3/official-campaign-large12k-run-v2/p2b-preparation/isolated-cycle/aws-carddemo-preparation/research-corpus/app/cbl/CBTRN03C.cbl */
        -:  534:  cob_setswp_s32 (b_156, 12);
        -:  535:
        -:  536:  /* End EVALUATE */
        1:  537:  l_9:;
branch  0 taken 1 (fallthrough)
branch  1 taken 0
        -:  538:
        -:  539:  /* Line: 260       : IF                 : <REDACTED_LOCAL_PATH>/casos/aws-carddemo-cycle-v1/P3/official-campaign-large12k-run-v2/p2b-preparation/isolated-cycle/aws-carddemo-preparation/research-corpus/app/cbl/CBTRN03C.cbl */
        1:  540:  if (((int)cob_cmpswp_s32 (b_156, 0LL) == 0))
branch  0 taken 1 (fallthrough)
branch  1 taken 0
        -:  541:  {
        -:  542:
        -:  543:    /* Line: 261       : CONTINUE           : <REDACTED_LOCAL_PATH>/casos/aws-carddemo-cycle-v1/P3/official-campaign-large12k-run-v2/p2b-preparation/isolated-cycle/aws-carddemo-preparation/research-corpus/app/cbl/CBTRN03C.cbl */
        -:  544:    ;
        -:  545:  }
        -:  546:  else
        -:  547:  {
        -:  548:    /* ELSE */
        -:  549:
        -:  550:    /* Line: 263       : IF                 : <REDACTED_LOCAL_PATH>/casos/aws-carddemo-cycle-v1/P3/official-campaign-large12k-run-v2/p2b-preparation/isolated-cycle/aws-carddemo-preparation/research-corpus/app/cbl/CBTRN03C.cbl */
        1:  551:    if (((int)cob_cmpswp_s32 (b_156, 16LL) == 0))
branch  0 taken 1 (fallthrough)
branch  1 taken 0
        -:  552:    {
        -:  553:
        -:  554:      /* Line: 264       : MOVE               : <REDACTED_LOCAL_PATH>/casos/aws-carddemo-cycle-v1/P3/official-campaign-large12k-run-v2/p2b-preparation/isolated-cycle/aws-carddemo-preparation/research-corpus/app/cbl/CBTRN03C.cbl */
        1:  555:      *(b_159) = 89;
        -:  556:    }
        -:  557:    else
        -:  558:    {
        -:  559:      /* ELSE */
        -:  560:
        -:  561:      /* Line: 266       : DISPLAY            : <REDACTED_LOCAL_PATH>/casos/aws-carddemo-cycle-v1/P3/official-campaign-large12k-run-v2/p2b-preparation/isolated-cycle/aws-carddemo-preparation/research-corpus/app/cbl/CBTRN03C.cbl */
    #####:  562:      cob_display (0, 1, 1, &c_8);
call    0 never executed
        -:  563:
        -:  564:      /* Line: 267       : MOVE               : <REDACTED_LOCAL_PATH>/casos/aws-carddemo-cycle-v1/P3/official-campaign-large12k-run-v2/p2b-preparation/isolated-cycle/aws-carddemo-preparation/research-corpus/app/cbl/CBTRN03C.cbl */
    #####:  565:      cob_move_ibm (b_146, b_55, 2);
call    0 never executed
        -:  566:
        -:  567:      /* Line: 268       : PERFORM            : <REDACTED_LOCAL_PATH>/casos/aws-carddemo-cycle-v1/P3/official-campaign-large12k-run-v2/p2b-preparation/isolated-cycle/aws-carddemo-preparation/research-corpus/app/cbl/CBTRN03C.cbl */
        -:  568:      /* PERFORM 9910-DISPLAY-IO-STATUS */
    #####:  569:      frame_ptr++;
    #####:  570:      frame_ptr->perform_through = 33;
    #####:  571:      frame_ptr->return_address_ptr = &&l_59;
    #####:  572:      goto l_33;
    #####:  573:      l_59:
    #####:  574:      frame_ptr--;
        -:  575:
        -:  576:      /* Line: 269       : PERFORM            : <REDACTED_LOCAL_PATH>/casos/aws-carddemo-cycle-v1/P3/official-campaign-large12k-run-v2/p2b-preparation/isolated-cycle/aws-carddemo-preparation/research-corpus/app/cbl/CBTRN03C.cbl */
        -:  577:      /* PERFORM 9999-ABEND-PROGRAM */
    #####:  578:      frame_ptr++;
    #####:  579:      frame_ptr->perform_through = 32;
    #####:  580:      frame_ptr->return_address_ptr = &&l_60;
    #####:  581:      goto l_32;
    #####:  582:      l_60:
    #####:  583:      frame_ptr--;
        -:  584:    }
        -:  585:  }
        -:  586:
        -:  587:  /* Line: 272       : EXIT               : <REDACTED_LOCAL_PATH>/casos/aws-carddemo-cycle-v1/P3/official-campaign-large12k-run-v2/p2b-preparation/isolated-cycle/aws-carddemo-preparation/research-corpus/app/cbl/CBTRN03C.cbl */
        -:  588:
        -:  589:  /* Implicit PERFORM return */
       1*:  590:  for (temp_index = frame_ptr; temp_index->perform_through; temp_index--) {
branch  0 taken 1
branch  1 taken 0 (fallthrough)
        1:  591:    if (temp_index->perform_through == 8) {
branch  0 taken 1 (fallthrough)
branch  1 taken 0
        1:  592:      frame_ptr = temp_index;
        1:  593:      goto *frame_ptr->return_address_ptr;
        -:  594:    }
        -:  595:  }
        -:  596:
        -:  597:  /* Line: 274       : Paragraph 1100-WRITE-TRANSACTION-REPORT: <REDACTED_LOCAL_PATH>/casos/aws-carddemo-cycle-v1/P3/official-campaign-large12k-run-v2/p2b-preparation/isolated-cycle/aws-carddemo-preparation/research-corpus/app/cbl/CBTRN03C.cbl */
    #####:  598:  l_10:;
        -:  599:
        -:  600:  /* Line: 275       : IF                 : <REDACTED_LOCAL_PATH>/casos/aws-carddemo-cycle-v1/P3/official-campaign-large12k-run-v2/p2b-preparation/isolated-cycle/aws-carddemo-preparation/research-corpus/app/cbl/CBTRN03C.cbl */
    #####:  601:  if (((int)(int)(*(b_137) - (unsigned char)'Y') == 0))
branch  0 never executed
branch  1 never executed
        -:  602:  {
        -:  603:
        -:  604:    /* Line: 276       : MOVE               : <REDACTED_LOCAL_PATH>/casos/aws-carddemo-cycle-v1/P3/official-campaign-large12k-run-v2/p2b-preparation/isolated-cycle/aws-carddemo-preparation/research-corpus/app/cbl/CBTRN03C.cbl */
    #####:  605:    *(b_137) = 78;
        -:  606:
        -:  607:    /* Line: 277       : MOVE               : <REDACTED_LOCAL_PATH>/casos/aws-carddemo-cycle-v1/P3/official-campaign-large12k-run-v2/p2b-preparation/isolated-cycle/aws-carddemo-preparation/research-corpus/app/cbl/CBTRN03C.cbl */
    #####:  608:    cob_move_ibm (b_82 + 91, b_133, 10);
call    0 never executed
        -:  609:
        -:  610:    /* Line: 278       : MOVE               : <REDACTED_LOCAL_PATH>/casos/aws-carddemo-cycle-v1/P3/official-campaign-large12k-run-v2/p2b-preparation/isolated-cycle/aws-carddemo-preparation/research-corpus/app/cbl/CBTRN03C.cbl */
    #####:  611:    cob_move_ibm (b_82 + 105, b_133 + 11, 10);
call    0 never executed
        -:  612:
        -:  613:    /* Line: 279       : PERFORM            : <REDACTED_LOCAL_PATH>/casos/aws-carddemo-cycle-v1/P3/official-campaign-large12k-run-v2/p2b-preparation/isolated-cycle/aws-carddemo-preparation/research-corpus/app/cbl/CBTRN03C.cbl */
        -:  614:    /* PERFORM 1120-WRITE-HEADERS */
    #####:  615:    frame_ptr++;
    #####:  616:    frame_ptr->perform_through = 14;
    #####:  617:    frame_ptr->return_address_ptr = &&l_61;
    #####:  618:    goto l_14;
    #####:  619:    l_61:
    #####:  620:    frame_ptr--;
        -:  621:  }
        -:  622:
        -:  623:  /* Line: 282       : IF                 : <REDACTED_LOCAL_PATH>/casos/aws-carddemo-cycle-v1/P3/official-campaign-large12k-run-v2/p2b-preparation/isolated-cycle/aws-carddemo-preparation/research-corpus/app/cbl/CBTRN03C.cbl */
    #####:  624:  if (((int)cob_cmp_llint (cob_intr_mod (&f_139, &f_140), 0LL) == 0))
call    0 never executed
call    1 never executed
branch  2 never executed
branch  3 never executed
        -:  625:  {
        -:  626:
        -:  627:    /* Line: 283       : PERFORM            : <REDACTED_LOCAL_PATH>/casos/aws-carddemo-cycle-v1/P3/official-campaign-large12k-run-v2/p2b-preparation/isolated-cycle/aws-carddemo-preparation/research-corpus/app/cbl/CBTRN03C.cbl */
        -:  628:    /* PERFORM 1110-WRITE-PAGE-TOTALS */
    #####:  629:    frame_ptr++;
    #####:  630:    frame_ptr->perform_through = 11;
    #####:  631:    frame_ptr->return_address_ptr = &&l_62;
    #####:  632:    goto l_11;
    #####:  633:    l_62:
    #####:  634:    frame_ptr--;
        -:  635:
        -:  636:    /* Line: 284       : PERFORM            : <REDACTED_LOCAL_PATH>/casos/aws-carddemo-cycle-v1/P3/official-campaign-large12k-run-v2/p2b-preparation/isolated-cycle/aws-carddemo-preparation/research-corpus/app/cbl/CBTRN03C.cbl */
        -:  637:    /* PERFORM 1120-WRITE-HEADERS */
    #####:  638:    frame_ptr++;
    #####:  639:    frame_ptr->perform_through = 14;
    #####:  640:    frame_ptr->return_address_ptr = &&l_63;
    #####:  641:    goto l_14;
    #####:  642:    l_63:
    #####:  643:    frame_ptr--;
        -:  644:  }
        -:  645:
        -:  646:  /* Line: 287       : ADD                : <REDACTED_LOCAL_PATH>/casos/aws-carddemo-cycle-v1/P3/official-campaign-large12k-run-v2/p2b-preparation/isolated-cycle/aws-carddemo-preparation/research-corpus/app/cbl/CBTRN03C.cbl */
    #####:  647:  cob_add (&f_142, &f_46, 0);
call    0 never executed
    #####:  648:  cob_add (&f_143, &f_46, 0);
call    0 never executed
        -:  649:
        -:  650:  /* Line: 289       : PERFORM            : <REDACTED_LOCAL_PATH>/casos/aws-carddemo-cycle-v1/P3/official-campaign-large12k-run-v2/p2b-preparation/isolated-cycle/aws-carddemo-preparation/research-corpus/app/cbl/CBTRN03C.cbl */
        -:  651:  /* PERFORM 1120-WRITE-DETAIL */
    #####:  652:  frame_ptr++;
    #####:  653:  frame_ptr->perform_through = 16;
    #####:  654:  frame_ptr->return_address_ptr = &&l_64;
    #####:  655:  goto l_16;
    #####:  656:  l_64:
    #####:  657:  frame_ptr--;
        -:  658:
        -:  659:  /* Line: 290       : EXIT               : <REDACTED_LOCAL_PATH>/casos/aws-carddemo-cycle-v1/P3/official-campaign-large12k-run-v2/p2b-preparation/isolated-cycle/aws-carddemo-preparation/research-corpus/app/cbl/CBTRN03C.cbl */
        -:  660:
        -:  661:  /* Implicit PERFORM return */
    #####:  662:  for (temp_index = frame_ptr; temp_index->perform_through; temp_index--) {
branch  0 never executed
branch  1 never executed
    #####:  663:    if (temp_index->perform_through == 10) {
branch  0 never executed
branch  1 never executed
    #####:  664:      frame_ptr = temp_index;
    #####:  665:      goto *frame_ptr->return_address_ptr;
        -:  666:    }
        -:  667:  }
        -:  668:
        -:  669:  /* Line: 293       : Paragraph 1110-WRITE-PAGE-TOTALS  : <REDACTED_LOCAL_PATH>/casos/aws-carddemo-cycle-v1/P3/official-campaign-large12k-run-v2/p2b-preparation/isolated-cycle/aws-carddemo-preparation/research-corpus/app/cbl/CBTRN03C.cbl */
    #####:  670:  l_11:;
        -:  671:
        -:  672:  /* Line: 294       : MOVE               : <REDACTED_LOCAL_PATH>/casos/aws-carddemo-cycle-v1/P3/official-campaign-large12k-run-v2/p2b-preparation/isolated-cycle/aws-carddemo-preparation/research-corpus/app/cbl/CBTRN03C.cbl */
    #####:  673:  cob_move (&f_142, &f_118);
call    0 never executed
        -:  674:
        -:  675:  /* Line: 295       : MOVE               : <REDACTED_LOCAL_PATH>/casos/aws-carddemo-cycle-v1/P3/official-campaign-large12k-run-v2/p2b-preparation/isolated-cycle/aws-carddemo-preparation/research-corpus/app/cbl/CBTRN03C.cbl */
    #####:  676:  cob_move (&f_115, &f_36);
call    0 never executed
        -:  677:
        -:  678:  /* Line: 296       : PERFORM            : <REDACTED_LOCAL_PATH>/casos/aws-carddemo-cycle-v1/P3/official-campaign-large12k-run-v2/p2b-preparation/isolated-cycle/aws-carddemo-preparation/research-corpus/app/cbl/CBTRN03C.cbl */
        -:  679:  /* PERFORM 1111-WRITE-REPORT-REC */
    #####:  680:  frame_ptr++;
    #####:  681:  frame_ptr->perform_through = 15;
    #####:  682:  frame_ptr->return_address_ptr = &&l_65;
    #####:  683:  goto l_15;
    #####:  684:  l_65:
    #####:  685:  frame_ptr--;
        -:  686:
        -:  687:  /* Line: 297       : ADD                : <REDACTED_LOCAL_PATH>/casos/aws-carddemo-cycle-v1/P3/official-campaign-large12k-run-v2/p2b-preparation/isolated-cycle/aws-carddemo-preparation/research-corpus/app/cbl/CBTRN03C.cbl */
    #####:  688:  cob_add (&f_144, &f_142, 0);
call    0 never executed
        -:  689:
        -:  690:  /* Line: 298       : MOVE               : <REDACTED_LOCAL_PATH>/casos/aws-carddemo-cycle-v1/P3/official-campaign-large12k-run-v2/p2b-preparation/isolated-cycle/aws-carddemo-preparation/research-corpus/app/cbl/CBTRN03C.cbl */
    #####:  691:  cob_move ((cob_field *)&c_9, &f_142);
call    0 never executed
        -:  692:
        -:  693:  /* Line: 299       : ADD                : <REDACTED_LOCAL_PATH>/casos/aws-carddemo-cycle-v1/P3/official-campaign-large12k-run-v2/p2b-preparation/isolated-cycle/aws-carddemo-preparation/research-corpus/app/cbl/CBTRN03C.cbl */
    #####:  694:  cob_add_packed_int (&f_139, 1);
call    0 never executed
        -:  695:
        -:  696:  /* Line: 300       : MOVE               : <REDACTED_LOCAL_PATH>/casos/aws-carddemo-cycle-v1/P3/official-campaign-large12k-run-v2/p2b-preparation/isolated-cycle/aws-carddemo-preparation/research-corpus/app/cbl/CBTRN03C.cbl */
    #####:  697:  cob_move_ibm (b_37, b_114, 133);
call    0 never executed
        -:  698:
        -:  699:  /* Line: 301       : PERFORM            : <REDACTED_LOCAL_PATH>/casos/aws-carddemo-cycle-v1/P3/official-campaign-large12k-run-v2/p2b-preparation/isolated-cycle/aws-carddemo-preparation/research-corpus/app/cbl/CBTRN03C.cbl */
        -:  700:  /* PERFORM 1111-WRITE-REPORT-REC */
    #####:  701:  frame_ptr++;
    #####:  702:  frame_ptr->perform_through = 15;
    #####:  703:  frame_ptr->return_address_ptr = &&l_66;
    #####:  704:  goto l_15;
    #####:  705:  l_66:
    #####:  706:  frame_ptr--;
        -:  707:
        -:  708:  /* Line: 302       : ADD                : <REDACTED_LOCAL_PATH>/casos/aws-carddemo-cycle-v1/P3/official-campaign-large12k-run-v2/p2b-preparation/isolated-cycle/aws-carddemo-preparation/research-corpus/app/cbl/CBTRN03C.cbl */
    #####:  709:  cob_add_packed_int (&f_139, 1);
call    0 never executed
        -:  710:
        -:  711:  /* Line: 304       : EXIT               : <REDACTED_LOCAL_PATH>/casos/aws-carddemo-cycle-v1/P3/official-campaign-large12k-run-v2/p2b-preparation/isolated-cycle/aws-carddemo-preparation/research-corpus/app/cbl/CBTRN03C.cbl */
        -:  712:
        -:  713:  /* Implicit PERFORM return */
    #####:  714:  for (temp_index = frame_ptr; temp_index->perform_through; temp_index--) {
branch  0 never executed
branch  1 never executed
    #####:  715:    if (temp_index->perform_through == 11) {
branch  0 never executed
branch  1 never executed
    #####:  716:      frame_ptr = temp_index;
    #####:  717:      goto *frame_ptr->return_address_ptr;
        -:  718:    }
        -:  719:  }
        -:  720:
        -:  721:  /* Line: 306       : Paragraph 1120-WRITE-ACCOUNT-TOTALS: <REDACTED_LOCAL_PATH>/casos/aws-carddemo-cycle-v1/P3/official-campaign-large12k-run-v2/p2b-preparation/isolated-cycle/aws-carddemo-preparation/research-corpus/app/cbl/CBTRN03C.cbl */
    #####:  722:  l_12:;
        -:  723:
        -:  724:  /* Line: 307       : MOVE               : <REDACTED_LOCAL_PATH>/casos/aws-carddemo-cycle-v1/P3/official-campaign-large12k-run-v2/p2b-preparation/isolated-cycle/aws-carddemo-preparation/research-corpus/app/cbl/CBTRN03C.cbl */
    #####:  725:  cob_move (&f_143, &f_122);
call    0 never executed
        -:  726:
        -:  727:  /* Line: 308       : MOVE               : <REDACTED_LOCAL_PATH>/casos/aws-carddemo-cycle-v1/P3/official-campaign-large12k-run-v2/p2b-preparation/isolated-cycle/aws-carddemo-preparation/research-corpus/app/cbl/CBTRN03C.cbl */
    #####:  728:  cob_move (&f_119, &f_36);
call    0 never executed
        -:  729:
        -:  730:  /* Line: 309       : PERFORM            : <REDACTED_LOCAL_PATH>/casos/aws-carddemo-cycle-v1/P3/official-campaign-large12k-run-v2/p2b-preparation/isolated-cycle/aws-carddemo-preparation/research-corpus/app/cbl/CBTRN03C.cbl */
        -:  731:  /* PERFORM 1111-WRITE-REPORT-REC */
    #####:  732:  frame_ptr++;
    #####:  733:  frame_ptr->perform_through = 15;
    #####:  734:  frame_ptr->return_address_ptr = &&l_67;
    #####:  735:  goto l_15;
    #####:  736:  l_67:
    #####:  737:  frame_ptr--;
        -:  738:
        -:  739:  /* Line: 310       : MOVE               : <REDACTED_LOCAL_PATH>/casos/aws-carddemo-cycle-v1/P3/official-campaign-large12k-run-v2/p2b-preparation/isolated-cycle/aws-carddemo-preparation/research-corpus/app/cbl/CBTRN03C.cbl */
    #####:  740:  cob_move ((cob_field *)&c_9, &f_143);
call    0 never executed
        -:  741:
        -:  742:  /* Line: 311       : ADD                : <REDACTED_LOCAL_PATH>/casos/aws-carddemo-cycle-v1/P3/official-campaign-large12k-run-v2/p2b-preparation/isolated-cycle/aws-carddemo-preparation/research-corpus/app/cbl/CBTRN03C.cbl */
    #####:  743:  cob_add_packed_int (&f_139, 1);
call    0 never executed
        -:  744:
        -:  745:  /* Line: 312       : MOVE               : <REDACTED_LOCAL_PATH>/casos/aws-carddemo-cycle-v1/P3/official-campaign-large12k-run-v2/p2b-preparation/isolated-cycle/aws-carddemo-preparation/research-corpus/app/cbl/CBTRN03C.cbl */
    #####:  746:  cob_move_ibm (b_37, b_114, 133);
call    0 never executed
        -:  747:
        -:  748:  /* Line: 313       : PERFORM            : <REDACTED_LOCAL_PATH>/casos/aws-carddemo-cycle-v1/P3/official-campaign-large12k-run-v2/p2b-preparation/isolated-cycle/aws-carddemo-preparation/research-corpus/app/cbl/CBTRN03C.cbl */
        -:  749:  /* PERFORM 1111-WRITE-REPORT-REC */
    #####:  750:  frame_ptr++;
    #####:  751:  frame_ptr->perform_through = 15;
    #####:  752:  frame_ptr->return_address_ptr = &&l_68;
    #####:  753:  goto l_15;
    #####:  754:  l_68:
    #####:  755:  frame_ptr--;
        -:  756:
        -:  757:  /* Line: 314       : ADD                : <REDACTED_LOCAL_PATH>/casos/aws-carddemo-cycle-v1/P3/official-campaign-large12k-run-v2/p2b-preparation/isolated-cycle/aws-carddemo-preparation/research-corpus/app/cbl/CBTRN03C.cbl */
    #####:  758:  cob_add_packed_int (&f_139, 1);
call    0 never executed
        -:  759:
        -:  760:  /* Line: 316       : EXIT               : <REDACTED_LOCAL_PATH>/casos/aws-carddemo-cycle-v1/P3/official-campaign-large12k-run-v2/p2b-preparation/isolated-cycle/aws-carddemo-preparation/research-corpus/app/cbl/CBTRN03C.cbl */
        -:  761:
        -:  762:  /* Implicit PERFORM return */
    #####:  763:  for (temp_index = frame_ptr; temp_index->perform_through; temp_index--) {
branch  0 never executed
branch  1 never executed
    #####:  764:    if (temp_index->perform_through == 12) {
branch  0 never executed
branch  1 never executed
    #####:  765:      frame_ptr = temp_index;
    #####:  766:      goto *frame_ptr->return_address_ptr;
        -:  767:    }
        -:  768:  }
        -:  769:
        -:  770:  /* Line: 318       : Paragraph 1110-WRITE-GRAND-TOTALS : <REDACTED_LOCAL_PATH>/casos/aws-carddemo-cycle-v1/P3/official-campaign-large12k-run-v2/p2b-preparation/isolated-cycle/aws-carddemo-preparation/research-corpus/app/cbl/CBTRN03C.cbl */
    #####:  771:  l_13:;
        -:  772:
        -:  773:  /* Line: 319       : MOVE               : <REDACTED_LOCAL_PATH>/casos/aws-carddemo-cycle-v1/P3/official-campaign-large12k-run-v2/p2b-preparation/isolated-cycle/aws-carddemo-preparation/research-corpus/app/cbl/CBTRN03C.cbl */
    #####:  774:  cob_move (&f_144, &f_126);
call    0 never executed
        -:  775:
        -:  776:  /* Line: 320       : MOVE               : <REDACTED_LOCAL_PATH>/casos/aws-carddemo-cycle-v1/P3/official-campaign-large12k-run-v2/p2b-preparation/isolated-cycle/aws-carddemo-preparation/research-corpus/app/cbl/CBTRN03C.cbl */
    #####:  777:  cob_move (&f_123, &f_36);
call    0 never executed
        -:  778:
        -:  779:  /* Line: 321       : PERFORM            : <REDACTED_LOCAL_PATH>/casos/aws-carddemo-cycle-v1/P3/official-campaign-large12k-run-v2/p2b-preparation/isolated-cycle/aws-carddemo-preparation/research-corpus/app/cbl/CBTRN03C.cbl */
        -:  780:  /* PERFORM 1111-WRITE-REPORT-REC */
    #####:  781:  frame_ptr++;
    #####:  782:  frame_ptr->perform_through = 15;
    #####:  783:  frame_ptr->return_address_ptr = &&l_69;
    #####:  784:  goto l_15;
    #####:  785:  l_69:
    #####:  786:  frame_ptr--;
        -:  787:
        -:  788:  /* Line: 322       : EXIT               : <REDACTED_LOCAL_PATH>/casos/aws-carddemo-cycle-v1/P3/official-campaign-large12k-run-v2/p2b-preparation/isolated-cycle/aws-carddemo-preparation/research-corpus/app/cbl/CBTRN03C.cbl */
        -:  789:
        -:  790:  /* Implicit PERFORM return */
    #####:  791:  for (temp_index = frame_ptr; temp_index->perform_through; temp_index--) {
branch  0 never executed
branch  1 never executed
    #####:  792:    if (temp_index->perform_through == 13) {
branch  0 never executed
branch  1 never executed
    #####:  793:      frame_ptr = temp_index;
    #####:  794:      goto *frame_ptr->return_address_ptr;
        -:  795:    }
        -:  796:  }
        -:  797:
        -:  798:  /* Line: 324       : Paragraph 1120-WRITE-HEADERS      : <REDACTED_LOCAL_PATH>/casos/aws-carddemo-cycle-v1/P3/official-campaign-large12k-run-v2/p2b-preparation/isolated-cycle/aws-carddemo-preparation/research-corpus/app/cbl/CBTRN03C.cbl */
    #####:  799:  l_14:;
        -:  800:
        -:  801:  /* Line: 325       : MOVE               : <REDACTED_LOCAL_PATH>/casos/aws-carddemo-cycle-v1/P3/official-campaign-large12k-run-v2/p2b-preparation/isolated-cycle/aws-carddemo-preparation/research-corpus/app/cbl/CBTRN03C.cbl */
    #####:  802:  cob_move (&f_82, &f_36);
call    0 never executed
        -:  803:
        -:  804:  /* Line: 326       : PERFORM            : <REDACTED_LOCAL_PATH>/casos/aws-carddemo-cycle-v1/P3/official-campaign-large12k-run-v2/p2b-preparation/isolated-cycle/aws-carddemo-preparation/research-corpus/app/cbl/CBTRN03C.cbl */
        -:  805:  /* PERFORM 1111-WRITE-REPORT-REC */
    #####:  806:  frame_ptr++;
    #####:  807:  frame_ptr->perform_through = 15;
    #####:  808:  frame_ptr->return_address_ptr = &&l_70;
    #####:  809:  goto l_15;
    #####:  810:  l_70:
    #####:  811:  frame_ptr--;
        -:  812:
        -:  813:  /* Line: 327       : ADD                : <REDACTED_LOCAL_PATH>/casos/aws-carddemo-cycle-v1/P3/official-campaign-large12k-run-v2/p2b-preparation/isolated-cycle/aws-carddemo-preparation/research-corpus/app/cbl/CBTRN03C.cbl */
    #####:  814:  cob_add_packed_int (&f_139, 1);
call    0 never executed
        -:  815:
        -:  816:  /* Line: 329       : MOVE               : <REDACTED_LOCAL_PATH>/casos/aws-carddemo-cycle-v1/P3/official-campaign-large12k-run-v2/p2b-preparation/isolated-cycle/aws-carddemo-preparation/research-corpus/app/cbl/CBTRN03C.cbl */
    #####:  817:  cob_move_ibm (b_37, b_137 + 8, 133);
call    0 never executed
        -:  818:
        -:  819:  /* Line: 330       : PERFORM            : <REDACTED_LOCAL_PATH>/casos/aws-carddemo-cycle-v1/P3/official-campaign-large12k-run-v2/p2b-preparation/isolated-cycle/aws-carddemo-preparation/research-corpus/app/cbl/CBTRN03C.cbl */
        -:  820:  /* PERFORM 1111-WRITE-REPORT-REC */
    #####:  821:  frame_ptr++;
    #####:  822:  frame_ptr->perform_through = 15;
    #####:  823:  frame_ptr->return_address_ptr = &&l_71;
    #####:  824:  goto l_15;
    #####:  825:  l_71:
    #####:  826:  frame_ptr--;
        -:  827:
        -:  828:  /* Line: 331       : ADD                : <REDACTED_LOCAL_PATH>/casos/aws-carddemo-cycle-v1/P3/official-campaign-large12k-run-v2/p2b-preparation/isolated-cycle/aws-carddemo-preparation/research-corpus/app/cbl/CBTRN03C.cbl */
    #####:  829:  cob_add_packed_int (&f_139, 1);
call    0 never executed
        -:  830:
        -:  831:  /* Line: 333       : MOVE               : <REDACTED_LOCAL_PATH>/casos/aws-carddemo-cycle-v1/P3/official-campaign-large12k-run-v2/p2b-preparation/isolated-cycle/aws-carddemo-preparation/research-corpus/app/cbl/CBTRN03C.cbl */
    #####:  832:  cob_move (&f_106, &f_36);
call    0 never executed
        -:  833:
        -:  834:  /* Line: 334       : PERFORM            : <REDACTED_LOCAL_PATH>/casos/aws-carddemo-cycle-v1/P3/official-campaign-large12k-run-v2/p2b-preparation/isolated-cycle/aws-carddemo-preparation/research-corpus/app/cbl/CBTRN03C.cbl */
        -:  835:  /* PERFORM 1111-WRITE-REPORT-REC */
    #####:  836:  frame_ptr++;
    #####:  837:  frame_ptr->perform_through = 15;
    #####:  838:  frame_ptr->return_address_ptr = &&l_72;
    #####:  839:  goto l_15;
    #####:  840:  l_72:
    #####:  841:  frame_ptr--;
        -:  842:
        -:  843:  /* Line: 335       : ADD                : <REDACTED_LOCAL_PATH>/casos/aws-carddemo-cycle-v1/P3/official-campaign-large12k-run-v2/p2b-preparation/isolated-cycle/aws-carddemo-preparation/research-corpus/app/cbl/CBTRN03C.cbl */
    #####:  844:  cob_add_packed_int (&f_139, 1);
call    0 never executed
        -:  845:
        -:  846:  /* Line: 337       : MOVE               : <REDACTED_LOCAL_PATH>/casos/aws-carddemo-cycle-v1/P3/official-campaign-large12k-run-v2/p2b-preparation/isolated-cycle/aws-carddemo-preparation/research-corpus/app/cbl/CBTRN03C.cbl */
    #####:  847:  cob_move_ibm (b_37, b_114, 133);
call    0 never executed
        -:  848:
        -:  849:  /* Line: 338       : PERFORM            : <REDACTED_LOCAL_PATH>/casos/aws-carddemo-cycle-v1/P3/official-campaign-large12k-run-v2/p2b-preparation/isolated-cycle/aws-carddemo-preparation/research-corpus/app/cbl/CBTRN03C.cbl */
        -:  850:  /* PERFORM 1111-WRITE-REPORT-REC */
    #####:  851:  frame_ptr++;
    #####:  852:  frame_ptr->perform_through = 15;
    #####:  853:  frame_ptr->return_address_ptr = &&l_73;
    #####:  854:  goto l_15;
    #####:  855:  l_73:
    #####:  856:  frame_ptr--;
        -:  857:
        -:  858:  /* Line: 339       : ADD                : <REDACTED_LOCAL_PATH>/casos/aws-carddemo-cycle-v1/P3/official-campaign-large12k-run-v2/p2b-preparation/isolated-cycle/aws-carddemo-preparation/research-corpus/app/cbl/CBTRN03C.cbl */
    #####:  859:  cob_add_packed_int (&f_139, 1);
call    0 never executed
        -:  860:
        -:  861:  /* Line: 341       : EXIT               : <REDACTED_LOCAL_PATH>/casos/aws-carddemo-cycle-v1/P3/official-campaign-large12k-run-v2/p2b-preparation/isolated-cycle/aws-carddemo-preparation/research-corpus/app/cbl/CBTRN03C.cbl */
        -:  862:
        -:  863:  /* Implicit PERFORM return */
    #####:  864:  for (temp_index = frame_ptr; temp_index->perform_through; temp_index--) {
branch  0 never executed
branch  1 never executed
    #####:  865:    if (temp_index->perform_through == 14) {
branch  0 never executed
branch  1 never executed
    #####:  866:      frame_ptr = temp_index;
    #####:  867:      goto *frame_ptr->return_address_ptr;
        -:  868:    }
        -:  869:  }
        -:  870:
        -:  871:  /* Line: 343       : Paragraph 1111-WRITE-REPORT-REC   : <REDACTED_LOCAL_PATH>/casos/aws-carddemo-cycle-v1/P3/official-campaign-large12k-run-v2/p2b-preparation/isolated-cycle/aws-carddemo-preparation/research-corpus/app/cbl/CBTRN03C.cbl */
    #####:  872:  l_15:;
        -:  873:
        -:  874:  /* Line: 345       : WRITE              : <REDACTED_LOCAL_PATH>/casos/aws-carddemo-cycle-v1/P3/official-campaign-large12k-run-v2/p2b-preparation/isolated-cycle/aws-carddemo-preparation/research-corpus/app/cbl/CBTRN03C.cbl */
    #####:  875:  cob_write (h_REPORT_FILE, &f_36, 0, &f_127, 0);
call    0 never executed
    #####:  876:  if (unlikely(cob_glob_ptr->cob_exception_code != 0))
branch  0 never executed
branch  1 never executed
        -:  877:  {
        -:  878:    /* USE PROCEDURE Default Error Handler */
    #####:  879:    frame_ptr++;
    #####:  880:    frame_ptr->perform_through = 1;
    #####:  881:    frame_ptr->return_address_ptr = &&l_74;
    #####:  882:    goto l_1;
    #####:  883:    l_74:
    #####:  884:    frame_ptr--;
        -:  885:  }
        -:  886:
        -:  887:  /* Line: 346       : IF                 : <REDACTED_LOCAL_PATH>/casos/aws-carddemo-cycle-v1/P3/official-campaign-large12k-run-v2/p2b-preparation/isolated-cycle/aws-carddemo-preparation/research-corpus/app/cbl/CBTRN03C.cbl */
    #####:  888:  if (((int)memcmp (b_127, (cob_u8_ptr)"00", 2) == 0))
branch  0 never executed
branch  1 never executed
        -:  889:  {
        -:  890:
        -:  891:    /* Line: 347       : MOVE               : <REDACTED_LOCAL_PATH>/casos/aws-carddemo-cycle-v1/P3/official-campaign-large12k-run-v2/p2b-preparation/isolated-cycle/aws-carddemo-preparation/research-corpus/app/cbl/CBTRN03C.cbl */
    #####:  892:    memset (b_156, 0, 4);
        -:  893:  }
        -:  894:  else
        -:  895:  {
        -:  896:    /* ELSE */
        -:  897:
        -:  898:    /* Line: 349       : MOVE               : <REDACTED_LOCAL_PATH>/casos/aws-carddemo-cycle-v1/P3/official-campaign-large12k-run-v2/p2b-preparation/isolated-cycle/aws-carddemo-preparation/research-corpus/app/cbl/CBTRN03C.cbl */
        -:  899:    cob_setswp_s32 (b_156, 12);
        -:  900:  }
        -:  901:
        -:  902:  /* Line: 351       : IF                 : <REDACTED_LOCAL_PATH>/casos/aws-carddemo-cycle-v1/P3/official-campaign-large12k-run-v2/p2b-preparation/isolated-cycle/aws-carddemo-preparation/research-corpus/app/cbl/CBTRN03C.cbl */
    #####:  903:  if (((int)cob_cmpswp_s32 (b_156, 0LL) == 0))
branch  0 never executed
branch  1 never executed
        -:  904:  {
        -:  905:
        -:  906:    /* Line: 352       : CONTINUE           : <REDACTED_LOCAL_PATH>/casos/aws-carddemo-cycle-v1/P3/official-campaign-large12k-run-v2/p2b-preparation/isolated-cycle/aws-carddemo-preparation/research-corpus/app/cbl/CBTRN03C.cbl */
        -:  907:    ;
        -:  908:  }
        -:  909:  else
        -:  910:  {
        -:  911:    /* ELSE */
        -:  912:
        -:  913:    /* Line: 354       : DISPLAY            : <REDACTED_LOCAL_PATH>/casos/aws-carddemo-cycle-v1/P3/official-campaign-large12k-run-v2/p2b-preparation/isolated-cycle/aws-carddemo-preparation/research-corpus/app/cbl/CBTRN03C.cbl */
    #####:  914:    cob_display (0, 1, 1, &c_10);
call    0 never executed
        -:  915:
        -:  916:    /* Line: 355       : MOVE               : <REDACTED_LOCAL_PATH>/casos/aws-carddemo-cycle-v1/P3/official-campaign-large12k-run-v2/p2b-preparation/isolated-cycle/aws-carddemo-preparation/research-corpus/app/cbl/CBTRN03C.cbl */
    #####:  917:    cob_move_ibm (b_146, b_127, 2);
call    0 never executed
        -:  918:
        -:  919:    /* Line: 356       : PERFORM            : <REDACTED_LOCAL_PATH>/casos/aws-carddemo-cycle-v1/P3/official-campaign-large12k-run-v2/p2b-preparation/isolated-cycle/aws-carddemo-preparation/research-corpus/app/cbl/CBTRN03C.cbl */
        -:  920:    /* PERFORM 9910-DISPLAY-IO-STATUS */
    #####:  921:    frame_ptr++;
    #####:  922:    frame_ptr->perform_through = 33;
    #####:  923:    frame_ptr->return_address_ptr = &&l_75;
    #####:  924:    goto l_33;
    #####:  925:    l_75:
    #####:  926:    frame_ptr--;
        -:  927:
        -:  928:    /* Line: 357       : PERFORM            : <REDACTED_LOCAL_PATH>/casos/aws-carddemo-cycle-v1/P3/official-campaign-large12k-run-v2/p2b-preparation/isolated-cycle/aws-carddemo-preparation/research-corpus/app/cbl/CBTRN03C.cbl */
        -:  929:    /* PERFORM 9999-ABEND-PROGRAM */
    #####:  930:    frame_ptr++;
    #####:  931:    frame_ptr->perform_through = 32;
    #####:  932:    frame_ptr->return_address_ptr = &&l_76;
    #####:  933:    goto l_32;
    #####:  934:    l_76:
    #####:  935:    frame_ptr--;
        -:  936:  }
        -:  937:
        -:  938:  /* Line: 359       : EXIT               : <REDACTED_LOCAL_PATH>/casos/aws-carddemo-cycle-v1/P3/official-campaign-large12k-run-v2/p2b-preparation/isolated-cycle/aws-carddemo-preparation/research-corpus/app/cbl/CBTRN03C.cbl */
        -:  939:
        -:  940:  /* Implicit PERFORM return */
    #####:  941:  for (temp_index = frame_ptr; temp_index->perform_through; temp_index--) {
branch  0 never executed
branch  1 never executed
    #####:  942:    if (temp_index->perform_through == 15) {
branch  0 never executed
branch  1 never executed
    #####:  943:      frame_ptr = temp_index;
    #####:  944:      goto *frame_ptr->return_address_ptr;
        -:  945:    }
        -:  946:  }
        -:  947:
        -:  948:  /* Line: 361       : Paragraph 1120-WRITE-DETAIL       : <REDACTED_LOCAL_PATH>/casos/aws-carddemo-cycle-v1/P3/official-campaign-large12k-run-v2/p2b-preparation/isolated-cycle/aws-carddemo-preparation/research-corpus/app/cbl/CBTRN03C.cbl */
    #####:  949:  l_16:;
        -:  950:
        -:  951:  /* Line: 362       : INITIALIZE         : <REDACTED_LOCAL_PATH>/casos/aws-carddemo-cycle-v1/P3/official-campaign-large12k-run-v2/p2b-preparation/isolated-cycle/aws-carddemo-preparation/research-corpus/app/cbl/CBTRN03C.cbl */
    #####:  952:  memset (b_89, (unsigned char)' ', 16);
    #####:  953:  memset (b_89 + 17, (unsigned char)' ', 11);
    #####:  954:  memset (b_89 + 29, (unsigned char)' ', 2);
    #####:  955:  memset (b_89 + 32, (unsigned char)' ', 15);
    #####:  956:  memset (b_89 + 48, (unsigned char)'0', 4);
    #####:  957:  memset (b_89 + 53, (unsigned char)' ', 29);
    #####:  958:  memset (b_89 + 83, (unsigned char)' ', 10);
    #####:  959:  cob_move (&cob_all_zero, &f_104);
call    0 never executed
        -:  960:
        -:  961:  /* Line: 363       : MOVE               : <REDACTED_LOCAL_PATH>/casos/aws-carddemo-cycle-v1/P3/official-campaign-large12k-run-v2/p2b-preparation/isolated-cycle/aws-carddemo-preparation/research-corpus/app/cbl/CBTRN03C.cbl */
    #####:  962:  cob_move_ibm (b_89, b_40, 16);
call    0 never executed
        -:  963:
        -:  964:  /* Line: 364       : MOVE               : <REDACTED_LOCAL_PATH>/casos/aws-carddemo-cycle-v1/P3/official-campaign-large12k-run-v2/p2b-preparation/isolated-cycle/aws-carddemo-preparation/research-corpus/app/cbl/CBTRN03C.cbl */
    #####:  965:  cob_move_ibm (b_89 + 17, b_58 + 25, 11);
call    0 never executed
        -:  966:
        -:  967:  /* Line: 365       : MOVE               : <REDACTED_LOCAL_PATH>/casos/aws-carddemo-cycle-v1/P3/official-campaign-large12k-run-v2/p2b-preparation/isolated-cycle/aws-carddemo-preparation/research-corpus/app/cbl/CBTRN03C.cbl */
    #####:  968:  cob_move_ibm (b_89 + 29, b_40 + 16, 2);
call    0 never executed
        -:  969:
        -:  970:  /* Line: 366       : MOVE               : <REDACTED_LOCAL_PATH>/casos/aws-carddemo-cycle-v1/P3/official-campaign-large12k-run-v2/p2b-preparation/isolated-cycle/aws-carddemo-preparation/research-corpus/app/cbl/CBTRN03C.cbl */
    #####:  971:  cob_move_ibm (b_89 + 32, b_66 + 2, 15);
call    0 never executed
        -:  972:
        -:  973:  /* Line: 367       : MOVE               : <REDACTED_LOCAL_PATH>/casos/aws-carddemo-cycle-v1/P3/official-campaign-large12k-run-v2/p2b-preparation/isolated-cycle/aws-carddemo-preparation/research-corpus/app/cbl/CBTRN03C.cbl */
    #####:  974:  cob_move_ibm (b_89 + 48, b_40 + 18, 4);
call    0 never executed
        -:  975:
        -:  976:  /* Line: 368       : MOVE               : <REDACTED_LOCAL_PATH>/casos/aws-carddemo-cycle-v1/P3/official-campaign-large12k-run-v2/p2b-preparation/isolated-cycle/aws-carddemo-preparation/research-corpus/app/cbl/CBTRN03C.cbl */
    #####:  977:  cob_move_ibm (b_89 + 53, b_73 + 6, 29);
call    0 never executed
        -:  978:
        -:  979:  /* Line: 369       : MOVE               : <REDACTED_LOCAL_PATH>/casos/aws-carddemo-cycle-v1/P3/official-campaign-large12k-run-v2/p2b-preparation/isolated-cycle/aws-carddemo-preparation/research-corpus/app/cbl/CBTRN03C.cbl */
    #####:  980:  cob_move_ibm (b_89 + 83, b_40 + 22, 10);
call    0 never executed
        -:  981:
        -:  982:  /* Line: 370       : MOVE               : <REDACTED_LOCAL_PATH>/casos/aws-carddemo-cycle-v1/P3/official-campaign-large12k-run-v2/p2b-preparation/isolated-cycle/aws-carddemo-preparation/research-corpus/app/cbl/CBTRN03C.cbl */
    #####:  983:  cob_move (&f_46, &f_104);
call    0 never executed
        -:  984:
        -:  985:  /* Line: 371       : MOVE               : <REDACTED_LOCAL_PATH>/casos/aws-carddemo-cycle-v1/P3/official-campaign-large12k-run-v2/p2b-preparation/isolated-cycle/aws-carddemo-preparation/research-corpus/app/cbl/CBTRN03C.cbl */
    #####:  986:  cob_move (&f_89, &f_36);
call    0 never executed
        -:  987:
        -:  988:  /* Line: 372       : PERFORM            : <REDACTED_LOCAL_PATH>/casos/aws-carddemo-cycle-v1/P3/official-campaign-large12k-run-v2/p2b-preparation/isolated-cycle/aws-carddemo-preparation/research-corpus/app/cbl/CBTRN03C.cbl */
        -:  989:  /* PERFORM 1111-WRITE-REPORT-REC */
    #####:  990:  frame_ptr++;
    #####:  991:  frame_ptr->perform_through = 15;
    #####:  992:  frame_ptr->return_address_ptr = &&l_77;
    #####:  993:  goto l_15;
    #####:  994:  l_77:
    #####:  995:  frame_ptr--;
        -:  996:
        -:  997:  /* Line: 373       : ADD                : <REDACTED_LOCAL_PATH>/casos/aws-carddemo-cycle-v1/P3/official-campaign-large12k-run-v2/p2b-preparation/isolated-cycle/aws-carddemo-preparation/research-corpus/app/cbl/CBTRN03C.cbl */
    #####:  998:  cob_add_packed_int (&f_139, 1);
call    0 never executed
        -:  999:
        -: 1000:  /* Line: 374       : EXIT               : <REDACTED_LOCAL_PATH>/casos/aws-carddemo-cycle-v1/P3/official-campaign-large12k-run-v2/p2b-preparation/isolated-cycle/aws-carddemo-preparation/research-corpus/app/cbl/CBTRN03C.cbl */
        -: 1001:
        -: 1002:  /* Implicit PERFORM return */
    #####: 1003:  for (temp_index = frame_ptr; temp_index->perform_through; temp_index--) {
branch  0 never executed
branch  1 never executed
    #####: 1004:    if (temp_index->perform_through == 16) {
branch  0 never executed
branch  1 never executed
    #####: 1005:      frame_ptr = temp_index;
    #####: 1006:      goto *frame_ptr->return_address_ptr;
        -: 1007:    }
        -: 1008:  }
        -: 1009:
        -: 1010:  /* Line: 376       : Paragraph 0000-TRANFILE-OPEN      : <REDACTED_LOCAL_PATH>/casos/aws-carddemo-cycle-v1/P3/official-campaign-large12k-run-v2/p2b-preparation/isolated-cycle/aws-carddemo-preparation/research-corpus/app/cbl/CBTRN03C.cbl */
       1*: 1011:  l_17:;
        -: 1012:
        -: 1013:  /* Line: 377       : MOVE               : <REDACTED_LOCAL_PATH>/casos/aws-carddemo-cycle-v1/P3/official-campaign-large12k-run-v2/p2b-preparation/isolated-cycle/aws-carddemo-preparation/research-corpus/app/cbl/CBTRN03C.cbl */
        -: 1014:  cob_setswp_s32 (b_156, 8);
        -: 1015:
        -: 1016:  /* Line: 378       : OPEN               : <REDACTED_LOCAL_PATH>/casos/aws-carddemo-cycle-v1/P3/official-campaign-large12k-run-v2/p2b-preparation/isolated-cycle/aws-carddemo-preparation/research-corpus/app/cbl/CBTRN03C.cbl */
        1: 1017:  cob_open (h_TRANSACT_FILE, COB_OPEN_INPUT, 0, &f_55);
call    0 returned 1
        1: 1018:  if (unlikely(cob_glob_ptr->cob_exception_code != 0))
branch  0 taken 0 (fallthrough)
branch  1 taken 1
        -: 1019:  {
        -: 1020:    /* USE PROCEDURE Default Error Handler */
    #####: 1021:    frame_ptr++;
    #####: 1022:    frame_ptr->perform_through = 1;
    #####: 1023:    frame_ptr->return_address_ptr = &&l_78;
    #####: 1024:    goto l_1;
    #####: 1025:    l_78:
    #####: 1026:    frame_ptr--;
        -: 1027:  }
        -: 1028:
        -: 1029:  /* Line: 379       : IF                 : <REDACTED_LOCAL_PATH>/casos/aws-carddemo-cycle-v1/P3/official-campaign-large12k-run-v2/p2b-preparation/isolated-cycle/aws-carddemo-preparation/research-corpus/app/cbl/CBTRN03C.cbl */
        1: 1030:  if (((int)memcmp (b_55, (cob_u8_ptr)"00", 2) == 0))
branch  0 taken 1 (fallthrough)
branch  1 taken 0
        -: 1031:  {
        -: 1032:
        -: 1033:    /* Line: 380       : MOVE               : <REDACTED_LOCAL_PATH>/casos/aws-carddemo-cycle-v1/P3/official-campaign-large12k-run-v2/p2b-preparation/isolated-cycle/aws-carddemo-preparation/research-corpus/app/cbl/CBTRN03C.cbl */
        1: 1034:    memset (b_156, 0, 4);
        -: 1035:  }
        -: 1036:  else
        -: 1037:  {
        -: 1038:    /* ELSE */
        -: 1039:
        -: 1040:    /* Line: 382       : MOVE               : <REDACTED_LOCAL_PATH>/casos/aws-carddemo-cycle-v1/P3/official-campaign-large12k-run-v2/p2b-preparation/isolated-cycle/aws-carddemo-preparation/research-corpus/app/cbl/CBTRN03C.cbl */
        -: 1041:    cob_setswp_s32 (b_156, 12);
        -: 1042:  }
        -: 1043:
        -: 1044:  /* Line: 384       : IF                 : <REDACTED_LOCAL_PATH>/casos/aws-carddemo-cycle-v1/P3/official-campaign-large12k-run-v2/p2b-preparation/isolated-cycle/aws-carddemo-preparation/research-corpus/app/cbl/CBTRN03C.cbl */
        1: 1045:  if (((int)cob_cmpswp_s32 (b_156, 0LL) == 0))
branch  0 taken 0 (fallthrough)
branch  1 taken 1
        -: 1046:  {
        -: 1047:
        -: 1048:    /* Line: 385       : CONTINUE           : <REDACTED_LOCAL_PATH>/casos/aws-carddemo-cycle-v1/P3/official-campaign-large12k-run-v2/p2b-preparation/isolated-cycle/aws-carddemo-preparation/research-corpus/app/cbl/CBTRN03C.cbl */
        -: 1049:    ;
        -: 1050:  }
        -: 1051:  else
        -: 1052:  {
        -: 1053:    /* ELSE */
        -: 1054:
        -: 1055:    /* Line: 387       : DISPLAY            : <REDACTED_LOCAL_PATH>/casos/aws-carddemo-cycle-v1/P3/official-campaign-large12k-run-v2/p2b-preparation/isolated-cycle/aws-carddemo-preparation/research-corpus/app/cbl/CBTRN03C.cbl */
    #####: 1056:    cob_display (0, 1, 1, &c_11);
call    0 never executed
        -: 1057:
        -: 1058:    /* Line: 388       : MOVE               : <REDACTED_LOCAL_PATH>/casos/aws-carddemo-cycle-v1/P3/official-campaign-large12k-run-v2/p2b-preparation/isolated-cycle/aws-carddemo-preparation/research-corpus/app/cbl/CBTRN03C.cbl */
    #####: 1059:    cob_move_ibm (b_146, b_55, 2);
call    0 never executed
        -: 1060:
        -: 1061:    /* Line: 389       : PERFORM            : <REDACTED_LOCAL_PATH>/casos/aws-carddemo-cycle-v1/P3/official-campaign-large12k-run-v2/p2b-preparation/isolated-cycle/aws-carddemo-preparation/research-corpus/app/cbl/CBTRN03C.cbl */
        -: 1062:    /* PERFORM 9910-DISPLAY-IO-STATUS */
    #####: 1063:    frame_ptr++;
    #####: 1064:    frame_ptr->perform_through = 33;
    #####: 1065:    frame_ptr->return_address_ptr = &&l_79;
    #####: 1066:    goto l_33;
    #####: 1067:    l_79:
    #####: 1068:    frame_ptr--;
        -: 1069:
        -: 1070:    /* Line: 390       : PERFORM            : <REDACTED_LOCAL_PATH>/casos/aws-carddemo-cycle-v1/P3/official-campaign-large12k-run-v2/p2b-preparation/isolated-cycle/aws-carddemo-preparation/research-corpus/app/cbl/CBTRN03C.cbl */
        -: 1071:    /* PERFORM 9999-ABEND-PROGRAM */
    #####: 1072:    frame_ptr++;
    #####: 1073:    frame_ptr->perform_through = 32;
    #####: 1074:    frame_ptr->return_address_ptr = &&l_80;
    #####: 1075:    goto l_32;
    #####: 1076:    l_80:
    #####: 1077:    frame_ptr--;
[...]
        -: 2249:
        -: 2250:  /* Pop module stack */
        1: 2251:  cob_module_leave (module);
call    0 returned 1
        -: 2252:
        -: 2253:  /* Program return */
        1: 2254:  return b_2;
        -: 2255:
        -: 2256:
        -: 2257:  /* Line: 0         : Paragraph Default Error Handler   : <REDACTED_LOCAL_PATH>/casos/aws-carddemo-cycle-v1/P3/official-campaign-large12k-run-v2/p2b-preparation/isolated-cycle/aws-carddemo-preparation/research-corpus/app/cbl/CBTRN03C.cbl */
        1: 2258:  l_1:;
        -: 2259:
        1: 2260:  if (!(cob_glob_ptr->cob_error_file->flag_select_features & COB_SELECT_FILE_STATUS))
branch  0 taken 0 (fallthrough)
branch  1 taken 1
    #####: 2261:  	cob_fatal_error (COB_FERROR_FILE);
call    0 never executed
        -: 2262:
        -: 2263:  /* Implicit Default Error Handler return */
       1*: 2264:  for (temp_index = frame_ptr; temp_index->perform_through; temp_index--) {
branch  0 taken 1
branch  1 taken 0 (fallthrough)
        1: 2265:    if (temp_index->perform_through == 1) {
branch  0 taken 1 (fallthrough)
branch  1 taken 0
        1: 2266:      frame_ptr = temp_index;
        1: 2267:      goto *frame_ptr->return_address_ptr;
        -: 2268:    }
        -: 2269:  }
        -: 2270:
        -: 2271:  /* Fatal error if reached */
    #####: 2272:  cob_fatal_error (COB_FERROR_CODEGEN);
call    0 never executed
        -: 2273:
    #####: 2274:  P_cgerror:
    #####: 2275:  	cob_fatal_error (COB_FERROR_CODEGEN);
call    0 never executed
        -: 2276:
        -: 2277:
        -: 2278:  /* Program initialization */
        1: 2279:  P_initialize:
        -: 2280:
        1: 2281:  cob_module_path = cob_glob_ptr->cob_main_argv0;
        -: 2282:
        1: 2283:  CBTRN03C_module_init (module);
call    0 returned 1
        -: 2284:
        1: 2285:  module->collating_sequence = NULL;
        1: 2286:  module->crt_status = NULL;
        1: 2287:  module->cursor_pos = NULL;
        1: 2288:  module->xml_code = NULL;
        1: 2289:  module->xml_event = NULL;
        1: 2290:  module->xml_information = NULL;
        1: 2291:  module->xml_namespace = NULL;
        1: 2292:  module->xml_namespace_prefix = NULL;
        1: 2293:  module->xml_nnamespace = NULL;
        1: 2294:  module->xml_nnamespace_prefix = NULL;
        1: 2295:  module->xml_ntext = NULL;
        1: 2296:  module->xml_text = NULL;
        1: 2297:  module->json_code = NULL;
        1: 2298:  module->json_status = NULL;
        -: 2299:
        -: 2300:  /* Initialize cancel callback */
        1: 2301:  cob_set_cancel (module);
call    0 returned 1
        -: 2302:
        -: 2303:  /* Initialize WORKING-STORAGE, Default byte: 0x00 */
        -: 2304:  /* initialize field RETURN-CODE */
        1: 2305:  b_2 = 0;
        -: 2306:
        -: 2307:  /* initialize field TRAN-RECORD */
        1: 2308:  memset (b_40, 0x0, 350);
        -: 2309:
        -: 2310:  /* initialize field TRANFILE-STATUS */
        1: 2311:  memset (b_55, 0x0, 2);
        -: 2312:
        -: 2313:  /* initialize field CARD-XREF-RECORD */
        1: 2314:  memset (b_58, 0x0, 50);
        -: 2315:
        -: 2316:  /* initialize field CARDXREF-STATUS */
        1: 2317:  memset (b_63, 0x0, 2);
        -: 2318:
        -: 2319:  /* initialize field TRAN-TYPE-RECORD */
        1: 2320:  memset (b_66, 0x0, 60);
        -: 2321:
        -: 2322:  /* initialize field TRANTYPE-STATUS */
        1: 2323:  memset (b_70, 0x0, 2);
        -: 2324:
        -: 2325:  /* initialize field TRAN-CAT-RECORD */
        1: 2326:  memset (b_73, 0x0, 60);
        -: 2327:
        -: 2328:  /* initialize field TRANCATG-STATUS */
        1: 2329:  memset (b_79, 0x0, 2);
        -: 2330:
        -: 2331:  /* initialize field REPT-SHORT-NAME */
        1: 2332:  memcpy (b_82, "DALYREPT                              ", 38);
        -: 2333:  /* initialize field REPT-LONG-NAME */
        1: 2334:  memcpy (b_82 + 38, "Daily Transaction Report                 ", 41);
        -: 2335:  /* initialize field REPT-DATE-HEADER */
        1: 2336:  memcpy (b_82 + 79, "Date Range: ", 12);
        -: 2337:  /* initialize field REPT-START-DATE */
        1: 2338:  memset (b_82 + 91, 32, 10);
        -: 2339:  /* initialize field FILLER 5 */
        1: 2340:  memcpy (b_82 + 101, " to ", 4);
        -: 2341:  /* initialize field REPT-END-DATE */
        1: 2342:  memset (b_82 + 105, 32, 10);
        -: 2343:
        -: 2344:  /* initialize field TRAN-REPORT-TRANS-ID */
        1: 2345:  memset (b_89, 0x0, 16);
        -: 2346:  /* initialize field FILLER 6 */
        1: 2347:  *(cob_u8_ptr)(b_89 + 16) = 32;
        -: 2348:  /* initialize field TRAN-REPORT-ACCOUNT-ID */
        1: 2349:  memset (b_89 + 17, 0x0, 11);
        -: 2350:  /* initialize field FILLER 7 */
        1: 2351:  *(cob_u8_ptr)(b_89 + 28) = 32;
        -: 2352:  /* initialize field TRAN-REPORT-TYPE-CD */
        1: 2353:  memset (b_89 + 29, 0x0, 2);
        -: 2354:  /* initialize field FILLER 8 */
        1: 2355:  *(cob_u8_ptr)(b_89 + 31) = (unsigned char)'-';
        -: 2356:  /* initialize field TRAN-REPORT-TYPE-DESC */
        1: 2357:  memset (b_89 + 32, 0x0, 15);
        -: 2358:  /* initialize field FILLER 9 */
        1: 2359:  *(cob_u8_ptr)(b_89 + 47) = 32;
        -: 2360:  /* initialize field TRAN-REPORT-CAT-CD */
        1: 2361:  memset (b_89 + 48, 0x0, 4);
        -: 2362:  /* initialize field FILLER 10 */
        1: 2363:  *(cob_u8_ptr)(b_89 + 52) = (unsigned char)'-';
        -: 2364:  /* initialize field TRAN-REPORT-CAT-DESC */
        1: 2365:  memset (b_89 + 53, 0x0, 29);
        -: 2366:  /* initialize field FILLER 11 */
        1: 2367:  *(cob_u8_ptr)(b_89 + 82) = 32;
        -: 2368:  /* initialize field TRAN-REPORT-SOURCE */
        1: 2369:  memset (b_89 + 83, 0x0, 10);
        -: 2370:  /* initialize field FILLER 12 */
        1: 2371:  memset (b_89 + 93, 32, 4);
        -: 2372:  /* initialize field TRAN-REPORT-AMT */
        1: 2373:  memset (b_89 + 97, 0x0, 15);
        -: 2374:  /* initialize field FILLER 13 */
        1: 2375:  memset (b_89 + 112, 32, 2);
        -: 2376:
        -: 2377:  /* initialize field FILLER 14 */
        1: 2378:  memcpy (b_106, "Transaction ID   ", 17);
        -: 2379:  /* initialize field FILLER 15 */
        1: 2380:  memcpy (b_106 + 17, "Account ID  ", 12);
        -: 2381:  /* initialize field FILLER 16 */
        1: 2382:  memcpy (b_106 + 29, "Transaction Type   ", 19);
        -: 2383:  /* initialize field FILLER 17 */
        1: 2384:  memcpy (b_106 + 48, "Tran Category                      ", 35);
        -: 2385:  /* initialize field FILLER 18 */
        1: 2386:  memcpy (b_106 + 83, "Tran Source   ", 14);
        -: 2387:  /* initialize field FILLER 19 */
        1: 2388:  *(cob_u8_ptr)(b_106 + 97) = 32;
        -: 2389:  /* initialize field FILLER 20 */
        1: 2390:  memcpy (b_106 + 98, "        Amount  ", 16);
        -: 2391:
        -: 2392:  /* initialize field TRANSACTION-HEADER-2 */
        1: 2393:  memset (b_114, 45, 133);
        -: 2394:
        -: 2395:  /* initialize field FILLER 21 */
        1: 2396:  memcpy (b_115, "Page Total ", 11);
        -: 2397:  /* initialize field FILLER 22 */
        1: 2398:  memset (b_115 + 11, 46, 86);
        -: 2399:  /* initialize field REPT-PAGE-TOTAL */
        1: 2400:  memset (b_115 + 97, 0x0, 15);
        -: 2401:
        -: 2402:  /* initialize field FILLER 23 */
        1: 2403:  memcpy (b_119, "Account Total", 13);
        -: 2404:  /* initialize field FILLER 24 */
        1: 2405:  memset (b_119 + 13, 46, 84);
        -: 2406:  /* initialize field REPT-ACCOUNT-TOTAL */
        1: 2407:  memset (b_119 + 97, 0x0, 15);
        -: 2408:
        -: 2409:  /* initialize field FILLER 25 */
        1: 2410:  memcpy (b_123, "Grand Total", 11);
        -: 2411:  /* initialize field FILLER 26 */
        1: 2412:  memset (b_123 + 11, 46, 86);
        -: 2413:  /* initialize field REPT-GRAND-TOTAL */
        1: 2414:  memset (b_123 + 97, 0x0, 15);
        -: 2415:
        -: 2416:  /* initialize field TRANREPT-STATUS */
        1: 2417:  memset (b_127, 0x0, 2);
        -: 2418:
        -: 2419:  /* initialize field DATEPARM-STATUS */
        1: 2420:  memset (b_130, 0x0, 2);
        -: 2421:
        -: 2422:  /* initialize field WS-DATEPARM-RECORD */
        1: 2423:  memset (b_133, 0x0, 21);
        -: 2424:
        -: 2425:  /* initialize field WS-FIRST-TIME */
        1: 2426:  *(cob_u8_ptr)(b_137) = (unsigned char)'Y';
        -: 2427:  /* initialize field WS-LINE-COUNTER */
        1: 2428:  cob_set_packed_zero (&f_139);
call    0 returned 1
        -: 2429:  /* initialize field WS-PAGE-SIZE */
        1: 2430:  cob_set_packed_int (&f_140, 20);
call    0 returned 1
        -: 2431:  /* initialize field WS-BLANK-LINE */
        1: 2432:  memset (b_137 + 8, 32, 133);
        -: 2433:  /* initialize field WS-PAGE-TOTAL */
        1: 2434:  cob_move ((cob_field *)&c_9, &f_142);
call    0 returned 1
        -: 2435:  /* initialize field WS-ACCOUNT-TOTAL */
        1: 2436:  cob_move ((cob_field *)&c_9, &f_143);
call    0 returned 1
        -: 2437:  /* initialize field WS-GRAND-TOTAL */
        1: 2438:  cob_move ((cob_field *)&c_9, &f_144);
call    0 returned 1
        -: 2439:  /* initialize field WS-CURR-CARD-NUM */
        1: 2440:  memset (b_137 + 174, 32, 16);
        -: 2441:
        -: 2442:  /* initialize field IO-STATUS */
        1: 2443:  memset (b_146, 0x0, 2);
        -: 2444:
        -: 2445:  /* initialize field TWO-BYTES-BINARY */
        1: 2446:  memset (b_149, 0x0, 2);
        -: 2447:
        -: 2448:
        -: 2449:  /* initialize field IO-STATUS-0401 */
        1: 2450:  *(b_153) = 48;
        -: 2451:  /* initialize field IO-STATUS-0403 */
        1: 2452:  memset (b_153 + 1, 48, 3);
        -: 2453:
        -: 2454:  /* initialize field APPL-RESULT */
        1: 2455:  memset (b_156, 0x0, 4);
        -: 2456:
        -: 2457:  /* initialize field END-OF-FILE */
        1: 2458:  *(cob_u8_ptr)(b_159) = (unsigned char)'N';
        -: 2459:
        -: 2460:  /* initialize field ABCODE */
        1: 2461:  memset (b_160, 0x0, 4);
        -: 2462:
        -: 2463:  /* initialize field TIMING */
        1: 2464:  memset (b_161, 0x0, 4);
        -: 2465:
        -: 2466:
        -: 2467:  /* File initialization for TRANSACT-FILE */
        1: 2468:  cob_file_malloc (&h_TRANSACT_FILE, NULL, 0, 0);
call    0 returned 1
        1: 2469:  h_TRANSACT_FILE->select_name = (const char *)"TRANSACT-FILE";
        1: 2470:  h_TRANSACT_FILE->file_status = h_TRANSACT_FILE_status;
        1: 2471:  memset (h_TRANSACT_FILE_status, '0', 2);
        1: 2472:  h_TRANSACT_FILE->assign = (cob_field *)&c_28;
        1: 2473:  h_TRANSACT_FILE->record = &f_21;
        1: 2474:  h_TRANSACT_FILE->variable_record = NULL;
        1: 2475:  h_TRANSACT_FILE->record_min = 350;
        1: 2476:  h_TRANSACT_FILE->record_max = 350;
        1: 2477:  h_TRANSACT_FILE->file = NULL;
        1: 2478:  h_TRANSACT_FILE->organization = 0;
        1: 2479:  h_TRANSACT_FILE->access_mode = 1;
        1: 2480:  h_TRANSACT_FILE->lock_mode = 0;
        1: 2481:  h_TRANSACT_FILE->open_mode = 0;
        1: 2482:  h_TRANSACT_FILE->flag_optional = 0;
        1: 2483:  h_TRANSACT_FILE->flag_line_adv = 0;
        1: 2484:  h_TRANSACT_FILE->flag_select_features = 1;
        -: 2485:
        -: 2486:  /* File initialization for XREF-FILE */
        1: 2487:  cob_file_malloc (&h_XREF_FILE, &k_XREF_FILE, 1, 0);
call    0 returned 1
        1: 2488:  k_XREF_FILE->field = &f_23;
        1: 2489:  k_XREF_FILE->tf_duplicates = 0;
        1: 2490:  k_XREF_FILE->offset = 0;
        1: 2491:  h_XREF_FILE->select_name = (const char *)"XREF-FILE";
        1: 2492:  h_XREF_FILE->file_status = h_XREF_FILE_status;
        1: 2493:  memset (h_XREF_FILE_status, '0', 2);
        1: 2494:  h_XREF_FILE->assign = (cob_field *)&c_29;
        1: 2495:  h_XREF_FILE->record = &f_25;
        1: 2496:  h_XREF_FILE->variable_record = NULL;
        1: 2497:  h_XREF_FILE->record_min = 50;
        1: 2498:  h_XREF_FILE->record_max = 50;
        1: 2499:  h_XREF_FILE->file = NULL;
        1: 2500:  h_XREF_FILE->organization = 3;
        1: 2501:  h_XREF_FILE->access_mode = 3;
        1: 2502:  h_XREF_FILE->lock_mode = 0;
        1: 2503:  h_XREF_FILE->open_mode = 0;
        1: 2504:  h_XREF_FILE->flag_optional = 0;
        1: 2505:  h_XREF_FILE->flag_line_adv = 0;
        1: 2506:  h_XREF_FILE->flag_select_features = 1;
        -: 2507:
        -: 2508:  /* File initialization for TRANTYPE-FILE */
        1: 2509:  cob_file_malloc (&h_TRANTYPE_FILE, &k_TRANTYPE_FILE, 1, 0);
call    0 returned 1
        1: 2510:  k_TRANTYPE_FILE->field = &f_27;
        1: 2511:  k_TRANTYPE_FILE->tf_duplicates = 0;
        1: 2512:  k_TRANTYPE_FILE->offset = 0;
        1: 2513:  h_TRANTYPE_FILE->select_name = (const char *)"TRANTYPE-FILE";
        1: 2514:  h_TRANTYPE_FILE->file_status = h_TRANTYPE_FILE_status;
        1: 2515:  memset (h_TRANTYPE_FILE_status, '0', 2);
        1: 2516:  h_TRANTYPE_FILE->assign = (cob_field *)&c_30;
        1: 2517:  h_TRANTYPE_FILE->record = &f_29;
        1: 2518:  h_TRANTYPE_FILE->variable_record = NULL;
        1: 2519:  h_TRANTYPE_FILE->record_min = 60;
        1: 2520:  h_TRANTYPE_FILE->record_max = 60;
        1: 2521:  h_TRANTYPE_FILE->file = NULL;
        1: 2522:  h_TRANTYPE_FILE->organization = 3;
        1: 2523:  h_TRANTYPE_FILE->access_mode = 3;
        1: 2524:  h_TRANTYPE_FILE->lock_mode = 0;
        1: 2525:  h_TRANTYPE_FILE->open_mode = 0;
        1: 2526:  h_TRANTYPE_FILE->flag_optional = 0;
        1: 2527:  h_TRANTYPE_FILE->flag_line_adv = 0;
        1: 2528:  h_TRANTYPE_FILE->flag_select_features = 1;
        -: 2529:
        -: 2530:  /* File initialization for TRANCATG-FILE */
        1: 2531:  cob_file_malloc (&h_TRANCATG_FILE, &k_TRANCATG_FILE, 1, 0);
call    0 returned 1
        1: 2532:  k_TRANCATG_FILE->field = &f_31;
        1: 2533:  k_TRANCATG_FILE->tf_duplicates = 0;
        1: 2534:  k_TRANCATG_FILE->offset = 0;
        1: 2535:  h_TRANCATG_FILE->select_name = (const char *)"TRANCATG-FILE";
        1: 2536:  h_TRANCATG_FILE->file_status = h_TRANCATG_FILE_status;
        1: 2537:  memset (h_TRANCATG_FILE_status, '0', 2);
        1: 2538:  h_TRANCATG_FILE->assign = (cob_field *)&c_31;
        1: 2539:  h_TRANCATG_FILE->record = &f_35;
        1: 2540:  h_TRANCATG_FILE->variable_record = NULL;
        1: 2541:  h_TRANCATG_FILE->record_min = 60;
        1: 2542:  h_TRANCATG_FILE->record_max = 60;
        1: 2543:  h_TRANCATG_FILE->file = NULL;
        1: 2544:  h_TRANCATG_FILE->organization = 3;
        1: 2545:  h_TRANCATG_FILE->access_mode = 3;
        1: 2546:  h_TRANCATG_FILE->lock_mode = 0;
        1: 2547:  h_TRANCATG_FILE->open_mode = 0;
        1: 2548:  h_TRANCATG_FILE->flag_optional = 0;
        1: 2549:  h_TRANCATG_FILE->flag_line_adv = 0;
        1: 2550:  h_TRANCATG_FILE->flag_select_features = 1;
        -: 2551:
        -: 2552:  /* File initialization for REPORT-FILE */
        1: 2553:  cob_file_malloc (&h_REPORT_FILE, NULL, 0, 0);
call    0 returned 1
        1: 2554:  h_REPORT_FILE->select_name = (const char *)"REPORT-FILE";
        1: 2555:  h_REPORT_FILE->file_status = h_REPORT_FILE_status;
        1: 2556:  memset (h_REPORT_FILE_status, '0', 2);
        1: 2557:  h_REPORT_FILE->assign = (cob_field *)&c_32;
        1: 2558:  h_REPORT_FILE->record = &f_37;
        1: 2559:  h_REPORT_FILE->variable_record = NULL;
        1: 2560:  h_REPORT_FILE->record_min = 133;
        1: 2561:  h_REPORT_FILE->record_max = 133;
        1: 2562:  h_REPORT_FILE->file = NULL;
        1: 2563:  h_REPORT_FILE->organization = 0;
        1: 2564:  h_REPORT_FILE->access_mode = 1;
        1: 2565:  h_REPORT_FILE->lock_mode = 0;
        1: 2566:  h_REPORT_FILE->open_mode = 0;
        1: 2567:  h_REPORT_FILE->flag_optional = 0;
        1: 2568:  h_REPORT_FILE->flag_line_adv = 0;
        1: 2569:  h_REPORT_FILE->flag_select_features = 1;
        -: 2570:
        -: 2571:  /* File initialization for DATE-PARMS-FILE */
        1: 2572:  cob_file_malloc (&h_DATE_PARMS_FILE, NULL, 0, 0);
call    0 returned 1
        1: 2573:  h_DATE_PARMS_FILE->select_name = (const char *)"DATE-PARMS-FILE";
        1: 2574:  h_DATE_PARMS_FILE->file_status = h_DATE_PARMS_FILE_status;
        1: 2575:  memset (h_DATE_PARMS_FILE_status, '0', 2);
        1: 2576:  h_DATE_PARMS_FILE->assign = (cob_field *)&c_33;
        1: 2577:  h_DATE_PARMS_FILE->record = &f_39;
        1: 2578:  h_DATE_PARMS_FILE->variable_record = NULL;
        1: 2579:  h_DATE_PARMS_FILE->record_min = 80;
        1: 2580:  h_DATE_PARMS_FILE->record_max = 80;
        1: 2581:  h_DATE_PARMS_FILE->file = NULL;
        1: 2582:  h_DATE_PARMS_FILE->organization = 0;
        1: 2583:  h_DATE_PARMS_FILE->access_mode = 1;
        1: 2584:  h_DATE_PARMS_FILE->lock_mode = 0;
        1: 2585:  h_DATE_PARMS_FILE->open_mode = 0;
        1: 2586:  h_DATE_PARMS_FILE->flag_optional = 0;
        1: 2587:  h_DATE_PARMS_FILE->flag_line_adv = 0;
        1: 2588:  h_DATE_PARMS_FILE->flag_select_features = 1;
        -: 2589:
        -: 2590:  if (0 == 1) goto P_cgerror;
        1: 2591:  initialized = 1;
        1: 2592:  goto P_ret_initialize;
        -: 2593:
    #####: 2594:  P_dump:
    #####: 2595:    return 0;
        -: 2596:
        -: 2597:
        -: 2598:  /* CANCEL callback handling */
    #####: 2599:  P_cancel:
        -: 2600:
    #####: 2601:  if (!initialized)
branch  0 never executed
branch  1 never executed
    #####: 2602:  	return 0;
    #####: 2603:  if (module && module->module_active)
branch  0 never executed
branch  1 never executed
branch  2 never executed
branch  3 never executed
    #####: 2604:  	cob_fatal_error (COB_FERROR_CANCEL);
call    0 never executed
        -: 2605:
    #####: 2606:  initialized = 0;
        -: 2607:
        1: 2608:  P_clear_decimal:
        1: 2609:  return 0;
        -: 2610:
        -: 2611:}
        -: 2612:
        -: 2613:/* End PROGRAM-ID 'CBTRN03C' */
        -: 2614:
        -: 2615:/* Initialize module structure for CBTRN03C */
function CBTRN03C_module_init called 1 returned 100% blocks executed 100%
        1: 2616:static void CBTRN03C_module_init (cob_module *module)
        -: 2617:{
        1: 2618:  module->module_name = "CBTRN03C";
        1: 2619:  module->module_formatted_date = COB_MODULE_FORMATTED_DATE;
        1: 2620:  module->module_source = COB_SOURCE_FILE;
        1: 2621:  module->gc_version = COB_PACKAGE_VERSION;
        1: 2622:  module->module_entry.funcptr = (void *(*)())CBTRN03C;
        1: 2623:  module->module_cancel.funcptr = (void *(*)())CBTRN03C_;
        1: 2624:  module->module_ref_count = NULL;
        1: 2625:  module->module_path = &cob_module_path;
        1: 2626:  module->module_active = 0;
        1: 2627:  module->module_date = COB_MODULE_DATE;
        1: 2628:  module->module_time = COB_MODULE_TIME;
        1: 2629:  module->module_type = 0;
        1: 2630:  module->module_param_cnt = 0;
        1: 2631:  module->ebcdic_sign = 0;
        1: 2632:  module->decimal_point = '.';
        1: 2633:  module->currency_symbol = '$';
        1: 2634:  module->numeric_separator = ',';
        1: 2635:  module->flag_filename_mapping = 1;
        1: 2636:  module->flag_binary_truncate = 0;
        1: 2637:  module->flag_pretty_display = 0;
        1: 2638:  module->flag_host_sign = 1;
        1: 2639:  module->flag_no_phys_canc = 1;
        1: 2640:  module->flag_main = 1;
        1: 2641:  module->flag_fold_call = 0;
        1: 2642:  module->flag_exit_program = 0;
        1: 2643:  module->flag_debug_trace = 0;
        1: 2644:  module->flag_dump_ready = 0;
        1: 2645:  module->xml_mode = 1;
        1: 2646:  module->module_stmt = 0;
        1: 2647:  module->module_sources = NULL;
        1: 2648:}
        -: 2649:
        -: 2650:/* End functions */
        -: 2651:
