        -:    0:Source:<REDACTED_LOCAL_PATH>/casos/aws-carddemo-cycle-v1/P3/official-campaign-large12k-run-v2/p2b-preparation/isolated-cycle/aws-carddemo-cycle-v1/P2b/build/CBTRN02C.c.h
        -:    0:Graph:<REDACTED_LOCAL_PATH>/casos/aws-carddemo-cycle-v1/P3/official-campaign-large12k-run-v2/p2b-preparation/isolated-cycle/aws-carddemo-cycle-v1/P2c-few-shot/runs/p2b-redirected/posting-o1x0sal3/gcov/CBTRN02C-CBTRN02C.gcno
        -:    0:Data:<REDACTED_LOCAL_PATH>/casos/aws-carddemo-cycle-v1/P3/official-campaign-large12k-run-v2/p2b-preparation/isolated-cycle/aws-carddemo-cycle-v1/P2c-few-shot/runs/p2b-redirected/posting-o1x0sal3/gcov/CBTRN02C-CBTRN02C.gcda
        -:    0:Runs:1
        -:    1:/* Generated by           cobc 3.2.0 */
        -:    2:/* Generated from         <REDACTED_LOCAL_PATH>/casos/aws-carddemo-cycle-v1/P3/official-campaign-large12k-run-v2/p2b-preparation/isolated-cycle/aws-carddemo-preparation/research-corpus/app/cbl/CBTRN02C.cbl */
        -:    3:/* Generated at           Sep 15 2026 17:01:12 */
        -:    4:/* GnuCOBOL build date    Jul 28 2023 18:42:18 */
        -:    5:/* GnuCOBOL package date  Jul 28 2023 17:02:56 UTC */
        -:    6:/* Compile command        cobc -std=ibm -fsign=ascii -I <REDACTED_LOCAL_PATH>/casos/aws-carddemo-cycle-v1/P3/official-campaign-large12k-run-v2/p2b-preparation/isolated-cycle/aws-carddemo-preparation/research-corpus/app/cpy -x -A -Dcob_write=p2b_observed_write -C -o <REDACTED_LOCAL_PATH>/casos/aws-carddemo-cycle-v1/P3/official-campaign-large12k-run-v2/p2b-preparation/isolated-cycle/aws-carddemo-cycle-v1/P2b/build/CBTRN02C.c <REDACTED_LOCAL_PATH>/casos/aws-carddemo-cycle-v1/P3/official-campaign-large12k-run-v2/p2b-preparation/isolated-cycle/aws-carddemo-preparation/research-corpus/app/cbl/CBTRN02C.cbl */
        -:    7:
        -:    8:
        -:    9:/* Module path */
        -:   10:static const char		*cob_module_path = NULL;
        -:   11:
        -:   12:/* Number of call parameters */
        -:   13:static int		cob_call_params = 0;
        -:   14:
        -:   15:/* Attributes */
        -:   16:
        -:   17:static const cob_field_attr a_1 =	{0x21,   0,   0, 0x1000, NULL};
        -:   18:static const cob_field_attr a_2 =	{0x10,   9,   0, 0x0000, NULL};
        -:   19:static const cob_field_attr a_3 =	{0x01,   0,   0, 0x0000, NULL};
        -:   20:static const cob_field_attr a_4 =	{0x21,   0,   0, 0x0000, NULL};
        -:   21:static const cob_field_attr a_5 =	{0x10,  11,   0, 0x0000, NULL};
        -:   22:static const cob_field_attr a_6 =	{0x10,  12,   2, 0x0001, NULL};
        -:   23:static const cob_field_attr a_7 =	{0x10,  11,   2, 0x0001, NULL};
        -:   24:static const cob_field_attr a_8 =	{0x10,   2,   0, 0x0000, NULL};
        -:   25:static const cob_field_attr a_9 =	{0x11,   9,   0, 0x0021, NULL};
        -:   26:static const cob_field_attr a_10 =	{0x11,   4,   0, 0x0020, NULL};
        -:   27:static const cob_field_attr a_11 =	{0x10,   3,   0, 0x0000, NULL};
        -:   28:
        -:   29:
        -:   30:/* Constants */
        -:   31:static const cob_field c_1	= {38, (cob_u8_ptr)"START OF EXECUTION OF PROGRAM CBTRN02C", &a_1};
        -:   32:static const cob_field c_2	= {24, (cob_u8_ptr)"TRANSACTIONS PROCESSED :", &a_1};
        -:   33:static const cob_field c_3	= {24, (cob_u8_ptr)"TRANSACTIONS REJECTED  :", &a_1};
        -:   34:static const cob_field c_4	= {36, (cob_u8_ptr)"END OF EXECUTION OF PROGRAM CBTRN02C", &a_1};
        -:   35:static const cob_field c_5	= {22, (cob_u8_ptr)"ERROR OPENING DALYTRAN", &a_1};
        -:   36:static const cob_field c_6	= {30, (cob_u8_ptr)"ERROR OPENING TRANSACTION FILE", &a_1};
        -:   37:static const cob_field c_7	= {28, (cob_u8_ptr)"ERROR OPENING CROSS REF FILE", &a_1};
        -:   38:static const cob_field c_8	= {31, (cob_u8_ptr)"ERROR OPENING DALY REJECTS FILE", &a_1};
        -:   39:static const cob_field c_9	= {33, (cob_u8_ptr)"ERROR OPENING ACCOUNT MASTER FILE", &a_1};
        -:   40:static const cob_field c_10	= {38, (cob_u8_ptr)"ERROR OPENING TRANSACTION BALANCE FILE", &a_1};
        -:   41:static const cob_field c_11	= {27, (cob_u8_ptr)"ERROR READING DALYTRAN FILE", &a_1};
        -:   42:static const cob_field c_12	= {25, (cob_u8_ptr)"INVALID CARD NUMBER FOUND", &a_1};
        -:   43:static const cob_field c_13	= {24, (cob_u8_ptr)"ACCOUNT RECORD NOT FOUND", &a_1};
        -:   44:static const cob_field c_14	= {21, (cob_u8_ptr)"OVERLIMIT TRANSACTION", &a_1};
        -:   45:static const cob_field c_15	= {42, (cob_u8_ptr)"TRANSACTION RECEIVED AFTER ACCT EXPIRATION", &a_1};
        -:   46:static const cob_field c_16	= {29, (cob_u8_ptr)"ERROR WRITING TO REJECTS FILE", &a_1};
        -:   47:static const cob_field c_17	= {35, (cob_u8_ptr)"TCATBAL record not found for key : ", &a_1};
        -:   48:static const cob_field c_18	= {12, (cob_u8_ptr)".. Creating.", &a_1};
        -:   49:static const cob_field c_19	= {38, (cob_u8_ptr)"ERROR READING TRANSACTION BALANCE FILE", &a_1};
        -:   50:static const cob_field c_20	= {38, (cob_u8_ptr)"ERROR WRITING TRANSACTION BALANCE FILE", &a_1};
        -:   51:static const cob_field c_21	= {40, (cob_u8_ptr)"ERROR REWRITING TRANSACTION BALANCE FILE", &a_1};
        -:   52:static const cob_field c_22	= {33, (cob_u8_ptr)"ERROR WRITING TO TRANSACTION FILE", &a_1};
        -:   53:static const cob_field c_23	= {27, (cob_u8_ptr)"ERROR CLOSING DALYTRAN FILE", &a_1};
        -:   54:static const cob_field c_24	= {30, (cob_u8_ptr)"ERROR CLOSING TRANSACTION FILE", &a_1};
        -:   55:static const cob_field c_25	= {28, (cob_u8_ptr)"ERROR CLOSING CROSS REF FILE", &a_1};
        -:   56:static const cob_field c_26	= {32, (cob_u8_ptr)"ERROR CLOSING DAILY REJECTS FILE", &a_1};
        -:   57:static const cob_field c_27	= {26, (cob_u8_ptr)"ERROR CLOSING ACCOUNT FILE", &a_1};
        -:   58:static const cob_field c_28	= {38, (cob_u8_ptr)"ERROR CLOSING TRANSACTION BALANCE FILE", &a_1};
        -:   59:static const cob_field c_29	= {16, (cob_u8_ptr)"ABENDING PROGRAM", &a_1};
        -:   60:static const cob_field c_30	= {20, (cob_u8_ptr)"FILE STATUS IS: NNNN", &a_1};
        -:   61:static const cob_field c_31	= {8, (cob_u8_ptr)"DALYTRAN", &a_1};
        -:   62:static const cob_field c_32	= {8, (cob_u8_ptr)"TRANFILE", &a_1};
        -:   63:static const cob_field c_33	= {8, (cob_u8_ptr)"XREFFILE", &a_1};
        -:   64:static const cob_field c_34	= {8, (cob_u8_ptr)"DALYREJS", &a_1};
        -:   65:static const cob_field c_35	= {8, (cob_u8_ptr)"ACCTFILE", &a_1};
        -:   66:static const cob_field c_36	= {8, (cob_u8_ptr)"TCATBALF", &a_1};
        -:   67:
        -:   68:
        -:   69:static COB_INLINE COB_A_INLINE int
        -:   70:cob_cmpswp_s32 (const void *p, const cob_s64_t n)
        -:   71:{
        -:   72:	int	val;
        -:   73:	void	*x;
      16*:   74:	x = &val;
      16*:   75:	optim_memcpy (x, p, 4);
      16*:   76:	val = COB_BSWAP_32 (val);
      16*:   77:	return (val < n) ? -1 : (val > n);
branch  0 taken 1 (fallthrough)
branch  1 taken 0
branch  2 taken 1 (fallthrough)
branch  3 taken 0
branch  4 taken 1 (fallthrough)
branch  5 taken 0
branch  6 taken 1 (fallthrough)
branch  7 taken 0
branch  8 taken 1 (fallthrough)
branch  9 taken 0
branch 10 taken 1 (fallthrough)
branch 11 taken 0
branch 12 taken 2 (fallthrough)
branch 13 taken 0
branch 14 taken 1 (fallthrough)
branch 15 taken 0
branch 16 taken 1 (fallthrough)
branch 17 taken 0
branch 18 never executed
branch 19 never executed
branch 20 never executed
branch 21 never executed
branch 22 never executed
branch 23 never executed
branch 24 never executed
branch 25 never executed
branch 26 taken 1 (fallthrough)
branch 27 taken 0
branch 28 taken 1 (fallthrough)
branch 29 taken 0
branch 30 taken 1 (fallthrough)
branch 31 taken 0
branch 32 taken 1 (fallthrough)
branch 33 taken 0
branch 34 taken 1 (fallthrough)
branch 35 taken 0
branch 36 taken 1 (fallthrough)
branch 37 taken 0
        -:   78:}
        -:   79:
        -:   80:
        -:   81:static COB_INLINE COB_A_INLINE void
        -:   82:cob_setswp_s32 (void *p, const int val)
        -:   83:{
        -:   84:	int		n;
        -:   85:	unsigned char		*x;
      14*:   86:	unsigned char		*px = p;
      14*:   87:	n = val;
      14*:   88:	x = (unsigned char *)&n;
      14*:   89:	px[0] = x[3];
      14*:   90:	px[1] = x[2];
      14*:   91:	px[2] = x[1];
      14*:   92:	px[3] = x[0];
      14*:   93:}
        -:   94:
