        -:    0:Source:<REDACTED_LOCAL_PATH>/casos/aws-carddemo-cycle-v1/P3/unified-preflight-v2/evidence-20260915T141454Z/isolated-cycle/aws-carddemo-cycle-v1/P2b/build/CBACT04C.c
        -:    0:Graph:CBACT04C.dylib-CBACT04C.gcno
        -:    0:Data:CBACT04C.dylib-CBACT04C.gcda
        -:    0:Runs:0
        -:    1:/* Generated by           cobc 3.2.0 */
        -:    2:/* Generated from         <REDACTED_LOCAL_PATH>/casos/aws-carddemo-cycle-v1/P3/unified-preflight-v2/evidence-20260915T141454Z/isolated-cycle/aws-carddemo-preparation/research-corpus/app/cbl/CBACT04C.cbl */
        -:    3:/* Generated at           Sep 15 2026 11:15:18 */
        -:    4:/* GnuCOBOL build date    Jul 28 2023 18:42:18 */
        -:    5:/* GnuCOBOL package date  Jul 28 2023 17:02:56 UTC */
        -:    6:/* Compile command        cobc -std=ibm -fsign=ascii -I <REDACTED_LOCAL_PATH>/casos/aws-carddemo-cycle-v1/P3/unified-preflight-v2/evidence-20260915T141454Z/isolated-cycle/aws-carddemo-preparation/research-corpus/app/cpy -m -C -o <REDACTED_LOCAL_PATH>/casos/aws-carddemo-cycle-v1/P3/unified-preflight-v2/evidence-20260915T141454Z/isolated-cycle/aws-carddemo-cycle-v1/P2b/build/CBACT04C.c <REDACTED_LOCAL_PATH>/casos/aws-carddemo-cycle-v1/P3/unified-preflight-v2/evidence-20260915T141454Z/isolated-cycle/aws-carddemo-preparation/research-corpus/app/cbl/CBACT04C.cbl */
        -:    7:
        -:    8:#include <string.h> /* for memcpy, memcmp and friends */
        -:    9:#define  COB_KEYWORD_INLINE __inline
        -:   10:#include <gmp.h>
        -:   11:#include <libcob.h>
        -:   12:
        -:   13:#define  COB_SOURCE_FILE		"<REDACTED_LOCAL_PATH>/casos/aws-carddemo-cycle-v1/P3/unified-preflight-v2/evidence-20260915T141454Z/isolated-cycle/aws-carddemo-preparation/research-corpus/app/cbl/CBACT04C.cbl"
        -:   14:#define  COB_PACKAGE_VERSION		"3.2"
        -:   15:#define  COB_PATCH_LEVEL		0
        -:   16:#define  COB_MODULE_FORMATTED_DATE	"Sep 15 2026 11:15:18"
        -:   17:#define  COB_MODULE_DATE		20260915
        -:   18:#define  COB_MODULE_TIME		111518
        -:   19:
        -:   20:/* Global variables */
        -:   21:#include "CBACT04C.c.h"
        -:   22:
        -:   23:/* Function prototypes */
        -:   24:
        -:   25:COB_EXT_EXPORT int		CBACT04C (cob_u8_t *);
        -:   26:static int		CBACT04C_ (const int, cob_u8_t *);
        -:   27:static void		CBACT04C_module_init (cob_module *module);
        -:   28:
        -:   29:/* Functions */
        -:   30:
        -:   31:static void gc_module_so_init () __attribute__ ((constructor));
function gc_module_so_init called 0 returned 0% blocks executed 0%
    #####:   32:static void gc_module_so_init ()
        -:   33:{
    #####:   34:  cob_check_version (COB_SOURCE_FILE, COB_PACKAGE_VERSION, COB_PATCH_LEVEL);
call    0 never executed
    #####:   35:}
        -:   36:
        -:   37:/* PROGRAM-ID 'CBACT04C' */
        -:   38:
        -:   39:/* ENTRY 'CBACT04C' */
        -:   40:
        -:   41:int
function CBACT04C called 0 returned 0% blocks executed 0%
    #####:   42:CBACT04C (cob_u8_t *b_157)
        -:   43:{
        -:   44:
        -:   45:  /* Get current number of call parameters,
        -:   46:     if the parameter count is unknown, set it to all */
    #####:   47:  if (cob_get_global_ptr ()->cob_current_module) {
call    0 never executed
branch  1 never executed
branch  2 never executed
    #####:   48:  	cob_call_params = cob_get_global_ptr ()->cob_call_params;
call    0 never executed
        -:   49:  } else {
    #####:   50:  	cob_call_params = 1;
        -:   51:  }
        -:   52:
        -:   53:  /* Set the parameter list */
    #####:   54:  switch (cob_call_params) {
branch  0 never executed
branch  1 never executed
    #####:   55:  case 0:
    #####:   56:    break;
    #####:   57:  default:
    #####:   58:    cob_parm_157 = b_157;
    #####:   59:    break;
        -:   60:  }
        -:   61:
    #####:   62:  return CBACT04C_ (0, cob_parm_157);
call    0 never executed
        -:   63:}
        -:   64:
        -:   65:static int
function CBACT04C_ called 0 returned 0% blocks executed 0%
    #####:   66:CBACT04C_ (const int entry, cob_u8_t *b_157)
branch  0 never executed
branch  1 never executed
        -:   67:{
        -:   68:  /* Program local variables */
        -:   69:  #include "CBACT04C.c.l.h"
        -:   70:
        -:   71:  /* Start of function code */
        -:   72:
        -:   73:  /* CANCEL callback */
    #####:   74:  if (unlikely(entry < 0)) {
branch  0 never executed
branch  1 never executed
    #####:   75:  	if (entry == -10)
branch  0 never executed
branch  1 never executed
    #####:   76:  		goto P_dump;
    #####:   77:  	if (entry == -20)
branch  0 never executed
branch  1 never executed
    #####:   78:  		goto P_clear_decimal;
    #####:   79:  	goto P_cancel;
        -:   80:  }
        -:   81:
        -:   82:  /* Check initialized, check module allocated, */
        -:   83:  /* set global pointer, */
        -:   84:  /* push module stack, save call parameter count */
    #####:   85:  if (cob_module_global_enter (&module, &cob_glob_ptr, 0, entry, 0))
call    0 never executed
branch  1 never executed
branch  2 never executed
    #####:   86:  	return -1;
        -:   87:
        -:   88:  /* Set address of module parameter list */
    #####:   89:  module->cob_procedure_params = cob_procedure_params;
        -:   90:
        -:   91:  /* Set frame stack pointer */
    #####:   92:  frame_ptr = frame_stack;
    #####:   93:  frame_ptr->perform_through = 0;
    #####:   94:  frame_ptr->return_address_ptr = &&P_cgerror;
        -:   95:
        -:   96:  /* Initialize rest of program */
    #####:   97:  if (unlikely(initialized == 0)) {
branch  0 never executed
branch  1 never executed
    #####:   98:  	goto P_initialize;
        -:   99:  }
    #####:  100:  P_ret_initialize:
        -:  101:
        -:  102:  /* Allocate decimal numbers */
    #####:  103:  cob_decimal_alloc (2, &d_0, &d_1);
call    0 never executed
        -:  104:
        -:  105:  /* Increment module active */
    #####:  106:  module->module_active++;
        -:  107:
        -:  108:  /* Entry dispatch */
    #####:  109:  goto l_2;
        -:  110:
        -:  111:  /* PROCEDURE DIVISION */
        -:  112:
        -:  113:  /* Line: 181       : Entry     CBACT04C                : <REDACTED_LOCAL_PATH>/casos/aws-carddemo-cycle-v1/P3/unified-preflight-v2/evidence-20260915T141454Z/isolated-cycle/aws-carddemo-preparation/research-corpus/app/cbl/CBACT04C.cbl */
    #####:  114:  l_2:;
        -:  115:
        -:  116:  /* Line: 181       : DISPLAY            : <REDACTED_LOCAL_PATH>/casos/aws-carddemo-cycle-v1/P3/unified-preflight-v2/evidence-20260915T141454Z/isolated-cycle/aws-carddemo-preparation/research-corpus/app/cbl/CBACT04C.cbl */
    #####:  117:  cob_display (0, 1, 1, &c_2);
call    0 never executed
        -:  118:
        -:  119:  /* Line: 182       : PERFORM            : <REDACTED_LOCAL_PATH>/casos/aws-carddemo-cycle-v1/P3/unified-preflight-v2/evidence-20260915T141454Z/isolated-cycle/aws-carddemo-preparation/research-corpus/app/cbl/CBACT04C.cbl */
        -:  120:  /* PERFORM 0000-TCATBALF-OPEN */
    #####:  121:  frame_ptr++;
    #####:  122:  frame_ptr->perform_through = 5;
    #####:  123:  frame_ptr->return_address_ptr = &&l_27;
    #####:  124:  goto l_5;
    #####:  125:  l_27:
    #####:  126:  frame_ptr--;
        -:  127:
        -:  128:  /* Line: 183       : PERFORM            : <REDACTED_LOCAL_PATH>/casos/aws-carddemo-cycle-v1/P3/unified-preflight-v2/evidence-20260915T141454Z/isolated-cycle/aws-carddemo-preparation/research-corpus/app/cbl/CBACT04C.cbl */
        -:  129:  /* PERFORM 0100-XREFFILE-OPEN */
    #####:  130:  frame_ptr++;
    #####:  131:  frame_ptr->perform_through = 6;
    #####:  132:  frame_ptr->return_address_ptr = &&l_28;
    #####:  133:  goto l_6;
    #####:  134:  l_28:
    #####:  135:  frame_ptr--;
        -:  136:
        -:  137:  /* Line: 184       : PERFORM            : <REDACTED_LOCAL_PATH>/casos/aws-carddemo-cycle-v1/P3/unified-preflight-v2/evidence-20260915T141454Z/isolated-cycle/aws-carddemo-preparation/research-corpus/app/cbl/CBACT04C.cbl */
        -:  138:  /* PERFORM 0200-DISCGRP-OPEN */
    #####:  139:  frame_ptr++;
    #####:  140:  frame_ptr->perform_through = 7;
    #####:  141:  frame_ptr->return_address_ptr = &&l_29;
    #####:  142:  goto l_7;
    #####:  143:  l_29:
    #####:  144:  frame_ptr--;
        -:  145:
        -:  146:  /* Line: 185       : PERFORM            : <REDACTED_LOCAL_PATH>/casos/aws-carddemo-cycle-v1/P3/unified-preflight-v2/evidence-20260915T141454Z/isolated-cycle/aws-carddemo-preparation/research-corpus/app/cbl/CBACT04C.cbl */
        -:  147:  /* PERFORM 0300-ACCTFILE-OPEN */
    #####:  148:  frame_ptr++;
    #####:  149:  frame_ptr->perform_through = 8;
    #####:  150:  frame_ptr->return_address_ptr = &&l_30;
    #####:  151:  goto l_8;
    #####:  152:  l_30:
    #####:  153:  frame_ptr--;
        -:  154:
        -:  155:  /* Line: 186       : PERFORM            : <REDACTED_LOCAL_PATH>/casos/aws-carddemo-cycle-v1/P3/unified-preflight-v2/evidence-20260915T141454Z/isolated-cycle/aws-carddemo-preparation/research-corpus/app/cbl/CBACT04C.cbl */
        -:  156:  /* PERFORM 0400-TRANFILE-OPEN */
    #####:  157:  frame_ptr++;
    #####:  158:  frame_ptr->perform_through = 9;
    #####:  159:  frame_ptr->return_address_ptr = &&l_31;
    #####:  160:  goto l_9;
    #####:  161:  l_31:
    #####:  162:  frame_ptr--;
        -:  163:
        -:  164:  /* Line: 188       : PERFORM            : <REDACTED_LOCAL_PATH>/casos/aws-carddemo-cycle-v1/P3/unified-preflight-v2/evidence-20260915T141454Z/isolated-cycle/aws-carddemo-preparation/research-corpus/app/cbl/CBACT04C.cbl */
        -:  165:  for (;;)
        -:  166:  {
        -:  167:    /* Line: 188       : UNTIL              : <REDACTED_LOCAL_PATH>/casos/aws-carddemo-cycle-v1/P3/unified-preflight-v2/evidence-20260915T141454Z/isolated-cycle/aws-carddemo-preparation/research-corpus/app/cbl/CBACT04C.cbl */
    #####:  168:    if (((int)(int)(*(b_121) - (unsigned char)'Y') == 0))
branch  0 never executed
branch  1 never executed
    #####:  169:      break;
        -:  170:
        -:  171:    /* Line: 189       : IF                 : <REDACTED_LOCAL_PATH>/casos/aws-carddemo-cycle-v1/P3/unified-preflight-v2/evidence-20260915T141454Z/isolated-cycle/aws-carddemo-preparation/research-corpus/app/cbl/CBACT04C.cbl */
    #####:  172:    if (((int)(int)(*(b_121) - (unsigned char)'N') == 0))
branch  0 never executed
branch  1 never executed
        -:  173:    {
        -:  174:
        -:  175:      /* Line: 190       : PERFORM            : <REDACTED_LOCAL_PATH>/casos/aws-carddemo-cycle-v1/P3/unified-preflight-v2/evidence-20260915T141454Z/isolated-cycle/aws-carddemo-preparation/research-corpus/app/cbl/CBACT04C.cbl */
        -:  176:      /* PERFORM 1000-TCATBALF-GET-NEXT */
    #####:  177:      frame_ptr++;
    #####:  178:      frame_ptr->perform_through = 10;
    #####:  179:      frame_ptr->return_address_ptr = &&l_32;
    #####:  180:      goto l_10;
    #####:  181:      l_32:
    #####:  182:      frame_ptr--;
        -:  183:
        -:  184:      /* Line: 191       : IF                 : <REDACTED_LOCAL_PATH>/casos/aws-carddemo-cycle-v1/P3/unified-preflight-v2/evidence-20260915T141454Z/isolated-cycle/aws-carddemo-preparation/research-corpus/app/cbl/CBACT04C.cbl */
    #####:  185:      if (((int)(int)(*(b_121) - (unsigned char)'N') == 0))
branch  0 never executed
branch  1 never executed
        -:  186:      {
        -:  187:
        -:  188:        /* Line: 192       : ADD                : <REDACTED_LOCAL_PATH>/casos/aws-carddemo-cycle-v1/P3/unified-preflight-v2/evidence-20260915T141454Z/isolated-cycle/aws-carddemo-preparation/research-corpus/app/cbl/CBACT04C.cbl */
    #####:  189:        cob_add_int (&f_155, 1, 0);
call    0 never executed
        -:  190:
        -:  191:        /* Line: 193       : DISPLAY            : <REDACTED_LOCAL_PATH>/casos/aws-carddemo-cycle-v1/P3/unified-preflight-v2/evidence-20260915T141454Z/isolated-cycle/aws-carddemo-preparation/research-corpus/app/cbl/CBACT04C.cbl */
    #####:  192:        cob_display (0, 1, 1, &f_45);
call    0 never executed
        -:  193:
        -:  194:        /* Line: 194       : IF                 : <REDACTED_LOCAL_PATH>/casos/aws-carddemo-cycle-v1/P3/unified-preflight-v2/evidence-20260915T141454Z/isolated-cycle/aws-carddemo-preparation/research-corpus/app/cbl/CBACT04C.cbl */
    #####:  195:        if (((int)cob_cmp (&f_47, &f_150) != 0))
call    0 never executed
branch  1 never executed
branch  2 never executed
        -:  196:        {
        -:  197:
        -:  198:          /* Line: 195       : IF                 : <REDACTED_LOCAL_PATH>/casos/aws-carddemo-cycle-v1/P3/unified-preflight-v2/evidence-20260915T141454Z/isolated-cycle/aws-carddemo-preparation/research-corpus/app/cbl/CBACT04C.cbl */
    #####:  199:          if (((int)(int)(*(b_149 + 33) - (unsigned char)'Y') != 0))
branch  0 never executed
branch  1 never executed
        -:  200:          {
        -:  201:
        -:  202:            /* Line: 196       : PERFORM            : <REDACTED_LOCAL_PATH>/casos/aws-carddemo-cycle-v1/P3/unified-preflight-v2/evidence-20260915T141454Z/isolated-cycle/aws-carddemo-preparation/research-corpus/app/cbl/CBACT04C.cbl */
        -:  203:            /* PERFORM 1050-UPDATE-ACCOUNT */
    #####:  204:            frame_ptr++;
    #####:  205:            frame_ptr->perform_through = 11;
    #####:  206:            frame_ptr->return_address_ptr = &&l_33;
    #####:  207:            goto l_11;
    #####:  208:            l_33:
    #####:  209:            frame_ptr--;
        -:  210:          }
        -:  211:          else
        -:  212:          {
        -:  213:            /* ELSE */
        -:  214:
        -:  215:            /* Line: 198       : MOVE               : <REDACTED_LOCAL_PATH>/casos/aws-carddemo-cycle-v1/P3/unified-preflight-v2/evidence-20260915T141454Z/isolated-cycle/aws-carddemo-preparation/research-corpus/app/cbl/CBACT04C.cbl */
    #####:  216:            *(b_149 + 33) = 78;
        -:  217:          }
        -:  218:
        -:  219:          /* Line: 200       : MOVE               : <REDACTED_LOCAL_PATH>/casos/aws-carddemo-cycle-v1/P3/unified-preflight-v2/evidence-20260915T141454Z/isolated-cycle/aws-carddemo-preparation/research-corpus/app/cbl/CBACT04C.cbl */
    #####:  220:          cob_move ((cob_field *)&c_3, &f_152);
call    0 never executed
        -:  221:
        -:  222:          /* Line: 201       : MOVE               : <REDACTED_LOCAL_PATH>/casos/aws-carddemo-cycle-v1/P3/unified-preflight-v2/evidence-20260915T141454Z/isolated-cycle/aws-carddemo-preparation/research-corpus/app/cbl/CBACT04C.cbl */
    #####:  223:          cob_move_ibm (b_149, b_45, 11);
call    0 never executed
        -:  224:
        -:  225:          /* Line: 202       : MOVE               : <REDACTED_LOCAL_PATH>/casos/aws-carddemo-cycle-v1/P3/unified-preflight-v2/evidence-20260915T141454Z/isolated-cycle/aws-carddemo-preparation/research-corpus/app/cbl/CBACT04C.cbl */
    #####:  226:          cob_move_ibm (b_40, b_45, 11);
call    0 never executed
        -:  227:
        -:  228:          /* Line: 203       : PERFORM            : <REDACTED_LOCAL_PATH>/casos/aws-carddemo-cycle-v1/P3/unified-preflight-v2/evidence-20260915T141454Z/isolated-cycle/aws-carddemo-preparation/research-corpus/app/cbl/CBACT04C.cbl */
        -:  229:          /* PERFORM 1100-GET-ACCT-DATA */
    #####:  230:          frame_ptr++;
    #####:  231:          frame_ptr->perform_through = 12;
    #####:  232:          frame_ptr->return_address_ptr = &&l_34;
    #####:  233:          goto l_12;
    #####:  234:          l_34:
    #####:  235:          frame_ptr--;
        -:  236:
        -:  237:          /* Line: 204       : MOVE               : <REDACTED_LOCAL_PATH>/casos/aws-carddemo-cycle-v1/P3/unified-preflight-v2/evidence-20260915T141454Z/isolated-cycle/aws-carddemo-preparation/research-corpus/app/cbl/CBACT04C.cbl */
    #####:  238:          cob_move_ibm (b_29 + 25, b_45, 11);
call    0 never executed
        -:  239:
        -:  240:          /* Line: 205       : PERFORM            : <REDACTED_LOCAL_PATH>/casos/aws-carddemo-cycle-v1/P3/unified-preflight-v2/evidence-20260915T141454Z/isolated-cycle/aws-carddemo-preparation/research-corpus/app/cbl/CBACT04C.cbl */
        -:  241:          /* PERFORM 1110-GET-XREF-DATA */
    #####:  242:          frame_ptr++;
    #####:  243:          frame_ptr->perform_through = 13;
    #####:  244:          frame_ptr->return_address_ptr = &&l_35;
    #####:  245:          goto l_13;
    #####:  246:          l_35:
    #####:  247:          frame_ptr--;
        -:  248:        }
        -:  249:
        -:  250:        /* Line: 210       : MOVE               : <REDACTED_LOCAL_PATH>/casos/aws-carddemo-cycle-v1/P3/unified-preflight-v2/evidence-20260915T141454Z/isolated-cycle/aws-carddemo-preparation/research-corpus/app/cbl/CBACT04C.cbl */
    #####:  251:        cob_move_ibm (b_36, b_73 + 112, 10);
call    0 never executed
        -:  252:
        -:  253:        /* Line: 211       : MOVE               : <REDACTED_LOCAL_PATH>/casos/aws-carddemo-cycle-v1/P3/unified-preflight-v2/evidence-20260915T141454Z/isolated-cycle/aws-carddemo-preparation/research-corpus/app/cbl/CBACT04C.cbl */
    #####:  254:        cob_move_ibm (b_36 + 12, b_45 + 13, 4);
call    0 never executed
        -:  255:
        -:  256:        /* Line: 212       : MOVE               : <REDACTED_LOCAL_PATH>/casos/aws-carddemo-cycle-v1/P3/unified-preflight-v2/evidence-20260915T141454Z/isolated-cycle/aws-carddemo-preparation/research-corpus/app/cbl/CBACT04C.cbl */
    #####:  257:        cob_move_ibm (b_36 + 10, b_45 + 11, 2);
call    0 never executed
        -:  258:
        -:  259:        /* Line: 213       : PERFORM            : <REDACTED_LOCAL_PATH>/casos/aws-carddemo-cycle-v1/P3/unified-preflight-v2/evidence-20260915T141454Z/isolated-cycle/aws-carddemo-preparation/research-corpus/app/cbl/CBACT04C.cbl */
        -:  260:        /* PERFORM 1200-GET-INTEREST-RATE */
    #####:  261:        frame_ptr++;
    #####:  262:        frame_ptr->perform_through = 14;
    #####:  263:        frame_ptr->return_address_ptr = &&l_36;
    #####:  264:        goto l_14;
    #####:  265:        l_36:
    #####:  266:        frame_ptr--;
        -:  267:
        -:  268:        /* Line: 214       : IF                 : <REDACTED_LOCAL_PATH>/casos/aws-carddemo-cycle-v1/P3/unified-preflight-v2/evidence-20260915T141454Z/isolated-cycle/aws-carddemo-preparation/research-corpus/app/cbl/CBACT04C.cbl */
    #####:  269:        if (((int)cob_cmp_llint (&f_68, 0LL) != 0))
call    0 never executed
branch  1 never executed
branch  2 never executed
        -:  270:        {
        -:  271:
        -:  272:          /* Line: 215       : PERFORM            : <REDACTED_LOCAL_PATH>/casos/aws-carddemo-cycle-v1/P3/unified-preflight-v2/evidence-20260915T141454Z/isolated-cycle/aws-carddemo-preparation/research-corpus/app/cbl/CBACT04C.cbl */
        -:  273:          /* PERFORM 1300-COMPUTE-INTEREST */
    #####:  274:          frame_ptr++;
    #####:  275:          frame_ptr->perform_through = 16;
    #####:  276:          frame_ptr->return_address_ptr = &&l_37;
    #####:  277:          goto l_16;
    #####:  278:          l_37:
    #####:  279:          frame_ptr--;
        -:  280:
        -:  281:          /* Line: 216       : PERFORM            : <REDACTED_LOCAL_PATH>/casos/aws-carddemo-cycle-v1/P3/unified-preflight-v2/evidence-20260915T141454Z/isolated-cycle/aws-carddemo-preparation/research-corpus/app/cbl/CBACT04C.cbl */
        -:  282:          /* PERFORM 1400-COMPUTE-FEES */
    #####:  283:          frame_ptr++;
    #####:  284:          frame_ptr->perform_through = 18;
    #####:  285:          frame_ptr->return_address_ptr = &&l_38;
    #####:  286:          goto l_18;
    #####:  287:          l_38:
    #####:  288:          frame_ptr--;
        -:  289:        }
        -:  290:      }
        -:  291:    }
        -:  292:    else
        -:  293:    {
        -:  294:      /* ELSE */
        -:  295:
        -:  296:      /* Line: 220       : PERFORM            : <REDACTED_LOCAL_PATH>/casos/aws-carddemo-cycle-v1/P3/unified-preflight-v2/evidence-20260915T141454Z/isolated-cycle/aws-carddemo-preparation/research-corpus/app/cbl/CBACT04C.cbl */
        -:  297:      /* PERFORM 1050-UPDATE-ACCOUNT */
    #####:  298:      frame_ptr++;
    #####:  299:      frame_ptr->perform_through = 11;
    #####:  300:      frame_ptr->return_address_ptr = &&l_39;
    #####:  301:      goto l_11;
    #####:  302:      l_39:
    #####:  303:      frame_ptr--;
        -:  304:    }
        -:  305:  }
        -:  306:
        -:  307:  /* Line: 224       : PERFORM            : <REDACTED_LOCAL_PATH>/casos/aws-carddemo-cycle-v1/P3/unified-preflight-v2/evidence-20260915T141454Z/isolated-cycle/aws-carddemo-preparation/research-corpus/app/cbl/CBACT04C.cbl */
        -:  308:  /* PERFORM 9000-TCATBALF-CLOSE */
    #####:  309:  frame_ptr++;
    #####:  310:  frame_ptr->perform_through = 19;
    #####:  311:  frame_ptr->return_address_ptr = &&l_40;
    #####:  312:  goto l_19;
    #####:  313:  l_40:
    #####:  314:  frame_ptr--;
        -:  315:
        -:  316:  /* Line: 225       : PERFORM            : <REDACTED_LOCAL_PATH>/casos/aws-carddemo-cycle-v1/P3/unified-preflight-v2/evidence-20260915T141454Z/isolated-cycle/aws-carddemo-preparation/research-corpus/app/cbl/CBACT04C.cbl */
        -:  317:  /* PERFORM 9100-XREFFILE-CLOSE */
    #####:  318:  frame_ptr++;
    #####:  319:  frame_ptr->perform_through = 20;
    #####:  320:  frame_ptr->return_address_ptr = &&l_41;
    #####:  321:  goto l_20;
    #####:  322:  l_41:
    #####:  323:  frame_ptr--;
        -:  324:
        -:  325:  /* Line: 226       : PERFORM            : <REDACTED_LOCAL_PATH>/casos/aws-carddemo-cycle-v1/P3/unified-preflight-v2/evidence-20260915T141454Z/isolated-cycle/aws-carddemo-preparation/research-corpus/app/cbl/CBACT04C.cbl */
        -:  326:  /* PERFORM 9200-DISCGRP-CLOSE */
    #####:  327:  frame_ptr++;
    #####:  328:  frame_ptr->perform_through = 21;
    #####:  329:  frame_ptr->return_address_ptr = &&l_42;
    #####:  330:  goto l_21;
    #####:  331:  l_42:
    #####:  332:  frame_ptr--;
        -:  333:
        -:  334:  /* Line: 227       : PERFORM            : <REDACTED_LOCAL_PATH>/casos/aws-carddemo-cycle-v1/P3/unified-preflight-v2/evidence-20260915T141454Z/isolated-cycle/aws-carddemo-preparation/research-corpus/app/cbl/CBACT04C.cbl */
        -:  335:  /* PERFORM 9300-ACCTFILE-CLOSE */
    #####:  336:  frame_ptr++;
    #####:  337:  frame_ptr->perform_through = 22;
    #####:  338:  frame_ptr->return_address_ptr = &&l_43;
    #####:  339:  goto l_22;
    #####:  340:  l_43:
    #####:  341:  frame_ptr--;
        -:  342:
        -:  343:  /* Line: 228       : PERFORM            : <REDACTED_LOCAL_PATH>/casos/aws-carddemo-cycle-v1/P3/unified-preflight-v2/evidence-20260915T141454Z/isolated-cycle/aws-carddemo-preparation/research-corpus/app/cbl/CBACT04C.cbl */
        -:  344:  /* PERFORM 9400-TRANFILE-CLOSE */
    #####:  345:  frame_ptr++;
    #####:  346:  frame_ptr->perform_through = 23;
    #####:  347:  frame_ptr->return_address_ptr = &&l_44;
    #####:  348:  goto l_23;
    #####:  349:  l_44:
    #####:  350:  frame_ptr--;
        -:  351:
        -:  352:  /* Line: 230       : DISPLAY            : <REDACTED_LOCAL_PATH>/casos/aws-carddemo-cycle-v1/P3/unified-preflight-v2/evidence-20260915T141454Z/isolated-cycle/aws-carddemo-preparation/research-corpus/app/cbl/CBACT04C.cbl */
    #####:  353:  cob_display (0, 1, 1, &c_4);
call    0 never executed
        -:  354:
        -:  355:  /* Line: 232       : GOBACK             : <REDACTED_LOCAL_PATH>/casos/aws-carddemo-cycle-v1/P3/unified-preflight-v2/evidence-20260915T141454Z/isolated-cycle/aws-carddemo-preparation/research-corpus/app/cbl/CBACT04C.cbl */
    #####:  356:  goto exit_program;
        -:  357:
        -:  358:  /* Line: 234       : Paragraph 0000-TCATBALF-OPEN      : <REDACTED_LOCAL_PATH>/casos/aws-carddemo-cycle-v1/P3/unified-preflight-v2/evidence-20260915T141454Z/isolated-cycle/aws-carddemo-preparation/research-corpus/app/cbl/CBACT04C.cbl */
    #####:  359:  l_5:;
        -:  360:
        -:  361:  /* Line: 235       : MOVE               : <REDACTED_LOCAL_PATH>/casos/aws-carddemo-cycle-v1/P3/unified-preflight-v2/evidence-20260915T141454Z/isolated-cycle/aws-carddemo-preparation/research-corpus/app/cbl/CBACT04C.cbl */
        -:  362:  cob_setswp_s32 (b_118, 8);
        -:  363:
        -:  364:  /* Line: 236       : OPEN               : <REDACTED_LOCAL_PATH>/casos/aws-carddemo-cycle-v1/P3/unified-preflight-v2/evidence-20260915T141454Z/isolated-cycle/aws-carddemo-preparation/research-corpus/app/cbl/CBACT04C.cbl */
    #####:  365:  cob_open (h_TCATBAL_FILE, COB_OPEN_INPUT, 0, &f_52);
call    0 never executed
    #####:  366:  if (unlikely(cob_glob_ptr->cob_exception_code != 0))
branch  0 never executed
branch  1 never executed
        -:  367:  {
        -:  368:    /* USE PROCEDURE Default Error Handler */
    #####:  369:    frame_ptr++;
    #####:  370:    frame_ptr->perform_through = 1;
    #####:  371:    frame_ptr->return_address_ptr = &&l_45;
    #####:  372:    goto l_1;
    #####:  373:    l_45:
    #####:  374:    frame_ptr--;
        -:  375:  }
        -:  376:
        -:  377:  /* Line: 237       : IF                 : <REDACTED_LOCAL_PATH>/casos/aws-carddemo-cycle-v1/P3/unified-preflight-v2/evidence-20260915T141454Z/isolated-cycle/aws-carddemo-preparation/research-corpus/app/cbl/CBACT04C.cbl */
    #####:  378:  if (((int)memcmp (b_52, (cob_u8_ptr)"00", 2) == 0))
branch  0 never executed
branch  1 never executed
        -:  379:  {
        -:  380:
        -:  381:    /* Line: 238       : MOVE               : <REDACTED_LOCAL_PATH>/casos/aws-carddemo-cycle-v1/P3/unified-preflight-v2/evidence-20260915T141454Z/isolated-cycle/aws-carddemo-preparation/research-corpus/app/cbl/CBACT04C.cbl */
    #####:  382:    memset (b_118, 0, 4);
        -:  383:  }
        -:  384:  else
        -:  385:  {
        -:  386:    /* ELSE */
        -:  387:
        -:  388:    /* Line: 240       : MOVE               : <REDACTED_LOCAL_PATH>/casos/aws-carddemo-cycle-v1/P3/unified-preflight-v2/evidence-20260915T141454Z/isolated-cycle/aws-carddemo-preparation/research-corpus/app/cbl/CBACT04C.cbl */
        -:  389:    cob_setswp_s32 (b_118, 12);
        -:  390:  }
        -:  391:
        -:  392:  /* Line: 242       : IF                 : <REDACTED_LOCAL_PATH>/casos/aws-carddemo-cycle-v1/P3/unified-preflight-v2/evidence-20260915T141454Z/isolated-cycle/aws-carddemo-preparation/research-corpus/app/cbl/CBACT04C.cbl */
    #####:  393:  if (((int)cob_cmpswp_s32 (b_118, 0LL) == 0))
branch  0 never executed
branch  1 never executed
        -:  394:  {
        -:  395:
        -:  396:    /* Line: 243       : CONTINUE           : <REDACTED_LOCAL_PATH>/casos/aws-carddemo-cycle-v1/P3/unified-preflight-v2/evidence-20260915T141454Z/isolated-cycle/aws-carddemo-preparation/research-corpus/app/cbl/CBACT04C.cbl */
        -:  397:    ;
        -:  398:  }
        -:  399:  else
        -:  400:  {
        -:  401:    /* ELSE */
        -:  402:
        -:  403:    /* Line: 245       : DISPLAY            : <REDACTED_LOCAL_PATH>/casos/aws-carddemo-cycle-v1/P3/unified-preflight-v2/evidence-20260915T141454Z/isolated-cycle/aws-carddemo-preparation/research-corpus/app/cbl/CBACT04C.cbl */
    #####:  404:    cob_display (0, 1, 1, &c_5);
call    0 never executed
        -:  405:
        -:  406:    /* Line: 246       : MOVE               : <REDACTED_LOCAL_PATH>/casos/aws-carddemo-cycle-v1/P3/unified-preflight-v2/evidence-20260915T141454Z/isolated-cycle/aws-carddemo-preparation/research-corpus/app/cbl/CBACT04C.cbl */
    #####:  407:    cob_move_ibm (b_108, b_52, 2);
call    0 never executed
        -:  408:
        -:  409:    /* Line: 247       : PERFORM            : <REDACTED_LOCAL_PATH>/casos/aws-carddemo-cycle-v1/P3/unified-preflight-v2/evidence-20260915T141454Z/isolated-cycle/aws-carddemo-preparation/research-corpus/app/cbl/CBACT04C.cbl */
        -:  410:    /* PERFORM 9910-DISPLAY-IO-STATUS */
    #####:  411:    frame_ptr++;
    #####:  412:    frame_ptr->perform_through = 26;
    #####:  413:    frame_ptr->return_address_ptr = &&l_46;
    #####:  414:    goto l_26;
    #####:  415:    l_46:
    #####:  416:    frame_ptr--;
        -:  417:
        -:  418:    /* Line: 248       : PERFORM            : <REDACTED_LOCAL_PATH>/casos/aws-carddemo-cycle-v1/P3/unified-preflight-v2/evidence-20260915T141454Z/isolated-cycle/aws-carddemo-preparation/research-corpus/app/cbl/CBACT04C.cbl */
        -:  419:    /* PERFORM 9999-ABEND-PROGRAM */
    #####:  420:    frame_ptr++;
    #####:  421:    frame_ptr->perform_through = 25;
    #####:  422:    frame_ptr->return_address_ptr = &&l_47;
    #####:  423:    goto l_25;
    #####:  424:    l_47:
    #####:  425:    frame_ptr--;
        -:  426:  }
        -:  427:
        -:  428:  /* Line: 250       : EXIT               : <REDACTED_LOCAL_PATH>/casos/aws-carddemo-cycle-v1/P3/unified-preflight-v2/evidence-20260915T141454Z/isolated-cycle/aws-carddemo-preparation/research-corpus/app/cbl/CBACT04C.cbl */
        -:  429:
        -:  430:  /* Implicit PERFORM return */
    #####:  431:  for (temp_index = frame_ptr; temp_index->perform_through; temp_index--) {
branch  0 never executed
branch  1 never executed
    #####:  432:    if (temp_index->perform_through == 5) {
branch  0 never executed
branch  1 never executed
    #####:  433:      frame_ptr = temp_index;
    #####:  434:      goto *frame_ptr->return_address_ptr;
        -:  435:    }
        -:  436:  }
        -:  437:
        -:  438:  /* Line: 252       : Paragraph 0100-XREFFILE-OPEN      : <REDACTED_LOCAL_PATH>/casos/aws-carddemo-cycle-v1/P3/unified-preflight-v2/evidence-20260915T141454Z/isolated-cycle/aws-carddemo-preparation/research-corpus/app/cbl/CBACT04C.cbl */
    #####:  439:  l_6:;
        -:  440:
        -:  441:  /* Line: 253       : MOVE               : <REDACTED_LOCAL_PATH>/casos/aws-carddemo-cycle-v1/P3/unified-preflight-v2/evidence-20260915T141454Z/isolated-cycle/aws-carddemo-preparation/research-corpus/app/cbl/CBACT04C.cbl */
        -:  442:  cob_setswp_s32 (b_118, 8);
        -:  443:
        -:  444:  /* Line: 254       : OPEN               : <REDACTED_LOCAL_PATH>/casos/aws-carddemo-cycle-v1/P3/unified-preflight-v2/evidence-20260915T141454Z/isolated-cycle/aws-carddemo-preparation/research-corpus/app/cbl/CBACT04C.cbl */
    #####:  445:  cob_open (h_XREF_FILE, COB_OPEN_INPUT, 0, &f_60);
call    0 never executed
    #####:  446:  if (unlikely(cob_glob_ptr->cob_exception_code != 0))
branch  0 never executed
branch  1 never executed
        -:  447:  {
        -:  448:    /* USE PROCEDURE Default Error Handler */
    #####:  449:    frame_ptr++;
    #####:  450:    frame_ptr->perform_through = 1;
    #####:  451:    frame_ptr->return_address_ptr = &&l_48;
    #####:  452:    goto l_1;
    #####:  453:    l_48:
    #####:  454:    frame_ptr--;
        -:  455:  }
        -:  456:
        -:  457:  /* Line: 255       : IF                 : <REDACTED_LOCAL_PATH>/casos/aws-carddemo-cycle-v1/P3/unified-preflight-v2/evidence-20260915T141454Z/isolated-cycle/aws-carddemo-preparation/research-corpus/app/cbl/CBACT04C.cbl */
    #####:  458:  if (((int)memcmp (b_60, (cob_u8_ptr)"00", 2) == 0))
branch  0 never executed
branch  1 never executed
        -:  459:  {
        -:  460:
        -:  461:    /* Line: 256       : MOVE               : <REDACTED_LOCAL_PATH>/casos/aws-carddemo-cycle-v1/P3/unified-preflight-v2/evidence-20260915T141454Z/isolated-cycle/aws-carddemo-preparation/research-corpus/app/cbl/CBACT04C.cbl */
    #####:  462:    memset (b_118, 0, 4);
        -:  463:  }
        -:  464:  else
        -:  465:  {
        -:  466:    /* ELSE */
        -:  467:
        -:  468:    /* Line: 258       : MOVE               : <REDACTED_LOCAL_PATH>/casos/aws-carddemo-cycle-v1/P3/unified-preflight-v2/evidence-20260915T141454Z/isolated-cycle/aws-carddemo-preparation/research-corpus/app/cbl/CBACT04C.cbl */
        -:  469:    cob_setswp_s32 (b_118, 12);
        -:  470:  }
        -:  471:
        -:  472:  /* Line: 260       : IF                 : <REDACTED_LOCAL_PATH>/casos/aws-carddemo-cycle-v1/P3/unified-preflight-v2/evidence-20260915T141454Z/isolated-cycle/aws-carddemo-preparation/research-corpus/app/cbl/CBACT04C.cbl */
    #####:  473:  if (((int)cob_cmpswp_s32 (b_118, 0LL) == 0))
branch  0 never executed
branch  1 never executed
        -:  474:  {
        -:  475:
        -:  476:    /* Line: 261       : CONTINUE           : <REDACTED_LOCAL_PATH>/casos/aws-carddemo-cycle-v1/P3/unified-preflight-v2/evidence-20260915T141454Z/isolated-cycle/aws-carddemo-preparation/research-corpus/app/cbl/CBACT04C.cbl */
        -:  477:    ;
        -:  478:  }
        -:  479:  else
        -:  480:  {
        -:  481:    /* ELSE */
        -:  482:
        -:  483:    /* Line: 263       : DISPLAY            : <REDACTED_LOCAL_PATH>/casos/aws-carddemo-cycle-v1/P3/unified-preflight-v2/evidence-20260915T141454Z/isolated-cycle/aws-carddemo-preparation/research-corpus/app/cbl/CBACT04C.cbl */
    #####:  484:    cob_display (0, 1, 2, &c_6, &f_60);
call    0 never executed
        -:  485:
        -:  486:    /* Line: 264       : MOVE               : <REDACTED_LOCAL_PATH>/casos/aws-carddemo-cycle-v1/P3/unified-preflight-v2/evidence-20260915T141454Z/isolated-cycle/aws-carddemo-preparation/research-corpus/app/cbl/CBACT04C.cbl */
    #####:  487:    cob_move_ibm (b_108, b_60, 2);
call    0 never executed
        -:  488:
        -:  489:    /* Line: 265       : PERFORM            : <REDACTED_LOCAL_PATH>/casos/aws-carddemo-cycle-v1/P3/unified-preflight-v2/evidence-20260915T141454Z/isolated-cycle/aws-carddemo-preparation/research-corpus/app/cbl/CBACT04C.cbl */
        -:  490:    /* PERFORM 9910-DISPLAY-IO-STATUS */
    #####:  491:    frame_ptr++;
    #####:  492:    frame_ptr->perform_through = 26;
    #####:  493:    frame_ptr->return_address_ptr = &&l_49;
    #####:  494:    goto l_26;
    #####:  495:    l_49:
    #####:  496:    frame_ptr--;
        -:  497:
        -:  498:    /* Line: 266       : PERFORM            : <REDACTED_LOCAL_PATH>/casos/aws-carddemo-cycle-v1/P3/unified-preflight-v2/evidence-20260915T141454Z/isolated-cycle/aws-carddemo-preparation/research-corpus/app/cbl/CBACT04C.cbl */
        -:  499:    /* PERFORM 9999-ABEND-PROGRAM */
    #####:  500:    frame_ptr++;
    #####:  501:    frame_ptr->perform_through = 25;
    #####:  502:    frame_ptr->return_address_ptr = &&l_50;
    #####:  503:    goto l_25;
    #####:  504:    l_50:
    #####:  505:    frame_ptr--;
        -:  506:  }
        -:  507:
        -:  508:  /* Line: 268       : EXIT               : <REDACTED_LOCAL_PATH>/casos/aws-carddemo-cycle-v1/P3/unified-preflight-v2/evidence-20260915T141454Z/isolated-cycle/aws-carddemo-preparation/research-corpus/app/cbl/CBACT04C.cbl */
        -:  509:
        -:  510:  /* Implicit PERFORM return */
    #####:  511:  for (temp_index = frame_ptr; temp_index->perform_through; temp_index--) {
branch  0 never executed
branch  1 never executed
    #####:  512:    if (temp_index->perform_through == 6) {
branch  0 never executed
branch  1 never executed
    #####:  513:      frame_ptr = temp_index;
    #####:  514:      goto *frame_ptr->return_address_ptr;
        -:  515:    }
        -:  516:  }
        -:  517:
        -:  518:  /* Line: 270       : Paragraph 0200-DISCGRP-OPEN       : <REDACTED_LOCAL_PATH>/casos/aws-carddemo-cycle-v1/P3/unified-preflight-v2/evidence-20260915T141454Z/isolated-cycle/aws-carddemo-preparation/research-corpus/app/cbl/CBACT04C.cbl */
    #####:  519:  l_7:;
        -:  520:
        -:  521:  /* Line: 271       : MOVE               : <REDACTED_LOCAL_PATH>/casos/aws-carddemo-cycle-v1/P3/unified-preflight-v2/evidence-20260915T141454Z/isolated-cycle/aws-carddemo-preparation/research-corpus/app/cbl/CBACT04C.cbl */
        -:  522:  cob_setswp_s32 (b_118, 8);
        -:  523:
        -:  524:  /* Line: 272       : OPEN               : <REDACTED_LOCAL_PATH>/casos/aws-carddemo-cycle-v1/P3/unified-preflight-v2/evidence-20260915T141454Z/isolated-cycle/aws-carddemo-preparation/research-corpus/app/cbl/CBACT04C.cbl */
    #####:  525:  cob_open (h_DISCGRP_FILE, COB_OPEN_INPUT, 0, &f_70);
call    0 never executed
    #####:  526:  if (unlikely(cob_glob_ptr->cob_exception_code != 0))
branch  0 never executed
branch  1 never executed
        -:  527:  {
        -:  528:    /* USE PROCEDURE Default Error Handler */
    #####:  529:    frame_ptr++;
    #####:  530:    frame_ptr->perform_through = 1;
    #####:  531:    frame_ptr->return_address_ptr = &&l_51;
    #####:  532:    goto l_1;
    #####:  533:    l_51:
    #####:  534:    frame_ptr--;
        -:  535:  }
        -:  536:
        -:  537:  /* Line: 273       : IF                 : <REDACTED_LOCAL_PATH>/casos/aws-carddemo-cycle-v1/P3/unified-preflight-v2/evidence-20260915T141454Z/isolated-cycle/aws-carddemo-preparation/research-corpus/app/cbl/CBACT04C.cbl */
    #####:  538:  if (((int)memcmp (b_70, (cob_u8_ptr)"00", 2) == 0))
branch  0 never executed
branch  1 never executed
        -:  539:  {
        -:  540:
        -:  541:    /* Line: 274       : MOVE               : <REDACTED_LOCAL_PATH>/casos/aws-carddemo-cycle-v1/P3/unified-preflight-v2/evidence-20260915T141454Z/isolated-cycle/aws-carddemo-preparation/research-corpus/app/cbl/CBACT04C.cbl */
    #####:  542:    memset (b_118, 0, 4);
        -:  543:  }
        -:  544:  else
        -:  545:  {
        -:  546:    /* ELSE */
        -:  547:
        -:  548:    /* Line: 276       : MOVE               : <REDACTED_LOCAL_PATH>/casos/aws-carddemo-cycle-v1/P3/unified-preflight-v2/evidence-20260915T141454Z/isolated-cycle/aws-carddemo-preparation/research-corpus/app/cbl/CBACT04C.cbl */
        -:  549:    cob_setswp_s32 (b_118, 12);
        -:  550:  }
        -:  551:
        -:  552:  /* Line: 278       : IF                 : <REDACTED_LOCAL_PATH>/casos/aws-carddemo-cycle-v1/P3/unified-preflight-v2/evidence-20260915T141454Z/isolated-cycle/aws-carddemo-preparation/research-corpus/app/cbl/CBACT04C.cbl */
    #####:  553:  if (((int)cob_cmpswp_s32 (b_118, 0LL) == 0))
branch  0 never executed
branch  1 never executed
        -:  554:  {
        -:  555:
        -:  556:    /* Line: 279       : CONTINUE           : <REDACTED_LOCAL_PATH>/casos/aws-carddemo-cycle-v1/P3/unified-preflight-v2/evidence-20260915T141454Z/isolated-cycle/aws-carddemo-preparation/research-corpus/app/cbl/CBACT04C.cbl */
        -:  557:    ;
        -:  558:  }
        -:  559:  else
        -:  560:  {
        -:  561:    /* ELSE */
        -:  562:
        -:  563:    /* Line: 281       : DISPLAY            : <REDACTED_LOCAL_PATH>/casos/aws-carddemo-cycle-v1/P3/unified-preflight-v2/evidence-20260915T141454Z/isolated-cycle/aws-carddemo-preparation/research-corpus/app/cbl/CBACT04C.cbl */
    #####:  564:    cob_display (0, 1, 1, &c_7);
call    0 never executed
        -:  565:
        -:  566:    /* Line: 282       : MOVE               : <REDACTED_LOCAL_PATH>/casos/aws-carddemo-cycle-v1/P3/unified-preflight-v2/evidence-20260915T141454Z/isolated-cycle/aws-carddemo-preparation/research-corpus/app/cbl/CBACT04C.cbl */
    #####:  567:    cob_move_ibm (b_108, b_70, 2);
call    0 never executed
        -:  568:
        -:  569:    /* Line: 283       : PERFORM            : <REDACTED_LOCAL_PATH>/casos/aws-carddemo-cycle-v1/P3/unified-preflight-v2/evidence-20260915T141454Z/isolated-cycle/aws-carddemo-preparation/research-corpus/app/cbl/CBACT04C.cbl */
        -:  570:    /* PERFORM 9910-DISPLAY-IO-STATUS */
    #####:  571:    frame_ptr++;
    #####:  572:    frame_ptr->perform_through = 26;
    #####:  573:    frame_ptr->return_address_ptr = &&l_52;
    #####:  574:    goto l_26;
    #####:  575:    l_52:
    #####:  576:    frame_ptr--;
        -:  577:
        -:  578:    /* Line: 284       : PERFORM            : <REDACTED_LOCAL_PATH>/casos/aws-carddemo-cycle-v1/P3/unified-preflight-v2/evidence-20260915T141454Z/isolated-cycle/aws-carddemo-preparation/research-corpus/app/cbl/CBACT04C.cbl */
        -:  579:    /* PERFORM 9999-ABEND-PROGRAM */
    #####:  580:    frame_ptr++;
    #####:  581:    frame_ptr->perform_through = 25;
    #####:  582:    frame_ptr->return_address_ptr = &&l_53;
    #####:  583:    goto l_25;
    #####:  584:    l_53:
    #####:  585:    frame_ptr--;
        -:  586:  }
        -:  587:
        -:  588:  /* Line: 286       : EXIT               : <REDACTED_LOCAL_PATH>/casos/aws-carddemo-cycle-v1/P3/unified-preflight-v2/evidence-20260915T141454Z/isolated-cycle/aws-carddemo-preparation/research-corpus/app/cbl/CBACT04C.cbl */
        -:  589:
        -:  590:  /* Implicit PERFORM return */
    #####:  591:  for (temp_index = frame_ptr; temp_index->perform_through; temp_index--) {
branch  0 never executed
branch  1 never executed
    #####:  592:    if (temp_index->perform_through == 7) {
branch  0 never executed
branch  1 never executed
    #####:  593:      frame_ptr = temp_index;
    #####:  594:      goto *frame_ptr->return_address_ptr;
        -:  595:    }
        -:  596:  }
        -:  597:
        -:  598:  /* Line: 289       : Paragraph 0300-ACCTFILE-OPEN      : <REDACTED_LOCAL_PATH>/casos/aws-carddemo-cycle-v1/P3/unified-preflight-v2/evidence-20260915T141454Z/isolated-cycle/aws-carddemo-preparation/research-corpus/app/cbl/CBACT04C.cbl */
    #####:  599:  l_8:;
        -:  600:
        -:  601:  /* Line: 290       : MOVE               : <REDACTED_LOCAL_PATH>/casos/aws-carddemo-cycle-v1/P3/unified-preflight-v2/evidence-20260915T141454Z/isolated-cycle/aws-carddemo-preparation/research-corpus/app/cbl/CBACT04C.cbl */
        -:  602:  cob_setswp_s32 (b_118, 8);
        -:  603:
        -:  604:  /* Line: 291       : OPEN               : <REDACTED_LOCAL_PATH>/casos/aws-carddemo-cycle-v1/P3/unified-preflight-v2/evidence-20260915T141454Z/isolated-cycle/aws-carddemo-preparation/research-corpus/app/cbl/CBACT04C.cbl */
    #####:  605:  cob_open (h_ACCOUNT_FILE, COB_OPEN_I_O, 0, &f_87);
call    0 never executed
    #####:  606:  if (unlikely(cob_glob_ptr->cob_exception_code != 0))
branch  0 never executed
branch  1 never executed
        -:  607:  {
        -:  608:    /* USE PROCEDURE Default Error Handler */
    #####:  609:    frame_ptr++;
    #####:  610:    frame_ptr->perform_through = 1;
    #####:  611:    frame_ptr->return_address_ptr = &&l_54;
    #####:  612:    goto l_1;
    #####:  613:    l_54:
    #####:  614:    frame_ptr--;
        -:  615:  }
        -:  616:
        -:  617:  /* Line: 292       : IF                 : <REDACTED_LOCAL_PATH>/casos/aws-carddemo-cycle-v1/P3/unified-preflight-v2/evidence-20260915T141454Z/isolated-cycle/aws-carddemo-preparation/research-corpus/app/cbl/CBACT04C.cbl */
    #####:  618:  if (((int)memcmp (b_87, (cob_u8_ptr)"00", 2) == 0))
branch  0 never executed
branch  1 never executed
        -:  619:  {
        -:  620:
        -:  621:    /* Line: 293       : MOVE               : <REDACTED_LOCAL_PATH>/casos/aws-carddemo-cycle-v1/P3/unified-preflight-v2/evidence-20260915T141454Z/isolated-cycle/aws-carddemo-preparation/research-corpus/app/cbl/CBACT04C.cbl */
    #####:  622:    memset (b_118, 0, 4);
        -:  623:  }
        -:  624:  else
        -:  625:  {
        -:  626:    /* ELSE */
        -:  627:
        -:  628:    /* Line: 295       : MOVE               : <REDACTED_LOCAL_PATH>/casos/aws-carddemo-cycle-v1/P3/unified-preflight-v2/evidence-20260915T141454Z/isolated-cycle/aws-carddemo-preparation/research-corpus/app/cbl/CBACT04C.cbl */
        -:  629:    cob_setswp_s32 (b_118, 12);
        -:  630:  }
        -:  631:
        -:  632:  /* Line: 297       : IF                 : <REDACTED_LOCAL_PATH>/casos/aws-carddemo-cycle-v1/P3/unified-preflight-v2/evidence-20260915T141454Z/isolated-cycle/aws-carddemo-preparation/research-corpus/app/cbl/CBACT04C.cbl */
    #####:  633:  if (((int)cob_cmpswp_s32 (b_118, 0LL) == 0))
branch  0 never executed
branch  1 never executed
        -:  634:  {
        -:  635:
        -:  636:    /* Line: 298       : CONTINUE           : <REDACTED_LOCAL_PATH>/casos/aws-carddemo-cycle-v1/P3/unified-preflight-v2/evidence-20260915T141454Z/isolated-cycle/aws-carddemo-preparation/research-corpus/app/cbl/CBACT04C.cbl */
        -:  637:    ;
        -:  638:  }
        -:  639:  else
        -:  640:  {
        -:  641:    /* ELSE */
        -:  642:
        -:  643:    /* Line: 300       : DISPLAY            : <REDACTED_LOCAL_PATH>/casos/aws-carddemo-cycle-v1/P3/unified-preflight-v2/evidence-20260915T141454Z/isolated-cycle/aws-carddemo-preparation/research-corpus/app/cbl/CBACT04C.cbl */
    #####:  644:    cob_display (0, 1, 1, &c_8);
call    0 never executed
        -:  645:
        -:  646:    /* Line: 301       : MOVE               : <REDACTED_LOCAL_PATH>/casos/aws-carddemo-cycle-v1/P3/unified-preflight-v2/evidence-20260915T141454Z/isolated-cycle/aws-carddemo-preparation/research-corpus/app/cbl/CBACT04C.cbl */
    #####:  647:    cob_move_ibm (b_108, b_87, 2);
call    0 never executed
        -:  648:
        -:  649:    /* Line: 302       : PERFORM            : <REDACTED_LOCAL_PATH>/casos/aws-carddemo-cycle-v1/P3/unified-preflight-v2/evidence-20260915T141454Z/isolated-cycle/aws-carddemo-preparation/research-corpus/app/cbl/CBACT04C.cbl */
        -:  650:    /* PERFORM 9910-DISPLAY-IO-STATUS */
    #####:  651:    frame_ptr++;
    #####:  652:    frame_ptr->perform_through = 26;
    #####:  653:    frame_ptr->return_address_ptr = &&l_55;
    #####:  654:    goto l_26;
    #####:  655:    l_55:
    #####:  656:    frame_ptr--;
        -:  657:
        -:  658:    /* Line: 303       : PERFORM            : <REDACTED_LOCAL_PATH>/casos/aws-carddemo-cycle-v1/P3/unified-preflight-v2/evidence-20260915T141454Z/isolated-cycle/aws-carddemo-preparation/research-corpus/app/cbl/CBACT04C.cbl */
        -:  659:    /* PERFORM 9999-ABEND-PROGRAM */
    #####:  660:    frame_ptr++;
    #####:  661:    frame_ptr->perform_through = 25;
    #####:  662:    frame_ptr->return_address_ptr = &&l_56;
    #####:  663:    goto l_25;
    #####:  664:    l_56:
    #####:  665:    frame_ptr--;
        -:  666:  }
        -:  667:
        -:  668:  /* Line: 305       : EXIT               : <REDACTED_LOCAL_PATH>/casos/aws-carddemo-cycle-v1/P3/unified-preflight-v2/evidence-20260915T141454Z/isolated-cycle/aws-carddemo-preparation/research-corpus/app/cbl/CBACT04C.cbl */
        -:  669:
        -:  670:  /* Implicit PERFORM return */
    #####:  671:  for (temp_index = frame_ptr; temp_index->perform_through; temp_index--) {
branch  0 never executed
branch  1 never executed
    #####:  672:    if (temp_index->perform_through == 8) {
branch  0 never executed
branch  1 never executed
    #####:  673:      frame_ptr = temp_index;
    #####:  674:      goto *frame_ptr->return_address_ptr;
        -:  675:    }
        -:  676:  }
        -:  677:
        -:  678:  /* Line: 307       : Paragraph 0400-TRANFILE-OPEN      : <REDACTED_LOCAL_PATH>/casos/aws-carddemo-cycle-v1/P3/unified-preflight-v2/evidence-20260915T141454Z/isolated-cycle/aws-carddemo-preparation/research-corpus/app/cbl/CBACT04C.cbl */
    #####:  679:  l_9:;
        -:  680:
        -:  681:  /* Line: 308       : MOVE               : <REDACTED_LOCAL_PATH>/casos/aws-carddemo-cycle-v1/P3/unified-preflight-v2/evidence-20260915T141454Z/isolated-cycle/aws-carddemo-preparation/research-corpus/app/cbl/CBACT04C.cbl */
        -:  682:  cob_setswp_s32 (b_118, 8);
        -:  683:
        -:  684:  /* Line: 309       : OPEN               : <REDACTED_LOCAL_PATH>/casos/aws-carddemo-cycle-v1/P3/unified-preflight-v2/evidence-20260915T141454Z/isolated-cycle/aws-carddemo-preparation/research-corpus/app/cbl/CBACT04C.cbl */
    #####:  685:  cob_open (h_TRANSACT_FILE, COB_OPEN_OUTPUT, 0, &f_105);
call    0 never executed
    #####:  686:  if (unlikely(cob_glob_ptr->cob_exception_code != 0))
branch  0 never executed
branch  1 never executed
        -:  687:  {
        -:  688:    /* USE PROCEDURE Default Error Handler */
    #####:  689:    frame_ptr++;
    #####:  690:    frame_ptr->perform_through = 1;
    #####:  691:    frame_ptr->return_address_ptr = &&l_57;
    #####:  692:    goto l_1;
    #####:  693:    l_57:
    #####:  694:    frame_ptr--;
        -:  695:  }
        -:  696:
        -:  697:  /* Line: 310       : IF                 : <REDACTED_LOCAL_PATH>/casos/aws-carddemo-cycle-v1/P3/unified-preflight-v2/evidence-20260915T141454Z/isolated-cycle/aws-carddemo-preparation/research-corpus/app/cbl/CBACT04C.cbl */
    #####:  698:  if (((int)memcmp (b_105, (cob_u8_ptr)"00", 2) == 0))
branch  0 never executed
branch  1 never executed
        -:  699:  {
        -:  700:
        -:  701:    /* Line: 311       : MOVE               : <REDACTED_LOCAL_PATH>/casos/aws-carddemo-cycle-v1/P3/unified-preflight-v2/evidence-20260915T141454Z/isolated-cycle/aws-carddemo-preparation/research-corpus/app/cbl/CBACT04C.cbl */
    #####:  702:    memset (b_118, 0, 4);
        -:  703:  }
        -:  704:  else
        -:  705:  {
        -:  706:    /* ELSE */
        -:  707:
        -:  708:    /* Line: 313       : MOVE               : <REDACTED_LOCAL_PATH>/casos/aws-carddemo-cycle-v1/P3/unified-preflight-v2/evidence-20260915T141454Z/isolated-cycle/aws-carddemo-preparation/research-corpus/app/cbl/CBACT04C.cbl */
        -:  709:    cob_setswp_s32 (b_118, 12);
        -:  710:  }
        -:  711:
        -:  712:  /* Line: 315       : IF                 : <REDACTED_LOCAL_PATH>/casos/aws-carddemo-cycle-v1/P3/unified-preflight-v2/evidence-20260915T141454Z/isolated-cycle/aws-carddemo-preparation/research-corpus/app/cbl/CBACT04C.cbl */
    #####:  713:  if (((int)cob_cmpswp_s32 (b_118, 0LL) == 0))
branch  0 never executed
branch  1 never executed
        -:  714:  {
        -:  715:
        -:  716:    /* Line: 316       : CONTINUE           : <REDACTED_LOCAL_PATH>/casos/aws-carddemo-cycle-v1/P3/unified-preflight-v2/evidence-20260915T141454Z/isolated-cycle/aws-carddemo-preparation/research-corpus/app/cbl/CBACT04C.cbl */
        -:  717:    ;
        -:  718:  }
        -:  719:  else
        -:  720:  {
        -:  721:    /* ELSE */
        -:  722:
        -:  723:    /* Line: 318       : DISPLAY            : <REDACTED_LOCAL_PATH>/casos/aws-carddemo-cycle-v1/P3/unified-preflight-v2/evidence-20260915T141454Z/isolated-cycle/aws-carddemo-preparation/research-corpus/app/cbl/CBACT04C.cbl */
    #####:  724:    cob_display (0, 1, 1, &c_9);
call    0 never executed
        -:  725:
        -:  726:    /* Line: 319       : MOVE               : <REDACTED_LOCAL_PATH>/casos/aws-carddemo-cycle-v1/P3/unified-preflight-v2/evidence-20260915T141454Z/isolated-cycle/aws-carddemo-preparation/research-corpus/app/cbl/CBACT04C.cbl */
    #####:  727:    cob_move_ibm (b_108, b_105, 2);
call    0 never executed
        -:  728:
        -:  729:    /* Line: 320       : PERFORM            : <REDACTED_LOCAL_PATH>/casos/aws-carddemo-cycle-v1/P3/unified-preflight-v2/evidence-20260915T141454Z/isolated-cycle/aws-carddemo-preparation/research-corpus/app/cbl/CBACT04C.cbl */
        -:  730:    /* PERFORM 9910-DISPLAY-IO-STATUS */
    #####:  731:    frame_ptr++;
    #####:  732:    frame_ptr->perform_through = 26;
    #####:  733:    frame_ptr->return_address_ptr = &&l_58;
    #####:  734:    goto l_26;
    #####:  735:    l_58:
    #####:  736:    frame_ptr--;
        -:  737:
        -:  738:    /* Line: 321       : PERFORM            : <REDACTED_LOCAL_PATH>/casos/aws-carddemo-cycle-v1/P3/unified-preflight-v2/evidence-20260915T141454Z/isolated-cycle/aws-carddemo-preparation/research-corpus/app/cbl/CBACT04C.cbl */
        -:  739:    /* PERFORM 9999-ABEND-PROGRAM */
    #####:  740:    frame_ptr++;
    #####:  741:    frame_ptr->perform_through = 25;
    #####:  742:    frame_ptr->return_address_ptr = &&l_59;
    #####:  743:    goto l_25;
    #####:  744:    l_59:
    #####:  745:    frame_ptr--;
        -:  746:  }
        -:  747:
        -:  748:  /* Line: 323       : EXIT               : <REDACTED_LOCAL_PATH>/casos/aws-carddemo-cycle-v1/P3/unified-preflight-v2/evidence-20260915T141454Z/isolated-cycle/aws-carddemo-preparation/research-corpus/app/cbl/CBACT04C.cbl */
        -:  749:
        -:  750:  /* Implicit PERFORM return */
    #####:  751:  for (temp_index = frame_ptr; temp_index->perform_through; temp_index--) {
branch  0 never executed
branch  1 never executed
    #####:  752:    if (temp_index->perform_through == 9) {
branch  0 never executed
branch  1 never executed
    #####:  753:      frame_ptr = temp_index;
    #####:  754:      goto *frame_ptr->return_address_ptr;
        -:  755:    }
        -:  756:  }
        -:  757:
        -:  758:  /* Line: 325       : Paragraph 1000-TCATBALF-GET-NEXT  : <REDACTED_LOCAL_PATH>/casos/aws-carddemo-cycle-v1/P3/unified-preflight-v2/evidence-20260915T141454Z/isolated-cycle/aws-carddemo-preparation/research-corpus/app/cbl/CBACT04C.cbl */
    #####:  759:  l_10:;
        -:  760:
        -:  761:  /* Line: 326       : READ               : <REDACTED_LOCAL_PATH>/casos/aws-carddemo-cycle-v1/P3/unified-preflight-v2/evidence-20260915T141454Z/isolated-cycle/aws-carddemo-preparation/research-corpus/app/cbl/CBACT04C.cbl */
    #####:  762:  cob_read_next (h_TCATBAL_FILE, &f_52, 1);
call    0 never executed
    #####:  763:  if (unlikely(cob_glob_ptr->cob_exception_code != 0))
branch  0 never executed
branch  1 never executed
        -:  764:  {
        -:  765:    /* USE PROCEDURE Default Error Handler */
    #####:  766:    frame_ptr++;
    #####:  767:    frame_ptr->perform_through = 1;
    #####:  768:    frame_ptr->return_address_ptr = &&l_60;
    #####:  769:    goto l_1;
    #####:  770:    l_60:
    #####:  771:    frame_ptr--;
        -:  772:  }
        -:  773:  else
        -:  774:  {
    #####:  775:    cob_move_ibm (b_45, b_23, 50);
call    0 never executed
        -:  776:  }
        -:  777:
        -:  778:  /* Line: 327       : IF                 : <REDACTED_LOCAL_PATH>/casos/aws-carddemo-cycle-v1/P3/unified-preflight-v2/evidence-20260915T141454Z/isolated-cycle/aws-carddemo-preparation/research-corpus/app/cbl/CBACT04C.cbl */
    #####:  779:  if (((int)memcmp (b_52, (cob_u8_ptr)"00", 2) == 0))
branch  0 never executed
branch  1 never executed
        -:  780:  {
        -:  781:
        -:  782:    /* Line: 328       : MOVE               : <REDACTED_LOCAL_PATH>/casos/aws-carddemo-cycle-v1/P3/unified-preflight-v2/evidence-20260915T141454Z/isolated-cycle/aws-carddemo-preparation/research-corpus/app/cbl/CBACT04C.cbl */
    #####:  783:    memset (b_118, 0, 4);
        -:  784:  }
        -:  785:  else
        -:  786:  {
        -:  787:    /* ELSE */
        -:  788:
        -:  789:    /* Line: 330       : IF                 : <REDACTED_LOCAL_PATH>/casos/aws-carddemo-cycle-v1/P3/unified-preflight-v2/evidence-20260915T141454Z/isolated-cycle/aws-carddemo-preparation/research-corpus/app/cbl/CBACT04C.cbl */
    #####:  790:    if (((int)memcmp (b_52, (cob_u8_ptr)"10", 2) == 0))
branch  0 never executed
branch  1 never executed
        -:  791:    {
        -:  792:
        -:  793:      /* Line: 331       : MOVE               : <REDACTED_LOCAL_PATH>/casos/aws-carddemo-cycle-v1/P3/unified-preflight-v2/evidence-20260915T141454Z/isolated-cycle/aws-carddemo-preparation/research-corpus/app/cbl/CBACT04C.cbl */
        -:  794:      cob_setswp_s32 (b_118, 16);
        -:  795:    }
        -:  796:    else
        -:  797:    {
        -:  798:      /* ELSE */
        -:  799:
        -:  800:      /* Line: 333       : MOVE               : <REDACTED_LOCAL_PATH>/casos/aws-carddemo-cycle-v1/P3/unified-preflight-v2/evidence-20260915T141454Z/isolated-cycle/aws-carddemo-preparation/research-corpus/app/cbl/CBACT04C.cbl */
        -:  801:      cob_setswp_s32 (b_118, 12);
        -:  802:    }
        -:  803:  }
        -:  804:
        -:  805:  /* Line: 336       : IF                 : <REDACTED_LOCAL_PATH>/casos/aws-carddemo-cycle-v1/P3/unified-preflight-v2/evidence-20260915T141454Z/isolated-cycle/aws-carddemo-preparation/research-corpus/app/cbl/CBACT04C.cbl */
    #####:  806:  if (((int)cob_cmpswp_s32 (b_118, 0LL) == 0))
branch  0 never executed
branch  1 never executed
        -:  807:  {
        -:  808:
        -:  809:    /* Line: 337       : CONTINUE           : <REDACTED_LOCAL_PATH>/casos/aws-carddemo-cycle-v1/P3/unified-preflight-v2/evidence-20260915T141454Z/isolated-cycle/aws-carddemo-preparation/research-corpus/app/cbl/CBACT04C.cbl */
        -:  810:    ;
        -:  811:  }
        -:  812:  else
        -:  813:  {
        -:  814:    /* ELSE */
        -:  815:
        -:  816:    /* Line: 339       : IF                 : <REDACTED_LOCAL_PATH>/casos/aws-carddemo-cycle-v1/P3/unified-preflight-v2/evidence-20260915T141454Z/isolated-cycle/aws-carddemo-preparation/research-corpus/app/cbl/CBACT04C.cbl */
    #####:  817:    if (((int)cob_cmpswp_s32 (b_118, 16LL) == 0))
branch  0 never executed
branch  1 never executed
        -:  818:    {
        -:  819:
        -:  820:      /* Line: 340       : MOVE               : <REDACTED_LOCAL_PATH>/casos/aws-carddemo-cycle-v1/P3/unified-preflight-v2/evidence-20260915T141454Z/isolated-cycle/aws-carddemo-preparation/research-corpus/app/cbl/CBACT04C.cbl */
    #####:  821:      *(b_121) = 89;
        -:  822:    }
        -:  823:    else
        -:  824:    {
        -:  825:      /* ELSE */
        -:  826:
        -:  827:      /* Line: 342       : DISPLAY            : <REDACTED_LOCAL_PATH>/casos/aws-carddemo-cycle-v1/P3/unified-preflight-v2/evidence-20260915T141454Z/isolated-cycle/aws-carddemo-preparation/research-corpus/app/cbl/CBACT04C.cbl */
    #####:  828:      cob_display (0, 1, 1, &c_10);
call    0 never executed
        -:  829:
        -:  830:      /* Line: 343       : MOVE               : <REDACTED_LOCAL_PATH>/casos/aws-carddemo-cycle-v1/P3/unified-preflight-v2/evidence-20260915T141454Z/isolated-cycle/aws-carddemo-preparation/research-corpus/app/cbl/CBACT04C.cbl */
    #####:  831:      cob_move_ibm (b_108, b_52, 2);
call    0 never executed
        -:  832:
        -:  833:      /* Line: 344       : PERFORM            : <REDACTED_LOCAL_PATH>/casos/aws-carddemo-cycle-v1/P3/unified-preflight-v2/evidence-20260915T141454Z/isolated-cycle/aws-carddemo-preparation/research-corpus/app/cbl/CBACT04C.cbl */
        -:  834:      /* PERFORM 9910-DISPLAY-IO-STATUS */
    #####:  835:      frame_ptr++;
    #####:  836:      frame_ptr->perform_through = 26;
    #####:  837:      frame_ptr->return_address_ptr = &&l_61;
    #####:  838:      goto l_26;
    #####:  839:      l_61:
    #####:  840:      frame_ptr--;
        -:  841:
        -:  842:      /* Line: 345       : PERFORM            : <REDACTED_LOCAL_PATH>/casos/aws-carddemo-cycle-v1/P3/unified-preflight-v2/evidence-20260915T141454Z/isolated-cycle/aws-carddemo-preparation/research-corpus/app/cbl/CBACT04C.cbl */
        -:  843:      /* PERFORM 9999-ABEND-PROGRAM */
    #####:  844:      frame_ptr++;
    #####:  845:      frame_ptr->perform_through = 25;
    #####:  846:      frame_ptr->return_address_ptr = &&l_62;
    #####:  847:      goto l_25;
    #####:  848:      l_62:
    #####:  849:      frame_ptr--;
        -:  850:    }
        -:  851:  }
        -:  852:
        -:  853:  /* Line: 348       : EXIT               : <REDACTED_LOCAL_PATH>/casos/aws-carddemo-cycle-v1/P3/unified-preflight-v2/evidence-20260915T141454Z/isolated-cycle/aws-carddemo-preparation/research-corpus/app/cbl/CBACT04C.cbl */
        -:  854:
        -:  855:  /* Implicit PERFORM return */
    #####:  856:  for (temp_index = frame_ptr; temp_index->perform_through; temp_index--) {
branch  0 never executed
branch  1 never executed
    #####:  857:    if (temp_index->perform_through == 10) {
branch  0 never executed
branch  1 never executed
    #####:  858:      frame_ptr = temp_index;
    #####:  859:      goto *frame_ptr->return_address_ptr;
        -:  860:    }
        -:  861:  }
        -:  862:
        -:  863:  /* Line: 350       : Paragraph 1050-UPDATE-ACCOUNT     : <REDACTED_LOCAL_PATH>/casos/aws-carddemo-cycle-v1/P3/unified-preflight-v2/evidence-20260915T141454Z/isolated-cycle/aws-carddemo-preparation/research-corpus/app/cbl/CBACT04C.cbl */
    #####:  864:  l_11:;
        -:  865:
        -:  866:  /* Line: 352       : ADD                : <REDACTED_LOCAL_PATH>/casos/aws-carddemo-cycle-v1/P3/unified-preflight-v2/evidence-20260915T141454Z/isolated-cycle/aws-carddemo-preparation/research-corpus/app/cbl/CBACT04C.cbl */
    #####:  867:  cob_add (&f_76, &f_152, 0);
call    0 never executed
        -:  868:
        -:  869:  /* Line: 353       : MOVE               : <REDACTED_LOCAL_PATH>/casos/aws-carddemo-cycle-v1/P3/unified-preflight-v2/evidence-20260915T141454Z/isolated-cycle/aws-carddemo-preparation/research-corpus/app/cbl/CBACT04C.cbl */
    #####:  870:  cob_move ((cob_field *)&c_3, &f_82);
call    0 never executed
        -:  871:
        -:  872:  /* Line: 354       : MOVE               : <REDACTED_LOCAL_PATH>/casos/aws-carddemo-cycle-v1/P3/unified-preflight-v2/evidence-20260915T141454Z/isolated-cycle/aws-carddemo-preparation/research-corpus/app/cbl/CBACT04C.cbl */
    #####:  873:  cob_move ((cob_field *)&c_3, &f_83);
call    0 never executed
        -:  874:
        -:  875:  /* Line: 356       : REWRITE            : <REDACTED_LOCAL_PATH>/casos/aws-carddemo-cycle-v1/P3/unified-preflight-v2/evidence-20260915T141454Z/isolated-cycle/aws-carddemo-preparation/research-corpus/app/cbl/CBACT04C.cbl */
    #####:  876:  cob_move_ibm (b_40, b_73, 300);
call    0 never executed
    #####:  877:  cob_rewrite (h_ACCOUNT_FILE, &f_37, 0, &f_87);
call    0 never executed
    #####:  878:  if (unlikely(cob_glob_ptr->cob_exception_code != 0))
branch  0 never executed
branch  1 never executed
        -:  879:  {
        -:  880:    /* USE PROCEDURE Default Error Handler */
    #####:  881:    frame_ptr++;
    #####:  882:    frame_ptr->perform_through = 1;
    #####:  883:    frame_ptr->return_address_ptr = &&l_63;
    #####:  884:    goto l_1;
    #####:  885:    l_63:
    #####:  886:    frame_ptr--;
        -:  887:  }
        -:  888:
        -:  889:  /* Line: 357       : IF                 : <REDACTED_LOCAL_PATH>/casos/aws-carddemo-cycle-v1/P3/unified-preflight-v2/evidence-20260915T141454Z/isolated-cycle/aws-carddemo-preparation/research-corpus/app/cbl/CBACT04C.cbl */
    #####:  890:  if (((int)memcmp (b_87, (cob_u8_ptr)"00", 2) == 0))
branch  0 never executed
branch  1 never executed
        -:  891:  {
        -:  892:
        -:  893:    /* Line: 358       : MOVE               : <REDACTED_LOCAL_PATH>/casos/aws-carddemo-cycle-v1/P3/unified-preflight-v2/evidence-20260915T141454Z/isolated-cycle/aws-carddemo-preparation/research-corpus/app/cbl/CBACT04C.cbl */
    #####:  894:    memset (b_118, 0, 4);
        -:  895:  }
        -:  896:  else
        -:  897:  {
        -:  898:    /* ELSE */
        -:  899:
        -:  900:    /* Line: 360       : MOVE               : <REDACTED_LOCAL_PATH>/casos/aws-carddemo-cycle-v1/P3/unified-preflight-v2/evidence-20260915T141454Z/isolated-cycle/aws-carddemo-preparation/research-corpus/app/cbl/CBACT04C.cbl */
        -:  901:    cob_setswp_s32 (b_118, 12);
        -:  902:  }
        -:  903:
        -:  904:  /* Line: 362       : IF                 : <REDACTED_LOCAL_PATH>/casos/aws-carddemo-cycle-v1/P3/unified-preflight-v2/evidence-20260915T141454Z/isolated-cycle/aws-carddemo-preparation/research-corpus/app/cbl/CBACT04C.cbl */
    #####:  905:  if (((int)cob_cmpswp_s32 (b_118, 0LL) == 0))
branch  0 never executed
branch  1 never executed
        -:  906:  {
        -:  907:
        -:  908:    /* Line: 363       : CONTINUE           : <REDACTED_LOCAL_PATH>/casos/aws-carddemo-cycle-v1/P3/unified-preflight-v2/evidence-20260915T141454Z/isolated-cycle/aws-carddemo-preparation/research-corpus/app/cbl/CBACT04C.cbl */
        -:  909:    ;
        -:  910:  }
        -:  911:  else
        -:  912:  {
        -:  913:    /* ELSE */
        -:  914:
        -:  915:    /* Line: 365       : DISPLAY            : <REDACTED_LOCAL_PATH>/casos/aws-carddemo-cycle-v1/P3/unified-preflight-v2/evidence-20260915T141454Z/isolated-cycle/aws-carddemo-preparation/research-corpus/app/cbl/CBACT04C.cbl */
    #####:  916:    cob_display (0, 1, 1, &c_11);
call    0 never executed
        -:  917:
        -:  918:    /* Line: 366       : MOVE               : <REDACTED_LOCAL_PATH>/casos/aws-carddemo-cycle-v1/P3/unified-preflight-v2/evidence-20260915T141454Z/isolated-cycle/aws-carddemo-preparation/research-corpus/app/cbl/CBACT04C.cbl */
    #####:  919:    cob_move_ibm (b_108, b_87, 2);
call    0 never executed
        -:  920:
        -:  921:    /* Line: 367       : PERFORM            : <REDACTED_LOCAL_PATH>/casos/aws-carddemo-cycle-v1/P3/unified-preflight-v2/evidence-20260915T141454Z/isolated-cycle/aws-carddemo-preparation/research-corpus/app/cbl/CBACT04C.cbl */
        -:  922:    /* PERFORM 9910-DISPLAY-IO-STATUS */
    #####:  923:    frame_ptr++;
    #####:  924:    frame_ptr->perform_through = 26;
    #####:  925:    frame_ptr->return_address_ptr = &&l_64;
    #####:  926:    goto l_26;
    #####:  927:    l_64:
    #####:  928:    frame_ptr--;
        -:  929:
        -:  930:    /* Line: 368       : PERFORM            : <REDACTED_LOCAL_PATH>/casos/aws-carddemo-cycle-v1/P3/unified-preflight-v2/evidence-20260915T141454Z/isolated-cycle/aws-carddemo-preparation/research-corpus/app/cbl/CBACT04C.cbl */
        -:  931:    /* PERFORM 9999-ABEND-PROGRAM */
    #####:  932:    frame_ptr++;
    #####:  933:    frame_ptr->perform_through = 25;
    #####:  934:    frame_ptr->return_address_ptr = &&l_65;
    #####:  935:    goto l_25;
    #####:  936:    l_65:
    #####:  937:    frame_ptr--;
        -:  938:  }
        -:  939:
        -:  940:  /* Line: 370       : EXIT               : <REDACTED_LOCAL_PATH>/casos/aws-carddemo-cycle-v1/P3/unified-preflight-v2/evidence-20260915T141454Z/isolated-cycle/aws-carddemo-preparation/research-corpus/app/cbl/CBACT04C.cbl */
        -:  941:
        -:  942:  /* Implicit PERFORM return */
    #####:  943:  for (temp_index = frame_ptr; temp_index->perform_through; temp_index--) {
branch  0 never executed
branch  1 never executed
    #####:  944:    if (temp_index->perform_through == 11) {
branch  0 never executed
branch  1 never executed
    #####:  945:      frame_ptr = temp_index;
    #####:  946:      goto *frame_ptr->return_address_ptr;
        -:  947:    }
        -:  948:  }
        -:  949:
        -:  950:  /* Line: 372       : Paragraph 1100-GET-ACCT-DATA      : <REDACTED_LOCAL_PATH>/casos/aws-carddemo-cycle-v1/P3/unified-preflight-v2/evidence-20260915T141454Z/isolated-cycle/aws-carddemo-preparation/research-corpus/app/cbl/CBACT04C.cbl */
    #####:  951:  l_12:;
        -:  952:
        -:  953:  /* Line: 373       : READ               : <REDACTED_LOCAL_PATH>/casos/aws-carddemo-cycle-v1/P3/unified-preflight-v2/evidence-20260915T141454Z/isolated-cycle/aws-carddemo-preparation/research-corpus/app/cbl/CBACT04C.cbl */
    #####:  954:  cob_read (h_ACCOUNT_FILE, &f_38, &f_87, 0);
call    0 never executed
    #####:  955:  if (unlikely(cob_glob_ptr->cob_exception_code != 0))
branch  0 never executed
branch  1 never executed
        -:  956:  {
    #####:  957:    if (cob_glob_ptr->cob_exception_code == 0x0506)
branch  0 never executed
branch  1 never executed
        -:  958:    {
        -:  959:
        -:  960:      /* Line: 375       : DISPLAY            : <REDACTED_LOCAL_PATH>/casos/aws-carddemo-cycle-v1/P3/unified-preflight-v2/evidence-20260915T141454Z/isolated-cycle/aws-carddemo-preparation/research-corpus/app/cbl/CBACT04C.cbl */
    #####:  961:      cob_display (0, 1, 2, &c_12, &f_38);
call    0 never executed
        -:  962:    }
        -:  963:    else
        -:  964:    {
        -:  965:      /* USE PROCEDURE Default Error Handler */
    #####:  966:      frame_ptr++;
    #####:  967:      frame_ptr->perform_through = 1;
    #####:  968:      frame_ptr->return_address_ptr = &&l_66;
    #####:  969:      goto l_1;
    #####:  970:      l_66:
    #####:  971:      frame_ptr--;
        -:  972:    }
        -:  973:  }
        -:  974:  else
        -:  975:  {
    #####:  976:    cob_move_ibm (b_73, b_40, 300);
call    0 never executed
        -:  977:  }
        -:  978:
        -:  979:  /* Line: 378       : IF                 : <REDACTED_LOCAL_PATH>/casos/aws-carddemo-cycle-v1/P3/unified-preflight-v2/evidence-20260915T141454Z/isolated-cycle/aws-carddemo-preparation/research-corpus/app/cbl/CBACT04C.cbl */
    #####:  980:  if (((int)memcmp (b_87, (cob_u8_ptr)"00", 2) == 0))
branch  0 never executed
branch  1 never executed
        -:  981:  {
        -:  982:
        -:  983:    /* Line: 379       : MOVE               : <REDACTED_LOCAL_PATH>/casos/aws-carddemo-cycle-v1/P3/unified-preflight-v2/evidence-20260915T141454Z/isolated-cycle/aws-carddemo-preparation/research-corpus/app/cbl/CBACT04C.cbl */
    #####:  984:    memset (b_118, 0, 4);
        -:  985:  }
        -:  986:  else
        -:  987:  {
        -:  988:    /* ELSE */
        -:  989:
        -:  990:    /* Line: 381       : MOVE               : <REDACTED_LOCAL_PATH>/casos/aws-carddemo-cycle-v1/P3/unified-preflight-v2/evidence-20260915T141454Z/isolated-cycle/aws-carddemo-preparation/research-corpus/app/cbl/CBACT04C.cbl */
        -:  991:    cob_setswp_s32 (b_118, 12);
        -:  992:  }
        -:  993:
        -:  994:  /* Line: 383       : IF                 : <REDACTED_LOCAL_PATH>/casos/aws-carddemo-cycle-v1/P3/unified-preflight-v2/evidence-20260915T141454Z/isolated-cycle/aws-carddemo-preparation/research-corpus/app/cbl/CBACT04C.cbl */
    #####:  995:  if (((int)cob_cmpswp_s32 (b_118, 0LL) == 0))
branch  0 never executed
branch  1 never executed
        -:  996:  {
        -:  997:
        -:  998:    /* Line: 384       : CONTINUE           : <REDACTED_LOCAL_PATH>/casos/aws-carddemo-cycle-v1/P3/unified-preflight-v2/evidence-20260915T141454Z/isolated-cycle/aws-carddemo-preparation/research-corpus/app/cbl/CBACT04C.cbl */
        -:  999:    ;
        -: 1000:  }
        -: 1001:  else
        -: 1002:  {
        -: 1003:    /* ELSE */
        -: 1004:
        -: 1005:    /* Line: 386       : DISPLAY            : <REDACTED_LOCAL_PATH>/casos/aws-carddemo-cycle-v1/P3/unified-preflight-v2/evidence-20260915T141454Z/isolated-cycle/aws-carddemo-preparation/research-corpus/app/cbl/CBACT04C.cbl */
    #####: 1006:    cob_display (0, 1, 1, &c_13);
call    0 never executed
        -: 1007:
        -: 1008:    /* Line: 387       : MOVE               : <REDACTED_LOCAL_PATH>/casos/aws-carddemo-cycle-v1/P3/unified-preflight-v2/evidence-20260915T141454Z/isolated-cycle/aws-carddemo-preparation/research-corpus/app/cbl/CBACT04C.cbl */
    #####: 1009:    cob_move_ibm (b_108, b_87, 2);
call    0 never executed
        -: 1010:
        -: 1011:    /* Line: 388       : PERFORM            : <REDACTED_LOCAL_PATH>/casos/aws-carddemo-cycle-v1/P3/unified-preflight-v2/evidence-20260915T141454Z/isolated-cycle/aws-carddemo-preparation/research-corpus/app/cbl/CBACT04C.cbl */
        -: 1012:    /* PERFORM 9910-DISPLAY-IO-STATUS */
    #####: 1013:    frame_ptr++;
    #####: 1014:    frame_ptr->perform_through = 26;
    #####: 1015:    frame_ptr->return_address_ptr = &&l_67;
    #####: 1016:    goto l_26;
    #####: 1017:    l_67:
    #####: 1018:    frame_ptr--;
        -: 1019:
        -: 1020:    /* Line: 389       : PERFORM            : <REDACTED_LOCAL_PATH>/casos/aws-carddemo-cycle-v1/P3/unified-preflight-v2/evidence-20260915T141454Z/isolated-cycle/aws-carddemo-preparation/research-corpus/app/cbl/CBACT04C.cbl */
        -: 1021:    /* PERFORM 9999-ABEND-PROGRAM */
    #####: 1022:    frame_ptr++;
    #####: 1023:    frame_ptr->perform_through = 25;
    #####: 1024:    frame_ptr->return_address_ptr = &&l_68;
    #####: 1025:    goto l_25;
    #####: 1026:    l_68:
    #####: 1027:    frame_ptr--;
        -: 1028:  }
        -: 1029:
        -: 1030:  /* Line: 391       : EXIT               : <REDACTED_LOCAL_PATH>/casos/aws-carddemo-cycle-v1/P3/unified-preflight-v2/evidence-20260915T141454Z/isolated-cycle/aws-carddemo-preparation/research-corpus/app/cbl/CBACT04C.cbl */
        -: 1031:
        -: 1032:  /* Implicit PERFORM return */
    #####: 1033:  for (temp_index = frame_ptr; temp_index->perform_through; temp_index--) {
branch  0 never executed
branch  1 never executed
    #####: 1034:    if (temp_index->perform_through == 12) {
branch  0 never executed
branch  1 never executed
    #####: 1035:      frame_ptr = temp_index;
    #####: 1036:      goto *frame_ptr->return_address_ptr;
        -: 1037:    }
        -: 1038:  }
        -: 1039:
        -: 1040:  /* Line: 393       : Paragraph 1110-GET-XREF-DATA      : <REDACTED_LOCAL_PATH>/casos/aws-carddemo-cycle-v1/P3/unified-preflight-v2/evidence-20260915T141454Z/isolated-cycle/aws-carddemo-preparation/research-corpus/app/cbl/CBACT04C.cbl */
    #####: 1041:  l_13:;
        -: 1042:
        -: 1043:  /* Line: 394       : READ               : <REDACTED_LOCAL_PATH>/casos/aws-carddemo-cycle-v1/P3/unified-preflight-v2/evidence-20260915T141454Z/isolated-cycle/aws-carddemo-preparation/research-corpus/app/cbl/CBACT04C.cbl */
    #####: 1044:  cob_read (h_XREF_FILE, &f_27, &f_60, 0);
call    0 never executed
    #####: 1045:  if (unlikely(cob_glob_ptr->cob_exception_code != 0))
branch  0 never executed
branch  1 never executed
        -: 1046:  {
    #####: 1047:    if (cob_glob_ptr->cob_exception_code == 0x0506)
branch  0 never executed
branch  1 never executed
        -: 1048:    {
        -: 1049:
        -: 1050:      /* Line: 397       : DISPLAY            : <REDACTED_LOCAL_PATH>/casos/aws-carddemo-cycle-v1/P3/unified-preflight-v2/evidence-20260915T141454Z/isolated-cycle/aws-carddemo-preparation/research-corpus/app/cbl/CBACT04C.cbl */
    #####: 1051:      cob_display (0, 1, 2, &c_12, &f_27);
call    0 never executed
        -: 1052:    }
        -: 1053:    else
        -: 1054:    {
        -: 1055:      /* USE PROCEDURE Default Error Handler */
    #####: 1056:      frame_ptr++;
    #####: 1057:      frame_ptr->perform_through = 1;
    #####: 1058:      frame_ptr->return_address_ptr = &&l_69;
    #####: 1059:      goto l_1;
    #####: 1060:      l_69:
    #####: 1061:      frame_ptr--;
        -: 1062:    }
        -: 1063:  }
        -: 1064:  else
        -: 1065:  {
    #####: 1066:    cob_move_ibm (b_55, b_29, 50);
call    0 never executed
        -: 1067:  }
        -: 1068:
        -: 1069:  /* Line: 400       : IF                 : <REDACTED_LOCAL_PATH>/casos/aws-carddemo-cycle-v1/P3/unified-preflight-v2/evidence-20260915T141454Z/isolated-cycle/aws-carddemo-preparation/research-corpus/app/cbl/CBACT04C.cbl */
    #####: 1070:  if (((int)memcmp (b_60, (cob_u8_ptr)"00", 2) == 0))
branch  0 never executed
branch  1 never executed
        -: 1071:  {
        -: 1072:
        -: 1073:    /* Line: 401       : MOVE               : <REDACTED_LOCAL_PATH>/casos/aws-carddemo-cycle-v1/P3/unified-preflight-v2/evidence-20260915T141454Z/isolated-cycle/aws-carddemo-preparation/research-corpus/app/cbl/CBACT04C.cbl */
    #####: 1074:    memset (b_118, 0, 4);
        -: 1075:  }
        -: 1076:  else
        -: 1077:  {
        -: 1078:    /* ELSE */
        -: 1079:
        -: 1080:    /* Line: 403       : MOVE               : <REDACTED_LOCAL_PATH>/casos/aws-carddemo-cycle-v1/P3/unified-preflight-v2/evidence-20260915T141454Z/isolated-cycle/aws-carddemo-preparation/research-corpus/app/cbl/CBACT04C.cbl */
        -: 1081:    cob_setswp_s32 (b_118, 12);
        -: 1082:  }
        -: 1083:
        -: 1084:  /* Line: 405       : IF                 : <REDACTED_LOCAL_PATH>/casos/aws-carddemo-cycle-v1/P3/unified-preflight-v2/evidence-20260915T141454Z/isolated-cycle/aws-carddemo-preparation/research-corpus/app/cbl/CBACT04C.cbl */
    #####: 1085:  if (((int)cob_cmpswp_s32 (b_118, 0LL) == 0))
branch  0 never executed
branch  1 never executed
        -: 1086:  {
        -: 1087:
        -: 1088:    /* Line: 406       : CONTINUE           : <REDACTED_LOCAL_PATH>/casos/aws-carddemo-cycle-v1/P3/unified-preflight-v2/evidence-20260915T141454Z/isolated-cycle/aws-carddemo-preparation/research-corpus/app/cbl/CBACT04C.cbl */
        -: 1089:    ;
        -: 1090:  }
        -: 1091:  else
        -: 1092:  {
        -: 1093:    /* ELSE */
        -: 1094:
        -: 1095:    /* Line: 408       : DISPLAY            : <REDACTED_LOCAL_PATH>/casos/aws-carddemo-cycle-v1/P3/unified-preflight-v2/evidence-20260915T141454Z/isolated-cycle/aws-carddemo-preparation/research-corpus/app/cbl/CBACT04C.cbl */
    #####: 1096:    cob_display (0, 1, 1, &c_14);
call    0 never executed
        -: 1097:
        -: 1098:    /* Line: 409       : MOVE               : <REDACTED_LOCAL_PATH>/casos/aws-carddemo-cycle-v1/P3/unified-preflight-v2/evidence-20260915T141454Z/isolated-cycle/aws-carddemo-preparation/research-corpus/app/cbl/CBACT04C.cbl */
    #####: 1099:    cob_move_ibm (b_108, b_60, 2);
call    0 never executed
        -: 1100:
        -: 1101:    /* Line: 410       : PERFORM            : <REDACTED_LOCAL_PATH>/casos/aws-carddemo-cycle-v1/P3/unified-preflight-v2/evidence-20260915T141454Z/isolated-cycle/aws-carddemo-preparation/research-corpus/app/cbl/CBACT04C.cbl */
        -: 1102:    /* PERFORM 9910-DISPLAY-IO-STATUS */
    #####: 1103:    frame_ptr++;
    #####: 1104:    frame_ptr->perform_through = 26;
    #####: 1105:    frame_ptr->return_address_ptr = &&l_70;
    #####: 1106:    goto l_26;
    #####: 1107:    l_70:
    #####: 1108:    frame_ptr--;
        -: 1109:
        -: 1110:    /* Line: 411       : PERFORM            : <REDACTED_LOCAL_PATH>/casos/aws-carddemo-cycle-v1/P3/unified-preflight-v2/evidence-20260915T141454Z/isolated-cycle/aws-carddemo-preparation/research-corpus/app/cbl/CBACT04C.cbl */
        -: 1111:    /* PERFORM 9999-ABEND-PROGRAM */
    #####: 1112:    frame_ptr++;
    #####: 1113:    frame_ptr->perform_through = 25;
    #####: 1114:    frame_ptr->return_address_ptr = &&l_71;
    #####: 1115:    goto l_25;
    #####: 1116:    l_71:
    #####: 1117:    frame_ptr--;
        -: 1118:  }
        -: 1119:
        -: 1120:  /* Line: 413       : EXIT               : <REDACTED_LOCAL_PATH>/casos/aws-carddemo-cycle-v1/P3/unified-preflight-v2/evidence-20260915T141454Z/isolated-cycle/aws-carddemo-preparation/research-corpus/app/cbl/CBACT04C.cbl */
        -: 1121:
        -: 1122:  /* Implicit PERFORM return */
    #####: 1123:  for (temp_index = frame_ptr; temp_index->perform_through; temp_index--) {
branch  0 never executed
branch  1 never executed
    #####: 1124:    if (temp_index->perform_through == 13) {
branch  0 never executed
branch  1 never executed
    #####: 1125:      frame_ptr = temp_index;
    #####: 1126:      goto *frame_ptr->return_address_ptr;
        -: 1127:    }
        -: 1128:  }
        -: 1129:
        -: 1130:  /* Line: 415       : Paragraph 1200-GET-INTEREST-RATE  : <REDACTED_LOCAL_PATH>/casos/aws-carddemo-cycle-v1/P3/unified-preflight-v2/evidence-20260915T141454Z/isolated-cycle/aws-carddemo-preparation/research-corpus/app/cbl/CBACT04C.cbl */
    #####: 1131:  l_14:;
        -: 1132:
[...]
    #####: 1998:    memset (b_111, 0, 2);
        -: 1999:
        -: 2000:    /* Line: 640       : MOVE               : <REDACTED_LOCAL_PATH>/casos/aws-carddemo-cycle-v1/P3/unified-preflight-v2/evidence-20260915T141454Z/isolated-cycle/aws-carddemo-preparation/research-corpus/app/cbl/CBACT04C.cbl */
    #####: 2001:    *(b_111 + 1) = *(b_108 + 1);
        -: 2002:
        -: 2003:    /* Line: 641       : MOVE               : <REDACTED_LOCAL_PATH>/casos/aws-carddemo-cycle-v1/P3/unified-preflight-v2/evidence-20260915T141454Z/isolated-cycle/aws-carddemo-preparation/research-corpus/app/cbl/CBACT04C.cbl */
    #####: 2004:    cob_move (&f_111, &f_117);
call    0 never executed
        -: 2005:
        -: 2006:    /* Line: 642       : DISPLAY            : <REDACTED_LOCAL_PATH>/casos/aws-carddemo-cycle-v1/P3/unified-preflight-v2/evidence-20260915T141454Z/isolated-cycle/aws-carddemo-preparation/research-corpus/app/cbl/CBACT04C.cbl */
    #####: 2007:    cob_display (0, 1, 2, &c_27, &f_115);
call    0 never executed
        -: 2008:  }
        -: 2009:  else
        -: 2010:  {
        -: 2011:    /* ELSE */
        -: 2012:
        -: 2013:    /* Line: 644       : MOVE               : <REDACTED_LOCAL_PATH>/casos/aws-carddemo-cycle-v1/P3/unified-preflight-v2/evidence-20260915T141454Z/isolated-cycle/aws-carddemo-preparation/research-corpus/app/cbl/CBACT04C.cbl */
    #####: 2014:    memset (b_115, 48, 4);
        -: 2015:
        -: 2016:    /* Line: 645       : MOVE               : <REDACTED_LOCAL_PATH>/casos/aws-carddemo-cycle-v1/P3/unified-preflight-v2/evidence-20260915T141454Z/isolated-cycle/aws-carddemo-preparation/research-corpus/app/cbl/CBACT04C.cbl */
    #####: 2017:    cob_move_ibm (b_115 + 2LL, b_108, 2);
call    0 never executed
        -: 2018:
        -: 2019:    /* Line: 646       : DISPLAY            : <REDACTED_LOCAL_PATH>/casos/aws-carddemo-cycle-v1/P3/unified-preflight-v2/evidence-20260915T141454Z/isolated-cycle/aws-carddemo-preparation/research-corpus/app/cbl/CBACT04C.cbl */
    #####: 2020:    cob_display (0, 1, 2, &c_27, &f_115);
call    0 never executed
        -: 2021:  }
        -: 2022:
        -: 2023:  /* Line: 648       : EXIT               : <REDACTED_LOCAL_PATH>/casos/aws-carddemo-cycle-v1/P3/unified-preflight-v2/evidence-20260915T141454Z/isolated-cycle/aws-carddemo-preparation/research-corpus/app/cbl/CBACT04C.cbl */
        -: 2024:
        -: 2025:  /* Implicit PERFORM return */
    #####: 2026:  for (temp_index = frame_ptr; temp_index->perform_through; temp_index--) {
branch  0 never executed
branch  1 never executed
    #####: 2027:    if (temp_index->perform_through == 26) {
branch  0 never executed
branch  1 never executed
    #####: 2028:      frame_ptr = temp_index;
    #####: 2029:      goto *frame_ptr->return_address_ptr;
        -: 2030:    }
        -: 2031:  }
        -: 2032:
        -: 2033:  /* Program exit */
        -: 2034:
    #####: 2035:  exit_program:
        -: 2036:
        -: 2037:  /* Decrement module active count */
    #####: 2038:  if (module->module_active) {
branch  0 never executed
branch  1 never executed
    #####: 2039:  	module->module_active--;
        -: 2040:  }
        -: 2041:
        -: 2042:  /* Pop module stack */
    #####: 2043:  cob_module_leave (module);
call    0 never executed
        -: 2044:
        -: 2045:  /* Program return */
    #####: 2046:  return b_2;
        -: 2047:
        -: 2048:
        -: 2049:  /* Line: 0         : Paragraph Default Error Handler   : <REDACTED_LOCAL_PATH>/casos/aws-carddemo-cycle-v1/P3/unified-preflight-v2/evidence-20260915T141454Z/isolated-cycle/aws-carddemo-preparation/research-corpus/app/cbl/CBACT04C.cbl */
    #####: 2050:  l_1:;
        -: 2051:
    #####: 2052:  if (!(cob_glob_ptr->cob_error_file->flag_select_features & COB_SELECT_FILE_STATUS))
branch  0 never executed
branch  1 never executed
    #####: 2053:  	cob_fatal_error (COB_FERROR_FILE);
call    0 never executed
        -: 2054:
        -: 2055:  /* Implicit Default Error Handler return */
    #####: 2056:  for (temp_index = frame_ptr; temp_index->perform_through; temp_index--) {
branch  0 never executed
branch  1 never executed
    #####: 2057:    if (temp_index->perform_through == 1) {
branch  0 never executed
branch  1 never executed
    #####: 2058:      frame_ptr = temp_index;
    #####: 2059:      goto *frame_ptr->return_address_ptr;
        -: 2060:    }
        -: 2061:  }
        -: 2062:
        -: 2063:  /* Fatal error if reached */
    #####: 2064:  cob_fatal_error (COB_FERROR_CODEGEN);
call    0 never executed
        -: 2065:
    #####: 2066:  P_cgerror:
    #####: 2067:  	cob_fatal_error (COB_FERROR_CODEGEN);
call    0 never executed
        -: 2068:
        -: 2069:
        -: 2070:  /* Program initialization */
    #####: 2071:  P_initialize:
        -: 2072:
    #####: 2073:  CBACT04C_module_init (module);
call    0 never executed
        -: 2074:
    #####: 2075:  module->collating_sequence = NULL;
    #####: 2076:  module->crt_status = NULL;
    #####: 2077:  module->cursor_pos = NULL;
    #####: 2078:  module->xml_code = NULL;
    #####: 2079:  module->xml_event = NULL;
    #####: 2080:  module->xml_information = NULL;
    #####: 2081:  module->xml_namespace = NULL;
    #####: 2082:  module->xml_namespace_prefix = NULL;
    #####: 2083:  module->xml_nnamespace = NULL;
    #####: 2084:  module->xml_nnamespace_prefix = NULL;
    #####: 2085:  module->xml_ntext = NULL;
    #####: 2086:  module->xml_text = NULL;
    #####: 2087:  module->json_code = NULL;
    #####: 2088:  module->json_status = NULL;
        -: 2089:
        -: 2090:  /* Initialize cancel callback */
    #####: 2091:  cob_set_cancel (module);
call    0 never executed
        -: 2092:
        -: 2093:  /* Initialize WORKING-STORAGE, Default byte: 0x00 */
        -: 2094:  /* initialize field RETURN-CODE */
    #####: 2095:  b_2 = 0;
        -: 2096:
        -: 2097:  /* initialize field TRAN-CAT-BAL-RECORD */
    #####: 2098:  memset (b_45, 0x0, 50);
        -: 2099:
        -: 2100:  /* initialize field TCATBALF-STATUS */
    #####: 2101:  memset (b_52, 0x0, 2);
        -: 2102:
        -: 2103:  /* initialize field CARD-XREF-RECORD */
    #####: 2104:  memset (b_55, 0x0, 50);
        -: 2105:
        -: 2106:  /* initialize field XREFFILE-STATUS */
    #####: 2107:  memset (b_60, 0x0, 2);
        -: 2108:
        -: 2109:  /* initialize field DIS-GROUP-RECORD */
    #####: 2110:  memset (b_63, 0x0, 50);
        -: 2111:
        -: 2112:  /* initialize field DISCGRP-STATUS */
    #####: 2113:  memset (b_70, 0x0, 2);
        -: 2114:
        -: 2115:  /* initialize field ACCOUNT-RECORD */
    #####: 2116:  memset (b_73, 0x0, 300);
        -: 2117:
        -: 2118:  /* initialize field ACCTFILE-STATUS */
    #####: 2119:  memset (b_87, 0x0, 2);
        -: 2120:
        -: 2121:  /* initialize field TRAN-RECORD */
    #####: 2122:  memset (b_90, 0x0, 350);
        -: 2123:
        -: 2124:  /* initialize field TRANFILE-STATUS */
    #####: 2125:  memset (b_105, 0x0, 2);
        -: 2126:
        -: 2127:  /* initialize field IO-STATUS */
    #####: 2128:  memset (b_108, 0x0, 2);
        -: 2129:
        -: 2130:  /* initialize field TWO-BYTES-BINARY */
    #####: 2131:  memset (b_111, 0x0, 2);
        -: 2132:
        -: 2133:
        -: 2134:  /* initialize field IO-STATUS-0401 */
    #####: 2135:  *(b_115) = 48;
        -: 2136:  /* initialize field IO-STATUS-0403 */
    #####: 2137:  memset (b_115 + 1, 48, 3);
        -: 2138:
        -: 2139:  /* initialize field APPL-RESULT */
    #####: 2140:  memset (b_118, 0x0, 4);
        -: 2141:
        -: 2142:  /* initialize field END-OF-FILE */
    #####: 2143:  *(cob_u8_ptr)(b_121) = (unsigned char)'N';
        -: 2144:
        -: 2145:  /* initialize field ABCODE */
    #####: 2146:  memset (b_122, 0x0, 4);
        -: 2147:
        -: 2148:  /* initialize field TIMING */
    #####: 2149:  memset (b_123, 0x0, 4);
        -: 2150:
        -: 2151:  /* initialize field COBOL-TS */
    #####: 2152:  memset (b_124, 0x0, 21);
        -: 2153:
        -: 2154:  /* initialize field DB2-FORMAT-TS */
    #####: 2155:  memset (b_133, 0x0, 26);
        -: 2156:
        -: 2157:
        -: 2158:  /* initialize field WS-LAST-ACCT-NUM */
    #####: 2159:  memset (b_149, 32, 11);
        -: 2160:  /* initialize field WS-MONTHLY-INT */
    #####: 2161:  memset (b_149 + 11, 0x0, 22);
        -: 2162:  /* initialize field WS-FIRST-TIME */
    #####: 2163:  *(cob_u8_ptr)(b_149 + 33) = (unsigned char)'Y';
        -: 2164:
        -: 2165:  /* initialize field WS-RECORD-COUNT */
    #####: 2166:  memset (b_154, 48, 9);
        -: 2167:  /* initialize field WS-TRANID-SUFFIX */
    #####: 2168:  memset (b_154 + 9, 48, 6);
        -: 2169:
        -: 2170:
        -: 2171:  /* File initialization for TCATBAL-FILE */
    #####: 2172:  cob_file_malloc (&h_TCATBAL_FILE, &k_TCATBAL_FILE, 1, 0);
call    0 never executed
    #####: 2173:  k_TCATBAL_FILE->field = &f_18;
    #####: 2174:  k_TCATBAL_FILE->tf_duplicates = 0;
    #####: 2175:  k_TCATBAL_FILE->offset = 0;
    #####: 2176:  h_TCATBAL_FILE->select_name = (const char *)"TCATBAL-FILE";
    #####: 2177:  h_TCATBAL_FILE->file_status = h_TCATBAL_FILE_status;
    #####: 2178:  memset (h_TCATBAL_FILE_status, '0', 2);
    #####: 2179:  h_TCATBAL_FILE->assign = (cob_field *)&c_28;
    #####: 2180:  h_TCATBAL_FILE->record = &f_23;
    #####: 2181:  h_TCATBAL_FILE->variable_record = NULL;
    #####: 2182:  h_TCATBAL_FILE->record_min = 50;
    #####: 2183:  h_TCATBAL_FILE->record_max = 50;
    #####: 2184:  h_TCATBAL_FILE->file = NULL;
    #####: 2185:  h_TCATBAL_FILE->organization = 3;
    #####: 2186:  h_TCATBAL_FILE->access_mode = 1;
    #####: 2187:  h_TCATBAL_FILE->lock_mode = 0;
    #####: 2188:  h_TCATBAL_FILE->open_mode = 0;
    #####: 2189:  h_TCATBAL_FILE->flag_optional = 0;
    #####: 2190:  h_TCATBAL_FILE->flag_line_adv = 0;
    #####: 2191:  h_TCATBAL_FILE->flag_select_features = 1;
        -: 2192:
        -: 2193:  /* File initialization for XREF-FILE */
    #####: 2194:  cob_file_malloc (&h_XREF_FILE, &k_XREF_FILE, 2, 0);
call    0 never executed
    #####: 2195:  k_XREF_FILE->field = &f_25;
    #####: 2196:  k_XREF_FILE->tf_duplicates = 0;
    #####: 2197:  k_XREF_FILE->offset = 0;
    #####: 2198:  (k_XREF_FILE + 1)->field = &f_27;
    #####: 2199:  (k_XREF_FILE + 1)->tf_duplicates = 0;
    #####: 2200:  (k_XREF_FILE + 1)->tf_suppress = 0;
    #####: 2201:  (k_XREF_FILE + 1)->char_suppress = 0;
    #####: 2202:  (k_XREF_FILE + 1)->offset = 25;
    #####: 2203:  h_XREF_FILE->select_name = (const char *)"XREF-FILE";
    #####: 2204:  h_XREF_FILE->file_status = h_XREF_FILE_status;
    #####: 2205:  memset (h_XREF_FILE_status, '0', 2);
    #####: 2206:  h_XREF_FILE->assign = (cob_field *)&c_29;
    #####: 2207:  h_XREF_FILE->record = &f_29;
    #####: 2208:  h_XREF_FILE->variable_record = NULL;
    #####: 2209:  h_XREF_FILE->record_min = 50;
    #####: 2210:  h_XREF_FILE->record_max = 50;
    #####: 2211:  h_XREF_FILE->file = NULL;
    #####: 2212:  h_XREF_FILE->organization = 3;
    #####: 2213:  h_XREF_FILE->access_mode = 3;
    #####: 2214:  h_XREF_FILE->lock_mode = 0;
    #####: 2215:  h_XREF_FILE->open_mode = 0;
    #####: 2216:  h_XREF_FILE->flag_optional = 0;
    #####: 2217:  h_XREF_FILE->flag_line_adv = 0;
    #####: 2218:  h_XREF_FILE->flag_select_features = 1;
        -: 2219:
        -: 2220:  /* File initialization for ACCOUNT-FILE */
    #####: 2221:  cob_file_malloc (&h_ACCOUNT_FILE, &k_ACCOUNT_FILE, 1, 0);
call    0 never executed
    #####: 2222:  k_ACCOUNT_FILE->field = &f_38;
    #####: 2223:  k_ACCOUNT_FILE->tf_duplicates = 0;
    #####: 2224:  k_ACCOUNT_FILE->offset = 0;
    #####: 2225:  h_ACCOUNT_FILE->select_name = (const char *)"ACCOUNT-FILE";
    #####: 2226:  h_ACCOUNT_FILE->file_status = h_ACCOUNT_FILE_status;
    #####: 2227:  memset (h_ACCOUNT_FILE_status, '0', 2);
    #####: 2228:  h_ACCOUNT_FILE->assign = (cob_field *)&c_30;
    #####: 2229:  h_ACCOUNT_FILE->record = &f_40;
    #####: 2230:  h_ACCOUNT_FILE->variable_record = NULL;
    #####: 2231:  h_ACCOUNT_FILE->record_min = 300;
    #####: 2232:  h_ACCOUNT_FILE->record_max = 300;
    #####: 2233:  h_ACCOUNT_FILE->file = NULL;
    #####: 2234:  h_ACCOUNT_FILE->organization = 3;
    #####: 2235:  h_ACCOUNT_FILE->access_mode = 3;
    #####: 2236:  h_ACCOUNT_FILE->lock_mode = 0;
    #####: 2237:  h_ACCOUNT_FILE->open_mode = 0;
    #####: 2238:  h_ACCOUNT_FILE->flag_optional = 0;
    #####: 2239:  h_ACCOUNT_FILE->flag_line_adv = 0;
    #####: 2240:  h_ACCOUNT_FILE->flag_select_features = 1;
        -: 2241:
        -: 2242:  /* File initialization for DISCGRP-FILE */
    #####: 2243:  cob_file_malloc (&h_DISCGRP_FILE, &k_DISCGRP_FILE, 1, 0);
call    0 never executed
    #####: 2244:  k_DISCGRP_FILE->field = &f_31;
    #####: 2245:  k_DISCGRP_FILE->tf_duplicates = 0;
    #####: 2246:  k_DISCGRP_FILE->offset = 0;
    #####: 2247:  h_DISCGRP_FILE->select_name = (const char *)"DISCGRP-FILE";
    #####: 2248:  h_DISCGRP_FILE->file_status = h_DISCGRP_FILE_status;
    #####: 2249:  memset (h_DISCGRP_FILE_status, '0', 2);
    #####: 2250:  h_DISCGRP_FILE->assign = (cob_field *)&c_31;
    #####: 2251:  h_DISCGRP_FILE->record = &f_36;
    #####: 2252:  h_DISCGRP_FILE->variable_record = NULL;
    #####: 2253:  h_DISCGRP_FILE->record_min = 50;
    #####: 2254:  h_DISCGRP_FILE->record_max = 50;
    #####: 2255:  h_DISCGRP_FILE->file = NULL;
    #####: 2256:  h_DISCGRP_FILE->organization = 3;
    #####: 2257:  h_DISCGRP_FILE->access_mode = 3;
    #####: 2258:  h_DISCGRP_FILE->lock_mode = 0;
    #####: 2259:  h_DISCGRP_FILE->open_mode = 0;
    #####: 2260:  h_DISCGRP_FILE->flag_optional = 0;
    #####: 2261:  h_DISCGRP_FILE->flag_line_adv = 0;
    #####: 2262:  h_DISCGRP_FILE->flag_select_features = 1;
        -: 2263:
        -: 2264:  /* File initialization for TRANSACT-FILE */
    #####: 2265:  cob_file_malloc (&h_TRANSACT_FILE, NULL, 0, 0);
call    0 never executed
    #####: 2266:  h_TRANSACT_FILE->select_name = (const char *)"TRANSACT-FILE";
    #####: 2267:  h_TRANSACT_FILE->file_status = h_TRANSACT_FILE_status;
    #####: 2268:  memset (h_TRANSACT_FILE_status, '0', 2);
    #####: 2269:  h_TRANSACT_FILE->assign = (cob_field *)&c_32;
    #####: 2270:  h_TRANSACT_FILE->record = &f_44;
    #####: 2271:  h_TRANSACT_FILE->variable_record = NULL;
    #####: 2272:  h_TRANSACT_FILE->record_min = 350;
    #####: 2273:  h_TRANSACT_FILE->record_max = 350;
    #####: 2274:  h_TRANSACT_FILE->file = NULL;
    #####: 2275:  h_TRANSACT_FILE->organization = 0;
    #####: 2276:  h_TRANSACT_FILE->access_mode = 1;
    #####: 2277:  h_TRANSACT_FILE->lock_mode = 0;
    #####: 2278:  h_TRANSACT_FILE->open_mode = 0;
    #####: 2279:  h_TRANSACT_FILE->flag_optional = 0;
    #####: 2280:  h_TRANSACT_FILE->flag_line_adv = 0;
    #####: 2281:  h_TRANSACT_FILE->flag_select_features = 1;
        -: 2282:
        -: 2283:  /* Set Decimal Constant values */
    #####: 2284:  dc_1 = &kc_1;
    #####: 2285:  cob_decimal_init (dc_1);
call    0 never executed
    #####: 2286:  cob_decimal_set_field (dc_1, (cob_field *)&c_1);
call    0 never executed
        -: 2287:
        -: 2288:
        -: 2289:  if (0 == 1) goto P_cgerror;
    #####: 2290:  initialized = 1;
    #####: 2291:  goto P_ret_initialize;
        -: 2292:
    #####: 2293:  P_dump:
    #####: 2294:    return 0;
        -: 2295:
        -: 2296:
        -: 2297:  /* CANCEL callback handling */
    #####: 2298:  P_cancel:
        -: 2299:
    #####: 2300:  if (!initialized)
branch  0 never executed
branch  1 never executed
    #####: 2301:  	return 0;
    #####: 2302:  if (module && module->module_active)
branch  0 never executed
branch  1 never executed
branch  2 never executed
branch  3 never executed
    #####: 2303:  	cob_fatal_error (COB_FERROR_CANCEL);
call    0 never executed
        -: 2304:
    #####: 2305:  if (h_TCATBAL_FILE->open_mode != COB_OPEN_CLOSED)
branch  0 never executed
branch  1 never executed
    #####: 2306:  	cob_close (h_TCATBAL_FILE, NULL, COB_CLOSE_NORMAL, 1);
call    0 never executed
    #####: 2307:  cob_file_free (&h_TCATBAL_FILE,&k_TCATBAL_FILE);
call    0 never executed
    #####: 2308:  if (h_XREF_FILE->open_mode != COB_OPEN_CLOSED)
branch  0 never executed
branch  1 never executed
    #####: 2309:  	cob_close (h_XREF_FILE, NULL, COB_CLOSE_NORMAL, 1);
call    0 never executed
    #####: 2310:  cob_file_free (&h_XREF_FILE,&k_XREF_FILE);
call    0 never executed
    #####: 2311:  if (h_ACCOUNT_FILE->open_mode != COB_OPEN_CLOSED)
branch  0 never executed
branch  1 never executed
    #####: 2312:  	cob_close (h_ACCOUNT_FILE, NULL, COB_CLOSE_NORMAL, 1);
call    0 never executed
    #####: 2313:  cob_file_free (&h_ACCOUNT_FILE,&k_ACCOUNT_FILE);
call    0 never executed
    #####: 2314:  if (h_DISCGRP_FILE->open_mode != COB_OPEN_CLOSED)
branch  0 never executed
branch  1 never executed
    #####: 2315:  	cob_close (h_DISCGRP_FILE, NULL, COB_CLOSE_NORMAL, 1);
call    0 never executed
    #####: 2316:  cob_file_free (&h_DISCGRP_FILE,&k_DISCGRP_FILE);
call    0 never executed
    #####: 2317:  if (h_TRANSACT_FILE->open_mode != COB_OPEN_CLOSED)
branch  0 never executed
branch  1 never executed
    #####: 2318:  	cob_close (h_TRANSACT_FILE, NULL, COB_CLOSE_NORMAL, 1);
call    0 never executed
    #####: 2319:  cob_file_free (&h_TRANSACT_FILE,NULL);
call    0 never executed
    #####: 2320:  call_CEE3ABD.funcvoid = NULL;
    #####: 2321:  cob_parm_157 = NULL;
    #####: 2322:  b_2 = 0;
    #####: 2323:  cob_module_free (&module);
call    0 never executed
        -: 2324:
    #####: 2325:  initialized = 0;
        -: 2326:
    #####: 2327:  P_clear_decimal:
        -: 2328:  /* Clear Decimal Constant values */
    #####: 2329:  cob_decimal_clear (dc_1);
call    0 never executed
    #####: 2330:  dc_1 = NULL;
        -: 2331:
    #####: 2332:  return 0;
        -: 2333:
        -: 2334:}
        -: 2335:
        -: 2336:/* End PROGRAM-ID 'CBACT04C' */
        -: 2337:
        -: 2338:/* Initialize module structure for CBACT04C */
function CBACT04C_module_init called 0 returned 0% blocks executed 0%
    #####: 2339:static void CBACT04C_module_init (cob_module *module)
        -: 2340:{
    #####: 2341:  module->module_name = "CBACT04C";
    #####: 2342:  module->module_formatted_date = COB_MODULE_FORMATTED_DATE;
    #####: 2343:  module->module_source = COB_SOURCE_FILE;
    #####: 2344:  module->gc_version = COB_PACKAGE_VERSION;
    #####: 2345:  module->module_entry.funcptr = (void *(*)())CBACT04C;
    #####: 2346:  module->module_cancel.funcptr = (void *(*)())CBACT04C_;
    #####: 2347:  module->module_ref_count = NULL;
    #####: 2348:  module->module_path = &cob_module_path;
    #####: 2349:  module->module_active = 0;
    #####: 2350:  module->module_date = COB_MODULE_DATE;
    #####: 2351:  module->module_time = COB_MODULE_TIME;
    #####: 2352:  module->module_type = 0;
    #####: 2353:  module->module_param_cnt = 1;
    #####: 2354:  module->ebcdic_sign = 0;
    #####: 2355:  module->decimal_point = '.';
    #####: 2356:  module->currency_symbol = '$';
    #####: 2357:  module->numeric_separator = ',';
    #####: 2358:  module->flag_filename_mapping = 1;
    #####: 2359:  module->flag_binary_truncate = 0;
    #####: 2360:  module->flag_pretty_display = 0;
    #####: 2361:  module->flag_host_sign = 1;
    #####: 2362:  module->flag_no_phys_canc = 0;
    #####: 2363:  module->flag_main = 0;
    #####: 2364:  module->flag_fold_call = 0;
    #####: 2365:  module->flag_exit_program = 0;
    #####: 2366:  module->flag_debug_trace = 0;
    #####: 2367:  module->flag_dump_ready = 0;
    #####: 2368:  module->xml_mode = 1;
    #####: 2369:  module->module_stmt = 0;
    #####: 2370:  module->module_sources = NULL;
    #####: 2371:}
        -: 2372:
        -: 2373:/* End functions */
        -: 2374:
